-- The C compiler identification is GNU 11.4.0
-- The CXX compiler identification is GNU 11.4.0
-- Detecting C compiler ABI info
-- Detecting C compiler ABI info - done
-- Check for working C compiler: /usr/bin/cc - skipped
-- Detecting C compile features
-- Detecting C compile features - done
-- Detecting CXX compiler ABI info
-- Detecting CXX compiler ABI info - done
-- Check for working CXX compiler: /usr/bin/c++ - skipped
-- Detecting CXX compile features
-- Detecting CXX compile features - done
-- Found ament_cmake: 1.3.5 (/opt/ros/humble/share/ament_cmake/cmake)
-- Found Python3: /usr/bin/python3.10 (found version "3.10.12") found components: Interpreter 
-- Found rclcpp: 16.0.6 (/opt/ros/humble/share/rclcpp/cmake)
-- Found rosidl_generator_c: 3.1.5 (/opt/ros/humble/share/rosidl_generator_c/cmake)
-- Found rosidl_adapter: 3.1.5 (/opt/ros/humble/share/rosidl_adapter/cmake)
-- Found rosidl_generator_cpp: 3.1.5 (/opt/ros/humble/share/rosidl_generator_cpp/cmake)
-- Using all available rosidl_typesupport_c: rosidl_typesupport_fastrtps_c;rosidl_typesupport_introspection_c
-- Using all available rosidl_typesupport_cpp: rosidl_typesupport_fastrtps_cpp;rosidl_typesupport_introspection_cpp
-- Found rmw_implementation_cmake: 6.1.1 (/opt/ros/humble/share/rmw_implementation_cmake/cmake)
-- Found rmw_fastrtps_cpp: 6.2.4 (/opt/ros/humble/share/rmw_fastrtps_cpp/cmake)
-- Found OpenSSL: /usr/lib/x86_64-linux-gnu/libcrypto.so (found version "3.0.2")  
-- Found FastRTPS: /opt/ros/humble/include  
-- Using RMW implementation 'rmw_fastrtps_cpp' as default
-- Looking for pthread.h
-- Looking for pthread.h - found
-- Performing Test CMAKE_HAVE_LIBC_PTHREAD
-- Performing Test CMAKE_HAVE_LIBC_PTHREAD - Success
-- Found Threads: TRUE  
-- Found nav_msgs: 4.2.3 (/opt/ros/humble/share/nav_msgs/cmake)
-- Configuring done
-- Generating done
-- Build files have been written to: /home/umarv/ws/src/nav_stack/build/cv-integration
[ 50%] [32mBuilding CXX object CMakeFiles/cv-integration.dir/grid_generator.cpp.o[0m
[100%] [32m[1mLinking CXX executable cv-integration[0m
[100%] Built target cv-integration
-- Install configuration: ""
-- Installing: /home/umarv/ws/src/nav_stack/install/cv-integration/lib/cv-integration/cv-integration
-- Set runtime path of "/home/umarv/ws/src/nav_stack/install/cv-integration/lib/cv-integration/cv-integration" to ""
-- Installing: /home/umarv/ws/src/nav_stack/install/cv-integration/share/ament_index/resource_index/package_run_dependencies/cv-integration
-- Installing: /home/umarv/ws/src/nav_stack/install/cv-integration/share/ament_index/resource_index/parent_prefix_path/cv-integration
-- Installing: /home/umarv/ws/src/nav_stack/install/cv-integration/share/cv-integration/environment/ament_prefix_path.sh
-- Installing: /home/umarv/ws/src/nav_stack/install/cv-integration/share/cv-integration/environment/ament_prefix_path.dsv
-- Installing: /home/umarv/ws/src/nav_stack/install/cv-integration/share/cv-integration/environment/path.sh
-- Installing: /home/umarv/ws/src/nav_stack/install/cv-integration/share/cv-integration/environment/path.dsv
-- Installing: /home/umarv/ws/src/nav_stack/install/cv-integration/share/cv-integration/local_setup.bash
-- Installing: /home/umarv/ws/src/nav_stack/install/cv-integration/share/cv-integration/local_setup.sh
-- Installing: /home/umarv/ws/src/nav_stack/install/cv-integration/share/cv-integration/local_setup.zsh
-- Installing: /home/umarv/ws/src/nav_stack/install/cv-integration/share/cv-integration/local_setup.dsv
-- Installing: /home/umarv/ws/src/nav_stack/install/cv-integration/share/cv-integration/package.dsv
-- Installing: /home/umarv/ws/src/nav_stack/install/cv-integration/share/ament_index/resource_index/packages/cv-integration
-- Installing: /home/umarv/ws/src/nav_stack/install/cv-integration/share/cv-integration/cmake/cv-integrationConfig.cmake
-- Installing: /home/umarv/ws/src/nav_stack/install/cv-integration/share/cv-integration/cmake/cv-integrationConfig-version.cmake
-- Installing: /home/umarv/ws/src/nav_stack/install/cv-integration/share/cv-integration/package.xml
