[0.087s] Invoking command in '/home/umarv/ws/src/nav_stack/build/cv-integration': CMAKE_PREFIX_PATH=/opt/ros/humble /usr/bin/cmake /home/umarv/ws/src/nav_stack -DCMAKE_INSTALL_PREFIX=/home/umarv/ws/src/nav_stack/install/cv-integration
[0.564s] -- The C compiler identification is GNU 11.4.0
[0.804s] -- The CXX compiler identification is GNU 11.4.0
[0.838s] -- Detecting C compiler ABI info
[0.975s] -- Detecting C compiler ABI info - done
[0.986s] -- Check for working C compiler: /usr/bin/cc - skipped
[0.987s] -- Detecting C compile features
[0.989s] -- Detecting C compile features - done
[0.996s] -- Detecting CXX compiler ABI info
[1.105s] -- Detecting CXX compiler ABI info - done
[1.114s] -- Check for working CXX compiler: /usr/bin/c++ - skipped
[1.114s] -- Detecting CXX compile features
[1.115s] -- Detecting CXX compile features - done
[1.167s] -- Found ament_cmake: 1.3.5 (/opt/ros/humble/share/ament_cmake/cmake)
[1.480s] -- Found Python3: /usr/bin/python3.10 (found version "3.10.12") found components: Interpreter 
[1.726s] -- Found rclcpp: 16.0.6 (/opt/ros/humble/share/rclcpp/cmake)
[1.923s] -- Found rosidl_generator_c: 3.1.5 (/opt/ros/humble/share/rosidl_generator_c/cmake)
[1.950s] -- Found rosidl_adapter: 3.1.5 (/opt/ros/humble/share/rosidl_adapter/cmake)
[1.977s] -- Found rosidl_generator_cpp: 3.1.5 (/opt/ros/humble/share/rosidl_generator_cpp/cmake)
[2.027s] -- Using all available rosidl_typesupport_c: rosidl_typesupport_fastrtps_c;rosidl_typesupport_introspection_c
[2.091s] -- Using all available rosidl_typesupport_cpp: rosidl_typesupport_fastrtps_cpp;rosidl_typesupport_introspection_cpp
[2.271s] -- Found rmw_implementation_cmake: 6.1.1 (/opt/ros/humble/share/rmw_implementation_cmake/cmake)
[2.281s] -- Found rmw_fastrtps_cpp: 6.2.4 (/opt/ros/humble/share/rmw_fastrtps_cpp/cmake)
[2.518s] -- Found OpenSSL: /usr/lib/x86_64-linux-gnu/libcrypto.so (found version "3.0.2")  
[2.569s] -- Found FastRTPS: /opt/ros/humble/include  
[2.659s] -- Using RMW implementation 'rmw_fastrtps_cpp' as default
[2.715s] -- Looking for pthread.h
[2.896s] -- Looking for pthread.h - found
[2.897s] -- Performing Test CMAKE_HAVE_LIBC_PTHREAD
[3.010s] -- Performing Test CMAKE_HAVE_LIBC_PTHREAD - Success
[3.011s] -- Found Threads: TRUE  
[3.502s] -- Found nav_msgs: 4.2.3 (/opt/ros/humble/share/nav_msgs/cmake)
[3.800s] -- Configuring done
[4.061s] -- Generating done
[4.064s] -- Build files have been written to: /home/umarv/ws/src/nav_stack/build/cv-integration
[4.089s] Invoked command in '/home/umarv/ws/src/nav_stack/build/cv-integration' returned '0': CMAKE_PREFIX_PATH=/opt/ros/humble /usr/bin/cmake /home/umarv/ws/src/nav_stack -DCMAKE_INSTALL_PREFIX=/home/umarv/ws/src/nav_stack/install/cv-integration
[4.093s] Invoking command in '/home/umarv/ws/src/nav_stack/build/cv-integration': CMAKE_PREFIX_PATH=/opt/ros/humble /usr/bin/cmake --build /home/umarv/ws/src/nav_stack/build/cv-integration -- -j8 -l8
[4.166s] [ 50%] [32mBuilding CXX object CMakeFiles/cv-integration.dir/grid_generator.cpp.o[0m
[11.545s] [100%] [32m[1mLinking CXX executable cv-integration[0m
[14.481s] [100%] Built target cv-integration
[14.498s] Invoked command in '/home/umarv/ws/src/nav_stack/build/cv-integration' returned '0': CMAKE_PREFIX_PATH=/opt/ros/humble /usr/bin/cmake --build /home/umarv/ws/src/nav_stack/build/cv-integration -- -j8 -l8
[14.536s] Invoking command in '/home/umarv/ws/src/nav_stack/build/cv-integration': CMAKE_PREFIX_PATH=/opt/ros/humble /usr/bin/cmake --install /home/umarv/ws/src/nav_stack/build/cv-integration
[14.543s] -- Install configuration: ""
[14.544s] -- Installing: /home/umarv/ws/src/nav_stack/install/cv-integration/lib/cv-integration/cv-integration
[14.545s] -- Set runtime path of "/home/umarv/ws/src/nav_stack/install/cv-integration/lib/cv-integration/cv-integration" to ""
[14.546s] -- Installing: /home/umarv/ws/src/nav_stack/install/cv-integration/share/ament_index/resource_index/package_run_dependencies/cv-integration
[14.546s] -- Installing: /home/umarv/ws/src/nav_stack/install/cv-integration/share/ament_index/resource_index/parent_prefix_path/cv-integration
[14.547s] -- Installing: /home/umarv/ws/src/nav_stack/install/cv-integration/share/cv-integration/environment/ament_prefix_path.sh
[14.547s] -- Installing: /home/umarv/ws/src/nav_stack/install/cv-integration/share/cv-integration/environment/ament_prefix_path.dsv
[14.547s] -- Installing: /home/umarv/ws/src/nav_stack/install/cv-integration/share/cv-integration/environment/path.sh
[14.548s] -- Installing: /home/umarv/ws/src/nav_stack/install/cv-integration/share/cv-integration/environment/path.dsv
[14.549s] -- Installing: /home/umarv/ws/src/nav_stack/install/cv-integration/share/cv-integration/local_setup.bash
[14.549s] -- Installing: /home/umarv/ws/src/nav_stack/install/cv-integration/share/cv-integration/local_setup.sh
[14.549s] -- Installing: /home/umarv/ws/src/nav_stack/install/cv-integration/share/cv-integration/local_setup.zsh
[14.549s] -- Installing: /home/umarv/ws/src/nav_stack/install/cv-integration/share/cv-integration/local_setup.dsv
[14.549s] -- Installing: /home/umarv/ws/src/nav_stack/install/cv-integration/share/cv-integration/package.dsv
[14.550s] -- Installing: /home/umarv/ws/src/nav_stack/install/cv-integration/share/ament_index/resource_index/packages/cv-integration
[14.551s] -- Installing: /home/umarv/ws/src/nav_stack/install/cv-integration/share/cv-integration/cmake/cv-integrationConfig.cmake
[14.551s] -- Installing: /home/umarv/ws/src/nav_stack/install/cv-integration/share/cv-integration/cmake/cv-integrationConfig-version.cmake
[14.551s] -- Installing: /home/umarv/ws/src/nav_stack/install/cv-integration/share/cv-integration/package.xml
[14.553s] Invoked command in '/home/umarv/ws/src/nav_stack/build/cv-integration' returned '0': CMAKE_PREFIX_PATH=/opt/ros/humble /usr/bin/cmake --install /home/umarv/ws/src/nav_stack/build/cv-integration
