[35m[1mConsolidate compiler generated dependencies of target nav2_straightline_planner_plugin[0m
[ 33%] [32mBuilding CXX object CMakeFiles/nav2_straightline_planner_plugin.dir/src/straight_line_planner.cpp.o[0m
[ 66%] [32mBuilding CXX object CMakeFiles/nav2_straightline_planner_plugin.dir/src/rpastar.cpp.o[0m
In file included from [01m[K/home/umarv/ws/src/navigation2_tutorials/nav2_straightline_planner/src/rpastar.cpp:3[m[K:
[01m[K/home/umarv/ws/src/navigation2_tutorials/nav2_straightline_planner/include/nav2_straightline_planner/rpastar.h:[m[K In member function ‘[01m[Kconst bool& rpastar::Node::operator==(const rpastar::Node&)[m[K’:
[01m[K/home/umarv/ws/src/navigation2_tutorials/nav2_straightline_planner/include/nav2_straightline_planner/rpastar.h:42:36:[m[K [01;35m[Kwarning: [m[Kreturning reference to temporary [[01;35m[K-Wreturn-local-addr[m[K]
   42 |                 return [01;35m[Kthis->state == rhs.state[m[K;
      |                        [01;35m[K~~~~~~~~~~~~^~~~~~~~~~~~[m[K
In file included from [01m[K/opt/ros/humble/include/rclcpp/rclcpp/client.hpp:40[m[K,
                 from [01m[K/opt/ros/humble/include/rclcpp/rclcpp/callback_group.hpp:24[m[K,
                 from [01m[K/opt/ros/humble/include/rclcpp_lifecycle/rclcpp_lifecycle/lifecycle_node.hpp:55[m[K,
                 from [01m[K/opt/ros/humble/include/nav2_costmap_2d/costmap_2d_publisher.hpp:46[m[K,
                 from [01m[K/opt/ros/humble/include/nav2_costmap_2d/costmap_2d_ros.hpp:48[m[K,
                 from [01m[K/home/umarv/ws/src/navigation2_tutorials/nav2_straightline_planner/include/nav2_straightline_planner/rpastar.h:9[m[K,
                 from [01m[K/home/umarv/ws/src/navigation2_tutorials/nav2_straightline_planner/src/rpastar.cpp:3[m[K:
[01m[K/home/umarv/ws/src/navigation2_tutorials/nav2_straightline_planner/src/rpastar.cpp:[m[K In constructor ‘[01m[Krpastar::rpastar(std::pair<int, int>, std::pair<int, int>, nav2_costmap_2d::Costmap2D*)[m[K’:
[01m[K/home/umarv/ws/src/navigation2_tutorials/nav2_straightline_planner/src/rpastar.cpp:64:6:[m[K [01;31m[Kerror: [m[K‘[01m[Knode_[m[K’ was not declared in this scope; did you mean ‘[01m[Kmode_t[m[K’?
   64 |      [01;31m[Knode_[m[K->get_logger(), "ayo");
      |      [01;31m[K^~~~~[m[K
[01m[K/home/umarv/ws/src/navigation2_tutorials/nav2_straightline_planner/src/rpastar.cpp:63:5:[m[K [01;31m[Kerror: [m[Ktemplate argument 1 is invalid
   63 |     [01;31m[KRCLCPP_INFO[m[K(
      |     [01;31m[K^~~~~~~~~~~[m[K
[01m[K/home/umarv/ws/src/navigation2_tutorials/nav2_straightline_planner/src/rpastar.cpp:63:5:[m[K [01;31m[Kerror: [m[K‘[01m[K<declaration error>[m[K’ is not a template [[01;31m[K-fpermissive[m[K]
   63 |     [01;31m[KRCLCPP_INFO[m[K(
      |     [01;31m[K^~~~~~~~~~~[m[K
[01m[K/home/umarv/ws/src/navigation2_tutorials/nav2_straightline_planner/src/rpastar.cpp:63:5:[m[K [01;31m[Kerror: [m[Ktemplate argument 1 is invalid
   63 |     [01;31m[KRCLCPP_INFO[m[K(
      |     [01;31m[K^~~~~~~~~~~[m[K
[01m[K/home/umarv/ws/src/navigation2_tutorials/nav2_straightline_planner/src/rpastar.cpp:63:5:[m[K [01;31m[Kerror: [m[K‘[01m[K<declaration error>[m[K’ is not a template [[01;31m[K-fpermissive[m[K]
   63 |     [01;31m[KRCLCPP_INFO[m[K(
      |     [01;31m[K^~~~~~~~~~~[m[K
[01m[K/home/umarv/ws/src/navigation2_tutorials/nav2_straightline_planner/src/rpastar.cpp:63:5:[m[K [01;31m[Kerror: [m[Ktemplate argument 1 is invalid
   63 |     [01;31m[KRCLCPP_INFO[m[K(
      |     [01;31m[K^~~~~~~~~~~[m[K
In file included from [01m[K/home/umarv/ws/src/navigation2_tutorials/nav2_straightline_planner/src/straight_line_planner.cpp:49[m[K:
[01m[K/home/umarv/ws/src/navigation2_tutorials/nav2_straightline_planner/include/nav2_straightline_planner/rpastar.h:[m[K In member function ‘[01m[Kconst bool& rpastar::Node::operator==(const rpastar::Node&)[m[K’:
[01m[K/home/umarv/ws/src/navigation2_tutorials/nav2_straightline_planner/include/nav2_straightline_planner/rpastar.h:42:36:[m[K [01;35m[Kwarning: [m[Kreturning reference to temporary [[01;35m[K-Wreturn-local-addr[m[K]
   42 |                 return [01;35m[Kthis->state == rhs.state[m[K;
      |                        [01;35m[K~~~~~~~~~~~~^~~~~~~~~~~~[m[K
gmake[2]: *** [CMakeFiles/nav2_straightline_planner_plugin.dir/build.make:90: CMakeFiles/nav2_straightline_planner_plugin.dir/src/rpastar.cpp.o] Error 1
gmake[2]: *** Waiting for unfinished jobs....
gmake[1]: *** [CMakeFiles/Makefile2:137: CMakeFiles/nav2_straightline_planner_plugin.dir/all] Error 2
gmake: *** [Makefile:146: all] Error 2
