[0.168s] Invoking command in '/home/umarv/ws/build/sam_bot_description': /usr/bin/cmake --build /home/umarv/ws/build/sam_bot_description -- -j8 -l8
[0.188s] Invoked command in '/home/umarv/ws/build/sam_bot_description' returned '0': /usr/bin/cmake --build /home/umarv/ws/build/sam_bot_description -- -j8 -l8
[0.208s] Invoking command in '/home/umarv/ws/build/sam_bot_description': /usr/bin/cmake --install /home/umarv/ws/build/sam_bot_description
[0.212s] -- Install configuration: ""
[0.213s] -- Up-to-date: /home/umarv/ws/install/sam_bot_description/share/sam_bot_description/src
[0.213s] -- Up-to-date: /home/umarv/ws/install/sam_bot_description/share/sam_bot_description/src/description
[0.213s] -- Up-to-date: /home/umarv/ws/install/sam_bot_description/share/sam_bot_description/src/description/sam_bot_description.urdf
[0.213s] -- Up-to-date: /home/umarv/ws/install/sam_bot_description/share/sam_bot_description/launch
[0.213s] -- Up-to-date: /home/umarv/ws/install/sam_bot_description/share/sam_bot_description/launch/display.launch.py
[0.213s] -- Up-to-date: /home/umarv/ws/install/sam_bot_description/share/sam_bot_description/rviz
[0.213s] -- Up-to-date: /home/umarv/ws/install/sam_bot_description/share/sam_bot_description/rviz/urdf_config.rviz
[0.214s] -- Up-to-date: /home/umarv/ws/install/sam_bot_description/share/sam_bot_description/config
[0.214s] -- Up-to-date: /home/umarv/ws/install/sam_bot_description/share/sam_bot_description/config/nav2_params.yaml
[0.214s] -- Up-to-date: /home/umarv/ws/install/sam_bot_description/share/sam_bot_description/config/ekf.yaml
[0.214s] -- Up-to-date: /home/umarv/ws/install/sam_bot_description/share/sam_bot_description/world
[0.214s] -- Up-to-date: /home/umarv/ws/install/sam_bot_description/share/sam_bot_description/world/my_world.sdf
[0.214s] -- Up-to-date: /home/umarv/ws/install/sam_bot_description/share/ament_index/resource_index/package_run_dependencies/sam_bot_description
[0.214s] -- Up-to-date: /home/umarv/ws/install/sam_bot_description/share/ament_index/resource_index/parent_prefix_path/sam_bot_description
[0.214s] -- Up-to-date: /home/umarv/ws/install/sam_bot_description/share/sam_bot_description/environment/ament_prefix_path.sh
[0.214s] -- Up-to-date: /home/umarv/ws/install/sam_bot_description/share/sam_bot_description/environment/ament_prefix_path.dsv
[0.214s] -- Up-to-date: /home/umarv/ws/install/sam_bot_description/share/sam_bot_description/environment/path.sh
[0.214s] -- Up-to-date: /home/umarv/ws/install/sam_bot_description/share/sam_bot_description/environment/path.dsv
[0.214s] -- Up-to-date: /home/umarv/ws/install/sam_bot_description/share/sam_bot_description/local_setup.bash
[0.214s] -- Up-to-date: /home/umarv/ws/install/sam_bot_description/share/sam_bot_description/local_setup.sh
[0.214s] -- Up-to-date: /home/umarv/ws/install/sam_bot_description/share/sam_bot_description/local_setup.zsh
[0.215s] -- Up-to-date: /home/umarv/ws/install/sam_bot_description/share/sam_bot_description/local_setup.dsv
[0.215s] -- Installing: /home/umarv/ws/install/sam_bot_description/share/sam_bot_description/package.dsv
[0.215s] -- Up-to-date: /home/umarv/ws/install/sam_bot_description/share/ament_index/resource_index/packages/sam_bot_description
[0.216s] -- Up-to-date: /home/umarv/ws/install/sam_bot_description/share/sam_bot_description/cmake/sam_bot_descriptionConfig.cmake
[0.216s] -- Up-to-date: /home/umarv/ws/install/sam_bot_description/share/sam_bot_description/cmake/sam_bot_descriptionConfig-version.cmake
[0.217s] -- Up-to-date: /home/umarv/ws/install/sam_bot_description/share/sam_bot_description/package.xml
[0.219s] Invoked command in '/home/umarv/ws/build/sam_bot_description' returned '0': /usr/bin/cmake --install /home/umarv/ws/build/sam_bot_description
