[1.997s] DEBUG:colcon:Command line arguments: ['/usr/bin/colcon', 'build']
[1.997s] DEBUG:colcon:Parsed command line arguments: Namespace(log_base=None, log_level=None, verb_name='build', build_base='build', install_base='install', merge_install=False, symlink_install=False, test_result_base=None, continue_on_error=False, executor='parallel', parallel_workers=8, event_handlers=None, ignore_user_meta=False, metas=['./colcon.meta'], base_paths=['.'], packages_ignore=None, packages_ignore_regex=None, paths=None, packages_up_to=None, packages_up_to_regex=None, packages_above=None, packages_above_and_dependencies=None, packages_above_depth=None, packages_select_by_dep=None, packages_skip_by_dep=None, packages_skip_up_to=None, packages_select_build_failed=False, packages_skip_build_finished=False, packages_select_test_failures=False, packages_skip_test_passed=False, packages_select=None, packages_skip=None, packages_select_regex=None, packages_skip_regex=None, packages_start=None, packages_end=None, cmake_args=None, cmake_target=None, cmake_target_skip_unavailable=False, cmake_clean_cache=False, cmake_clean_first=False, cmake_force_configure=False, ament_cmake_args=None, catkin_cmake_args=None, catkin_skip_building_tests=False, mixin_files=None, mixin=None, verb_parser=<colcon_mixin.mixin.mixin_argument.MixinArgumentDecorator object at 0x7fa72a06c4f0>, verb_extension=<colcon_core.verb.build.BuildVerb object at 0x7fa72a06d2d0>, main=<bound method BuildVerb.main of <colcon_core.verb.build.BuildVerb object at 0x7fa72a06d2d0>>, mixin_verb=('build',))
[2.092s] Level 1:colcon.colcon_core.package_discovery:discover_packages(colcon_meta) check parameters
[2.093s] Level 1:colcon.colcon_core.package_discovery:discover_packages(recursive) check parameters
[2.093s] Level 1:colcon.colcon_core.package_discovery:discover_packages(ignore) check parameters
[2.093s] Level 1:colcon.colcon_core.package_discovery:discover_packages(path) check parameters
[2.093s] Level 1:colcon.colcon_core.package_discovery:discover_packages(colcon_meta) discover
[2.093s] Level 1:colcon.colcon_core.package_discovery:discover_packages(recursive) discover
[2.093s] INFO:colcon.colcon_core.package_discovery:Crawling recursively for packages in '/home/umarv/ws/src/nav_stack'
[2.094s] Level 1:colcon.colcon_core.package_identification:_identify(.) by extensions ['ignore', 'ignore_ament_install']
[2.094s] Level 1:colcon.colcon_core.package_identification:_identify(.) by extension 'ignore'
[2.094s] Level 1:colcon.colcon_core.package_identification:_identify(.) by extension 'ignore_ament_install'
[2.095s] Level 1:colcon.colcon_core.package_identification:_identify(.) by extensions ['colcon_pkg']
[2.095s] Level 1:colcon.colcon_core.package_identification:_identify(.) by extension 'colcon_pkg'
[2.095s] Level 1:colcon.colcon_core.package_identification:_identify(.) by extensions ['colcon_meta']
[2.095s] Level 1:colcon.colcon_core.package_identification:_identify(.) by extension 'colcon_meta'
[2.095s] Level 1:colcon.colcon_core.package_identification:_identify(.) by extensions ['ros']
[2.095s] Level 1:colcon.colcon_core.package_identification:_identify(.) by extension 'ros'
[2.122s] DEBUG:colcon.colcon_core.package_identification:Package '.' with type 'ros.ament_cmake' and name 'cv-integration'
[2.122s] Level 1:colcon.colcon_core.package_discovery:discover_packages(recursive) using defaults
[2.123s] Level 1:colcon.colcon_core.package_discovery:discover_packages(ignore) discover
[2.123s] Level 1:colcon.colcon_core.package_discovery:discover_packages(ignore) using defaults
[2.123s] Level 1:colcon.colcon_core.package_discovery:discover_packages(path) discover
[2.123s] Level 1:colcon.colcon_core.package_discovery:discover_packages(path) using defaults
[2.237s] Level 5:colcon.colcon_core.verb:set package 'cv-integration' build argument 'cmake_args' from command line to 'None'
[2.237s] Level 5:colcon.colcon_core.verb:set package 'cv-integration' build argument 'cmake_target' from command line to 'None'
[2.237s] Level 5:colcon.colcon_core.verb:set package 'cv-integration' build argument 'cmake_target_skip_unavailable' from command line to 'False'
[2.237s] Level 5:colcon.colcon_core.verb:set package 'cv-integration' build argument 'cmake_clean_cache' from command line to 'False'
[2.237s] Level 5:colcon.colcon_core.verb:set package 'cv-integration' build argument 'cmake_clean_first' from command line to 'False'
[2.237s] Level 5:colcon.colcon_core.verb:set package 'cv-integration' build argument 'cmake_force_configure' from command line to 'False'
[2.237s] Level 5:colcon.colcon_core.verb:set package 'cv-integration' build argument 'ament_cmake_args' from command line to 'None'
[2.237s] Level 5:colcon.colcon_core.verb:set package 'cv-integration' build argument 'catkin_cmake_args' from command line to 'None'
[2.237s] Level 5:colcon.colcon_core.verb:set package 'cv-integration' build argument 'catkin_skip_building_tests' from command line to 'False'
[2.237s] DEBUG:colcon.colcon_core.verb:Building package 'cv-integration' with the following arguments: {'ament_cmake_args': None, 'build_base': '/home/umarv/ws/src/nav_stack/build/cv-integration', 'catkin_cmake_args': None, 'catkin_skip_building_tests': False, 'cmake_args': None, 'cmake_clean_cache': False, 'cmake_clean_first': False, 'cmake_force_configure': False, 'cmake_target': None, 'cmake_target_skip_unavailable': False, 'install_base': '/home/umarv/ws/src/nav_stack/install/cv-integration', 'merge_install': False, 'path': '/home/umarv/ws/src/nav_stack', 'symlink_install': False, 'test_result_base': None}
[2.253s] INFO:colcon.colcon_core.executor:Executing jobs using 'parallel' executor
[2.272s] DEBUG:colcon.colcon_parallel_executor.executor.parallel:run_until_complete
[2.273s] INFO:colcon.colcon_ros.task.ament_cmake.build:Building ROS package in '/home/umarv/ws/src/nav_stack' with build type 'ament_cmake'
[2.274s] INFO:colcon.colcon_cmake.task.cmake.build:Building CMake package in '/home/umarv/ws/src/nav_stack'
[2.305s] INFO:colcon.colcon_core.plugin_system:Skipping extension 'colcon_core.shell.bat': Not used on non-Windows systems
[2.305s] INFO:colcon.colcon_core.shell:Skip shell extension 'powershell' for command environment: Not usable outside of PowerShell
[2.305s] DEBUG:colcon.colcon_core.shell:Skip shell extension 'dsv' for command environment
[2.363s] DEBUG:colcon.colcon_core.event_handler.log_command:Invoking command in '/home/umarv/ws/src/nav_stack/build/cv-integration': CMAKE_PREFIX_PATH=/opt/ros/humble /usr/bin/cmake /home/umarv/ws/src/nav_stack -DCMAKE_INSTALL_PREFIX=/home/umarv/ws/src/nav_stack/install/cv-integration
[6.365s] DEBUG:colcon.colcon_core.event_handler.log_command:Invoked command in '/home/umarv/ws/src/nav_stack/build/cv-integration' returned '0': CMAKE_PREFIX_PATH=/opt/ros/humble /usr/bin/cmake /home/umarv/ws/src/nav_stack -DCMAKE_INSTALL_PREFIX=/home/umarv/ws/src/nav_stack/install/cv-integration
[6.369s] DEBUG:colcon.colcon_core.event_handler.log_command:Invoking command in '/home/umarv/ws/src/nav_stack/build/cv-integration': CMAKE_PREFIX_PATH=/opt/ros/humble /usr/bin/cmake --build /home/umarv/ws/src/nav_stack/build/cv-integration -- -j8 -l8
[16.774s] DEBUG:colcon.colcon_core.event_handler.log_command:Invoked command in '/home/umarv/ws/src/nav_stack/build/cv-integration' returned '0': CMAKE_PREFIX_PATH=/opt/ros/humble /usr/bin/cmake --build /home/umarv/ws/src/nav_stack/build/cv-integration -- -j8 -l8
[16.812s] DEBUG:colcon.colcon_core.event_handler.log_command:Invoking command in '/home/umarv/ws/src/nav_stack/build/cv-integration': CMAKE_PREFIX_PATH=/opt/ros/humble /usr/bin/cmake --install /home/umarv/ws/src/nav_stack/build/cv-integration
[16.828s] Level 1:colcon.colcon_core.environment:create_environment_scripts_only(cv-integration)
[16.829s] DEBUG:colcon.colcon_core.event_handler.log_command:Invoked command in '/home/umarv/ws/src/nav_stack/build/cv-integration' returned '0': CMAKE_PREFIX_PATH=/opt/ros/humble /usr/bin/cmake --install /home/umarv/ws/src/nav_stack/build/cv-integration
[16.850s] Level 1:colcon.colcon_core.environment:checking '/home/umarv/ws/src/nav_stack/install/cv-integration' for CMake module files
[16.851s] Level 1:colcon.colcon_core.environment:checking '/home/umarv/ws/src/nav_stack/install/cv-integration' for CMake config files
[16.851s] Level 1:colcon.colcon_core.shell:create_environment_hook('cv-integration', 'cmake_prefix_path')
[16.864s] INFO:colcon.colcon_core.shell:Creating environment hook '/home/umarv/ws/src/nav_stack/install/cv-integration/share/cv-integration/hook/cmake_prefix_path.ps1'
[16.865s] INFO:colcon.colcon_core.shell:Creating environment descriptor '/home/umarv/ws/src/nav_stack/install/cv-integration/share/cv-integration/hook/cmake_prefix_path.dsv'
[16.867s] INFO:colcon.colcon_core.shell:Creating environment hook '/home/umarv/ws/src/nav_stack/install/cv-integration/share/cv-integration/hook/cmake_prefix_path.sh'
[16.869s] Level 1:colcon.colcon_core.environment:checking '/home/umarv/ws/src/nav_stack/install/cv-integration/lib'
[16.869s] Level 1:colcon.colcon_core.environment:checking '/home/umarv/ws/src/nav_stack/install/cv-integration/bin'
[16.869s] Level 1:colcon.colcon_core.environment:checking '/home/umarv/ws/src/nav_stack/install/cv-integration/lib/pkgconfig/cv-integration.pc'
[16.871s] Level 1:colcon.colcon_core.environment:checking '/home/umarv/ws/src/nav_stack/install/cv-integration/lib/python3.10/site-packages'
[16.871s] Level 1:colcon.colcon_core.environment:checking '/home/umarv/ws/src/nav_stack/install/cv-integration/bin'
[16.886s] INFO:colcon.colcon_core.shell:Creating package script '/home/umarv/ws/src/nav_stack/install/cv-integration/share/cv-integration/package.ps1'
[16.888s] INFO:colcon.colcon_core.shell:Creating package descriptor '/home/umarv/ws/src/nav_stack/install/cv-integration/share/cv-integration/package.dsv'
[16.889s] INFO:colcon.colcon_core.shell:Creating package script '/home/umarv/ws/src/nav_stack/install/cv-integration/share/cv-integration/package.sh'
[16.891s] INFO:colcon.colcon_core.shell:Creating package script '/home/umarv/ws/src/nav_stack/install/cv-integration/share/cv-integration/package.bash'
[16.892s] INFO:colcon.colcon_core.shell:Creating package script '/home/umarv/ws/src/nav_stack/install/cv-integration/share/cv-integration/package.zsh'
[16.894s] Level 1:colcon.colcon_core.environment:create_file_with_runtime_dependencies(/home/umarv/ws/src/nav_stack/install/cv-integration/share/colcon-core/packages/cv-integration)
[16.932s] Level 1:colcon.colcon_core.environment:create_environment_scripts_only(cv-integration)
[16.944s] Level 1:colcon.colcon_core.environment:checking '/home/umarv/ws/src/nav_stack/install/cv-integration' for CMake module files
[16.944s] Level 1:colcon.colcon_core.environment:checking '/home/umarv/ws/src/nav_stack/install/cv-integration' for CMake config files
[16.945s] Level 1:colcon.colcon_core.shell:create_environment_hook('cv-integration', 'cmake_prefix_path')
[16.956s] INFO:colcon.colcon_core.shell:Creating environment hook '/home/umarv/ws/src/nav_stack/install/cv-integration/share/cv-integration/hook/cmake_prefix_path.ps1'
[16.957s] INFO:colcon.colcon_core.shell:Creating environment descriptor '/home/umarv/ws/src/nav_stack/install/cv-integration/share/cv-integration/hook/cmake_prefix_path.dsv'
[16.957s] INFO:colcon.colcon_core.shell:Creating environment hook '/home/umarv/ws/src/nav_stack/install/cv-integration/share/cv-integration/hook/cmake_prefix_path.sh'
[16.958s] Level 1:colcon.colcon_core.environment:checking '/home/umarv/ws/src/nav_stack/install/cv-integration/lib'
[16.958s] Level 1:colcon.colcon_core.environment:checking '/home/umarv/ws/src/nav_stack/install/cv-integration/bin'
[16.958s] Level 1:colcon.colcon_core.environment:checking '/home/umarv/ws/src/nav_stack/install/cv-integration/lib/pkgconfig/cv-integration.pc'
[16.959s] Level 1:colcon.colcon_core.environment:checking '/home/umarv/ws/src/nav_stack/install/cv-integration/lib/python3.10/site-packages'
[16.959s] Level 1:colcon.colcon_core.environment:checking '/home/umarv/ws/src/nav_stack/install/cv-integration/bin'
[16.972s] INFO:colcon.colcon_core.shell:Creating package script '/home/umarv/ws/src/nav_stack/install/cv-integration/share/cv-integration/package.ps1'
[16.972s] INFO:colcon.colcon_core.shell:Creating package descriptor '/home/umarv/ws/src/nav_stack/install/cv-integration/share/cv-integration/package.dsv'
[16.973s] INFO:colcon.colcon_core.shell:Creating package script '/home/umarv/ws/src/nav_stack/install/cv-integration/share/cv-integration/package.sh'
[16.973s] INFO:colcon.colcon_core.shell:Creating package script '/home/umarv/ws/src/nav_stack/install/cv-integration/share/cv-integration/package.bash'
[16.974s] INFO:colcon.colcon_core.shell:Creating package script '/home/umarv/ws/src/nav_stack/install/cv-integration/share/cv-integration/package.zsh'
[16.974s] Level 1:colcon.colcon_core.environment:create_file_with_runtime_dependencies(/home/umarv/ws/src/nav_stack/install/cv-integration/share/colcon-core/packages/cv-integration)
[16.975s] DEBUG:colcon.colcon_parallel_executor.executor.parallel:closing loop
[16.975s] DEBUG:colcon.colcon_parallel_executor.executor.parallel:loop closed
[16.976s] DEBUG:colcon.colcon_parallel_executor.executor.parallel:run_until_complete finished with '0'
[16.976s] DEBUG:colcon.colcon_core.event_reactor:joining thread
[17.011s] INFO:colcon.colcon_core.plugin_system:Skipping extension 'colcon_notification.desktop_notification.notify_send': Could not find 'notify-send'
[17.011s] INFO:colcon.colcon_core.plugin_system:Skipping extension 'colcon_notification.desktop_notification.terminal_notifier': Not used on non-Darwin systems
[17.011s] INFO:colcon.colcon_core.plugin_system:Skipping extension 'colcon_notification.desktop_notification.win32': Not used on non-Windows systems
[17.011s] INFO:colcon.colcon_notification.desktop_notification:Sending desktop notification using 'notify2'
[17.024s] DEBUG:colcon.colcon_notification.desktop_notification.notify2:Failed to initialize notify2: org.freedesktop.DBus.Error.Spawn.ExecFailed: /usr/bin/dbus-launch terminated abnormally without any error message
[17.024s] DEBUG:colcon.colcon_core.event_reactor:joined thread
[17.039s] INFO:colcon.colcon_core.shell:Creating prefix script '/home/umarv/ws/src/nav_stack/install/local_setup.ps1'
[17.041s] INFO:colcon.colcon_core.shell:Creating prefix util module '/home/umarv/ws/src/nav_stack/install/_local_setup_util_ps1.py'
[17.065s] INFO:colcon.colcon_core.shell:Creating prefix chain script '/home/umarv/ws/src/nav_stack/install/setup.ps1'
[17.079s] INFO:colcon.colcon_core.shell:Creating prefix script '/home/umarv/ws/src/nav_stack/install/local_setup.sh'
[17.089s] INFO:colcon.colcon_core.shell:Creating prefix util module '/home/umarv/ws/src/nav_stack/install/_local_setup_util_sh.py'
[17.090s] INFO:colcon.colcon_core.shell:Creating prefix chain script '/home/umarv/ws/src/nav_stack/install/setup.sh'
[17.107s] INFO:colcon.colcon_core.shell:Creating prefix script '/home/umarv/ws/src/nav_stack/install/local_setup.bash'
[17.113s] INFO:colcon.colcon_core.shell:Creating prefix chain script '/home/umarv/ws/src/nav_stack/install/setup.bash'
[17.143s] INFO:colcon.colcon_core.shell:Creating prefix script '/home/umarv/ws/src/nav_stack/install/local_setup.zsh'
[17.147s] INFO:colcon.colcon_core.shell:Creating prefix chain script '/home/umarv/ws/src/nav_stack/install/setup.zsh'
