[0.250s] Invoking command in '/home/umarv/ws/build/sam_bot_description': CMAKE_PREFIX_PATH=/opt/ros/humble /usr/bin/cmake /home/umarv/ws/src/navigation2_tutorials/sam_bot_description -DCMAKE_INSTALL_PREFIX=/home/umarv/ws/install/sam_bot_description
[0.378s] -- The C compiler identification is GNU 11.4.0
[0.495s] -- The CXX compiler identification is GNU 11.4.0
[0.508s] -- Detecting C compiler ABI info
[0.569s] -- Detecting C compiler ABI info - done
[0.577s] -- Check for working C compiler: /usr/bin/cc - skipped
[0.577s] -- Detecting C compile features
[0.579s] -- Detecting C compile features - done
[0.582s] -- Detecting CXX compiler ABI info
[0.655s] -- Detecting CXX compiler ABI info - done
[0.663s] -- Check for working CXX compiler: /usr/bin/c++ - skipped
[0.664s] -- Detecting CXX compile features
[0.664s] -- Detecting CXX compile features - done
[0.677s] -- Found ament_cmake: 1.3.5 (/opt/ros/humble/share/ament_cmake/cmake)
[0.840s] -- Found Python3: /usr/bin/python3.10 (found version "3.10.12") found components: Interpreter 
[0.968s] -- Found xacro: 2.0.8 (/opt/ros/humble/share/xacro/cmake)
[0.971s] -- Found ament_lint_auto: 0.12.8 (/opt/ros/humble/share/ament_lint_auto/cmake)
[1.062s] -- Added test 'copyright' to check source files copyright and LICENSE
[1.064s] -- Added test 'flake8' to check Python code syntax and style conventions
[1.065s] -- Added test 'lint_cmake' to check CMake code style
[1.066s] -- Added test 'pep257' to check Python code against some of the docstring style conventions in PEP 257
[1.067s] -- Added test 'xmllint' to check XML markup files
[1.069s] -- Configuring done
[1.072s] -- Generating done
[1.073s] -- Build files have been written to: /home/umarv/ws/build/sam_bot_description
[1.077s] Invoked command in '/home/umarv/ws/build/sam_bot_description' returned '0': CMAKE_PREFIX_PATH=/opt/ros/humble /usr/bin/cmake /home/umarv/ws/src/navigation2_tutorials/sam_bot_description -DCMAKE_INSTALL_PREFIX=/home/umarv/ws/install/sam_bot_description
[1.080s] Invoking command in '/home/umarv/ws/build/sam_bot_description': CMAKE_PREFIX_PATH=/opt/ros/humble /usr/bin/cmake --build /home/umarv/ws/build/sam_bot_description -- -j8 -l8
[1.107s] Invoked command in '/home/umarv/ws/build/sam_bot_description' returned '0': CMAKE_PREFIX_PATH=/opt/ros/humble /usr/bin/cmake --build /home/umarv/ws/build/sam_bot_description -- -j8 -l8
[1.129s] Invoking command in '/home/umarv/ws/build/sam_bot_description': CMAKE_PREFIX_PATH=/opt/ros/humble /usr/bin/cmake --install /home/umarv/ws/build/sam_bot_description
[1.135s] -- Install configuration: ""
[1.135s] -- Installing: /home/umarv/ws/install/sam_bot_description/share/sam_bot_description/src
[1.135s] -- Installing: /home/umarv/ws/install/sam_bot_description/share/sam_bot_description/src/description
[1.135s] -- Installing: /home/umarv/ws/install/sam_bot_description/share/sam_bot_description/src/description/sam_bot_description.urdf
[1.136s] -- Installing: /home/umarv/ws/install/sam_bot_description/share/sam_bot_description/launch
[1.136s] -- Installing: /home/umarv/ws/install/sam_bot_description/share/sam_bot_description/launch/display.launch.py
[1.136s] -- Installing: /home/umarv/ws/install/sam_bot_description/share/sam_bot_description/rviz
[1.136s] -- Installing: /home/umarv/ws/install/sam_bot_description/share/sam_bot_description/rviz/urdf_config.rviz
[1.137s] -- Installing: /home/umarv/ws/install/sam_bot_description/share/sam_bot_description/config
[1.137s] -- Installing: /home/umarv/ws/install/sam_bot_description/share/sam_bot_description/config/nav2_params.yaml
[1.137s] -- Installing: /home/umarv/ws/install/sam_bot_description/share/sam_bot_description/config/ekf.yaml
[1.138s] -- Installing: /home/umarv/ws/install/sam_bot_description/share/sam_bot_description/world
[1.138s] -- Installing: /home/umarv/ws/install/sam_bot_description/share/sam_bot_description/world/my_world.sdf
[1.139s] -- Installing: /home/umarv/ws/install/sam_bot_description/share/ament_index/resource_index/package_run_dependencies/sam_bot_description
[1.139s] -- Installing: /home/umarv/ws/install/sam_bot_description/share/ament_index/resource_index/parent_prefix_path/sam_bot_description
[1.139s] -- Installing: /home/umarv/ws/install/sam_bot_description/share/sam_bot_description/environment/ament_prefix_path.sh
[1.139s] -- Installing: /home/umarv/ws/install/sam_bot_description/share/sam_bot_description/environment/ament_prefix_path.dsv
[1.139s] -- Installing: /home/umarv/ws/install/sam_bot_description/share/sam_bot_description/environment/path.sh
[1.140s] -- Installing: /home/umarv/ws/install/sam_bot_description/share/sam_bot_description/environment/path.dsv
[1.140s] -- Installing: /home/umarv/ws/install/sam_bot_description/share/sam_bot_description/local_setup.bash
[1.140s] -- Installing: /home/umarv/ws/install/sam_bot_description/share/sam_bot_description/local_setup.sh
[1.140s] -- Installing: /home/umarv/ws/install/sam_bot_description/share/sam_bot_description/local_setup.zsh
[1.140s] -- Installing: /home/umarv/ws/install/sam_bot_description/share/sam_bot_description/local_setup.dsv
[1.140s] -- Installing: /home/umarv/ws/install/sam_bot_description/share/sam_bot_description/package.dsv
[1.140s] -- Installing: /home/umarv/ws/install/sam_bot_description/share/ament_index/resource_index/packages/sam_bot_description
[1.141s] -- Installing: /home/umarv/ws/install/sam_bot_description/share/sam_bot_description/cmake/sam_bot_descriptionConfig.cmake
[1.141s] -- Installing: /home/umarv/ws/install/sam_bot_description/share/sam_bot_description/cmake/sam_bot_descriptionConfig-version.cmake
[1.141s] -- Installing: /home/umarv/ws/install/sam_bot_description/share/sam_bot_description/package.xml
[1.143s] Invoked command in '/home/umarv/ws/build/sam_bot_description' returned '0': CMAKE_PREFIX_PATH=/opt/ros/humble /usr/bin/cmake --install /home/umarv/ws/build/sam_bot_description
