[0.199s] Invoking command in '/home/umarv/ws/build/nav2_straightline_planner': /usr/bin/cmake --build /home/umarv/ws/build/nav2_straightline_planner -- -j8 -l8
[0.280s] -- Found ament_cmake: 1.3.5 (/opt/ros/humble/share/ament_cmake/cmake)
[0.395s] Traceback (most recent call last):
[0.395s]   File "/opt/ros/humble/share/ament_cmake_core/cmake/package_templates/templates_2_cmake.py", line 21, in <module>
[0.395s]     from ament_package.templates import get_environment_hook_template_path
[0.396s] ModuleNotFoundError: No module named 'ament_package'
[0.400s] [31mCMake Error at /opt/ros/humble/share/ament_cmake_core/cmake/ament_cmake_package_templates-extras.cmake:41 (message):
[0.401s]   execute_process(/usr/bin/python3.10
[0.401s]   /opt/ros/humble/share/ament_cmake_core/cmake/package_templates/templates_2_cmake.py
[0.402s]   /home/umarv/ws/build/nav2_straightline_planner/ament_cmake_package_templates/templates.cmake)
[0.402s]   returned error code 1
[0.402s] Call Stack (most recent call first):
[0.403s]   /opt/ros/humble/share/ament_cmake_core/cmake/ament_cmake_coreConfig.cmake:41 (include)
[0.404s]   /opt/ros/humble/share/ament_cmake/cmake/ament_cmake_export_dependencies-extras.cmake:15 (find_package)
[0.406s]   /opt/ros/humble/share/ament_cmake/cmake/ament_cmakeConfig.cmake:41 (include)
[0.406s]   CMakeLists.txt:12 (find_package)
[0.407s] 
[0.407s] [0m
[0.407s] -- Configuring incomplete, errors occurred!
[0.408s] See also "/home/umarv/ws/build/nav2_straightline_planner/CMakeFiles/CMakeOutput.log".
[0.409s] gmake: *** [Makefile:267: cmake_check_build_system] Error 1
[0.428s] Invoked command in '/home/umarv/ws/build/nav2_straightline_planner' returned '2': /usr/bin/cmake --build /home/umarv/ws/build/nav2_straightline_planner -- -j8 -l8
