[35m[1mConsolidate compiler generated dependencies of target merge_costmap_sub[0m
[ 25%] [32mBuilding CXX object CMakeFiles/merge_costmap_sub.dir/src/merge_costmap.cpp.o[0m
[ 75%] Built target occupub
In file included from [01m[K/home/umarv/ws/src/nav_stack/occupub/src/merge_costmap.cpp:186[m[K:
[01m[K/opt/ros/humble/include/tf2_geometry_msgs/tf2_geometry_msgs/tf2_geometry_msgs.h:35:2:[m[K [01;35m[Kwarning: [m[K#warning This header is obsolete, please include tf2_geometry_msgs/tf2_geometry_msgs.hpp instead [[01;35m[K]8;;https://gcc.gnu.org/onlinedocs/gcc/Warning-Options.html#index-Wcpp-Wcpp]8;;[m[K]
   35 | #[01;35m[Kwarning[m[K This header is obsolete, please include tf2_geometry_msgs/tf2_geometry_msgs.hpp instead
      |  [01;35m[K^~~~~~~[m[K
[01m[K/home/umarv/ws/src/nav_stack/occupub/src/merge_costmap.cpp:[m[K In member function ‘[01m[KOccupancyGrid MergeService::mergeSLAMAndLaneLine(const OccupancyGrid&, const OccupancyGrid&)[m[K’:
[01m[K/home/umarv/ws/src/nav_stack/occupub/src/merge_costmap.cpp:239:89:[m[K [01;35m[Kwarning: [m[Kunused parameter ‘[01m[Kslam_cm[m[K’ [[01;35m[K]8;;https://gcc.gnu.org/onlinedocs/gcc/Warning-Options.html#index-Wunused-parameter-Wunused-parameter]8;;[m[K]
  239 |     OccupancyGrid mergeSLAMAndLaneLine(const OccupancyGrid &cv_cm, [01;35m[Kconst OccupancyGrid &slam_cm[m[K)
      |                                                                    [01;35m[K~~~~~~~~~~~~~~~~~~~~~^~~~~~~[m[K
[100%] [32m[1mLinking CXX executable merge_costmap_sub[0m
[100%] Built target merge_costmap_sub
-- Install configuration: ""
-- Installing: /home/umarv/ws/src/nav_stack/occupub/install/occupub/share/ament_index/resource_index/package_run_dependencies/occupub
-- Up-to-date: /home/umarv/ws/src/nav_stack/occupub/install/occupub/share/ament_index/resource_index/parent_prefix_path/occupub
-- Up-to-date: /home/umarv/ws/src/nav_stack/occupub/install/occupub/share/occupub/environment/ament_prefix_path.sh
-- Installing: /home/umarv/ws/src/nav_stack/occupub/install/occupub/share/occupub/environment/ament_prefix_path.dsv
-- Up-to-date: /home/umarv/ws/src/nav_stack/occupub/install/occupub/share/occupub/environment/path.sh
-- Installing: /home/umarv/ws/src/nav_stack/occupub/install/occupub/share/occupub/environment/path.dsv
-- Up-to-date: /home/umarv/ws/src/nav_stack/occupub/install/occupub/share/occupub/local_setup.bash
-- Up-to-date: /home/umarv/ws/src/nav_stack/occupub/install/occupub/share/occupub/local_setup.sh
-- Up-to-date: /home/umarv/ws/src/nav_stack/occupub/install/occupub/share/occupub/local_setup.zsh
-- Installing: /home/umarv/ws/src/nav_stack/occupub/install/occupub/share/occupub/local_setup.dsv
-- Installing: /home/umarv/ws/src/nav_stack/occupub/install/occupub/share/occupub/package.dsv
-- Up-to-date: /home/umarv/ws/src/nav_stack/occupub/install/occupub/share/ament_index/resource_index/packages/occupub
-- Up-to-date: /home/umarv/ws/src/nav_stack/occupub/install/occupub/share/occupub/cmake/occupubConfig.cmake
-- Up-to-date: /home/umarv/ws/src/nav_stack/occupub/install/occupub/share/occupub/cmake/occupubConfig-version.cmake
-- Installing: /home/umarv/ws/src/nav_stack/occupub/install/occupub/share/occupub/package.xml
-- Installing: /home/umarv/ws/src/nav_stack/occupub/install/occupub/lib/occupub/occupub
-- Set runtime path of "/home/umarv/ws/src/nav_stack/occupub/install/occupub/lib/occupub/occupub" to ""
-- Installing: /home/umarv/ws/src/nav_stack/occupub/install/occupub/lib/occupub/merge_costmap_sub
-- Set runtime path of "/home/umarv/ws/src/nav_stack/occupub/install/occupub/lib/occupub/merge_costmap_sub" to ""
