[0.047s] Invoking command in '/home/ryanl/Desktop/nav_stack/src/simulation/build/velodyne_description': /usr/bin/cmake /home/ryanl/Desktop/nav_stack/src/simulation/velodyne_simulator/velodyne_description -DCMAKE_INSTALL_PREFIX=/home/ryanl/Desktop/nav_stack/src/simulation/install/velodyne_description
[0.093s] -- The C compiler identification is GNU 11.4.0
[0.143s] -- The CXX compiler identification is GNU 11.4.0
[0.149s] -- Detecting C compiler ABI info
[0.213s] -- Detecting C compiler ABI info - done
[0.218s] -- Check for working C compiler: /usr/bin/cc - skipped
[0.218s] -- Detecting C compile features
[0.219s] -- Detecting C compile features - done
[0.221s] -- Detecting CXX compiler ABI info
[0.295s] -- Detecting CXX compiler ABI info - done
[0.299s] -- Check for working CXX compiler: /usr/bin/c++ - skipped
[0.300s] -- Detecting CXX compile features
[0.301s] -- Detecting CXX compile features - done
[0.311s] [31mCMake Error at CMakeLists.txt:4 (find_package):
[0.311s]   By not providing "Findament_cmake.cmake" in CMAKE_MODULE_PATH this project
[0.311s]   has asked CMake to find a package configuration file provided by
[0.311s]   "ament_cmake", but CMake did not find one.
[0.311s] 
[0.312s]   Could not find a package configuration file provided by "ament_cmake" with
[0.312s]   any of the following names:
[0.312s] 
[0.312s]     ament_cmakeConfig.cmake
[0.312s]     ament_cmake-config.cmake
[0.312s] 
[0.312s]   Add the installation prefix of "ament_cmake" to CMAKE_PREFIX_PATH or set
[0.312s]   "ament_cmake_DIR" to a directory containing one of the above files.  If
[0.312s]   "ament_cmake" provides a separate development package or SDK, be sure it
[0.312s]   has been installed.
[0.312s] 
[0.312s] [0m
[0.312s] -- Configuring incomplete, errors occurred!
[0.312s] See also "/home/ryanl/Desktop/nav_stack/src/simulation/build/velodyne_description/CMakeFiles/CMakeOutput.log".
[0.317s] Invoked command in '/home/ryanl/Desktop/nav_stack/src/simulation/build/velodyne_description' returned '1': /usr/bin/cmake /home/ryanl/Desktop/nav_stack/src/simulation/velodyne_simulator/velodyne_description -DCMAKE_INSTALL_PREFIX=/home/ryanl/Desktop/nav_stack/src/simulation/install/velodyne_description
