[1.481s] DEBUG:colcon:Command line arguments: ['/usr/bin/colcon', 'build']
[1.482s] DEBUG:colcon:Parsed command line arguments: Namespace(log_base=None, log_level=None, verb_name='build', build_base='build', install_base='install', merge_install=False, symlink_install=False, test_result_base=None, continue_on_error=False, executor='parallel', parallel_workers=8, event_handlers=None, ignore_user_meta=False, metas=['./colcon.meta'], base_paths=['.'], packages_ignore=None, packages_ignore_regex=None, paths=None, packages_up_to=None, packages_up_to_regex=None, packages_above=None, packages_above_and_dependencies=None, packages_above_depth=None, packages_select_by_dep=None, packages_skip_by_dep=None, packages_skip_up_to=None, packages_select_build_failed=False, packages_skip_build_finished=False, packages_select_test_failures=False, packages_skip_test_passed=False, packages_select=None, packages_skip=None, packages_select_regex=None, packages_skip_regex=None, packages_start=None, packages_end=None, cmake_args=None, cmake_target=None, cmake_target_skip_unavailable=False, cmake_clean_cache=False, cmake_clean_first=False, cmake_force_configure=False, ament_cmake_args=None, catkin_cmake_args=None, catkin_skip_building_tests=False, mixin_files=None, mixin=None, verb_parser=<colcon_mixin.mixin.mixin_argument.MixinArgumentDecorator object at 0x7f48db0f4220>, verb_extension=<colcon_core.verb.build.BuildVerb object at 0x7f48db0f5270>, main=<bound method BuildVerb.main of <colcon_core.verb.build.BuildVerb object at 0x7f48db0f5270>>, mixin_verb=('build',))
[1.579s] Level 1:colcon.colcon_core.package_discovery:discover_packages(colcon_meta) check parameters
[1.579s] Level 1:colcon.colcon_core.package_discovery:discover_packages(recursive) check parameters
[1.579s] Level 1:colcon.colcon_core.package_discovery:discover_packages(ignore) check parameters
[1.579s] Level 1:colcon.colcon_core.package_discovery:discover_packages(path) check parameters
[1.579s] Level 1:colcon.colcon_core.package_discovery:discover_packages(colcon_meta) discover
[1.580s] Level 1:colcon.colcon_core.package_discovery:discover_packages(recursive) discover
[1.580s] INFO:colcon.colcon_core.package_discovery:Crawling recursively for packages in '/home/umarv/ws/src/nav_stack/occupub'
[1.580s] Level 1:colcon.colcon_core.package_identification:_identify(.) by extensions ['ignore', 'ignore_ament_install']
[1.580s] Level 1:colcon.colcon_core.package_identification:_identify(.) by extension 'ignore'
[1.580s] Level 1:colcon.colcon_core.package_identification:_identify(.) by extension 'ignore_ament_install'
[1.581s] Level 1:colcon.colcon_core.package_identification:_identify(.) by extensions ['colcon_pkg']
[1.581s] Level 1:colcon.colcon_core.package_identification:_identify(.) by extension 'colcon_pkg'
[1.581s] Level 1:colcon.colcon_core.package_identification:_identify(.) by extensions ['colcon_meta']
[1.581s] Level 1:colcon.colcon_core.package_identification:_identify(.) by extension 'colcon_meta'
[1.581s] Level 1:colcon.colcon_core.package_identification:_identify(.) by extensions ['ros']
[1.581s] Level 1:colcon.colcon_core.package_identification:_identify(.) by extension 'ros'
[1.623s] DEBUG:colcon.colcon_core.package_identification:Package '.' with type 'ros.ament_cmake' and name 'occupub'
[1.623s] Level 1:colcon.colcon_core.package_discovery:discover_packages(recursive) using defaults
[1.623s] Level 1:colcon.colcon_core.package_discovery:discover_packages(ignore) discover
[1.624s] Level 1:colcon.colcon_core.package_discovery:discover_packages(ignore) using defaults
[1.624s] Level 1:colcon.colcon_core.package_discovery:discover_packages(path) discover
[1.624s] Level 1:colcon.colcon_core.package_discovery:discover_packages(path) using defaults
[1.784s] Level 5:colcon.colcon_core.verb:set package 'occupub' build argument 'cmake_args' from command line to 'None'
[1.784s] Level 5:colcon.colcon_core.verb:set package 'occupub' build argument 'cmake_target' from command line to 'None'
[1.784s] Level 5:colcon.colcon_core.verb:set package 'occupub' build argument 'cmake_target_skip_unavailable' from command line to 'False'
[1.784s] Level 5:colcon.colcon_core.verb:set package 'occupub' build argument 'cmake_clean_cache' from command line to 'False'
[1.784s] Level 5:colcon.colcon_core.verb:set package 'occupub' build argument 'cmake_clean_first' from command line to 'False'
[1.784s] Level 5:colcon.colcon_core.verb:set package 'occupub' build argument 'cmake_force_configure' from command line to 'False'
[1.784s] Level 5:colcon.colcon_core.verb:set package 'occupub' build argument 'ament_cmake_args' from command line to 'None'
[1.784s] Level 5:colcon.colcon_core.verb:set package 'occupub' build argument 'catkin_cmake_args' from command line to 'None'
[1.784s] Level 5:colcon.colcon_core.verb:set package 'occupub' build argument 'catkin_skip_building_tests' from command line to 'False'
[1.784s] DEBUG:colcon.colcon_core.verb:Building package 'occupub' with the following arguments: {'ament_cmake_args': None, 'build_base': '/home/umarv/ws/src/nav_stack/occupub/build/occupub', 'catkin_cmake_args': None, 'catkin_skip_building_tests': False, 'cmake_args': None, 'cmake_clean_cache': False, 'cmake_clean_first': False, 'cmake_force_configure': False, 'cmake_target': None, 'cmake_target_skip_unavailable': False, 'install_base': '/home/umarv/ws/src/nav_stack/occupub/install/occupub', 'merge_install': False, 'path': '/home/umarv/ws/src/nav_stack/occupub', 'symlink_install': False, 'test_result_base': None}
[1.799s] INFO:colcon.colcon_core.executor:Executing jobs using 'parallel' executor
[1.816s] DEBUG:colcon.colcon_parallel_executor.executor.parallel:run_until_complete
[1.817s] INFO:colcon.colcon_ros.task.ament_cmake.build:Building ROS package in '/home/umarv/ws/src/nav_stack/occupub' with build type 'ament_cmake'
[1.817s] INFO:colcon.colcon_cmake.task.cmake.build:Building CMake package in '/home/umarv/ws/src/nav_stack/occupub'
[1.843s] INFO:colcon.colcon_core.plugin_system:Skipping extension 'colcon_core.shell.bat': Not used on non-Windows systems
[1.843s] INFO:colcon.colcon_core.shell:Skip shell extension 'powershell' for command environment: Not usable outside of PowerShell
[1.844s] DEBUG:colcon.colcon_core.shell:Skip shell extension 'dsv' for command environment
[1.947s] DEBUG:colcon.colcon_core.event_handler.log_command:Invoking command in '/home/umarv/ws/src/nav_stack/occupub/build/occupub': CMAKE_PREFIX_PATH=${CMAKE_PREFIX_PATH}:/opt/ros/humble /usr/bin/cmake --build /home/umarv/ws/src/nav_stack/occupub/build/occupub -- -j8 -l8
[22.056s] DEBUG:colcon.colcon_core.event_handler.log_command:Invoked command in '/home/umarv/ws/src/nav_stack/occupub/build/occupub' returned '0': CMAKE_PREFIX_PATH=${CMAKE_PREFIX_PATH}:/opt/ros/humble /usr/bin/cmake --build /home/umarv/ws/src/nav_stack/occupub/build/occupub -- -j8 -l8
[22.113s] DEBUG:colcon.colcon_core.event_handler.log_command:Invoking command in '/home/umarv/ws/src/nav_stack/occupub/build/occupub': CMAKE_PREFIX_PATH=${CMAKE_PREFIX_PATH}:/opt/ros/humble /usr/bin/cmake --install /home/umarv/ws/src/nav_stack/occupub/build/occupub
[22.136s] Level 1:colcon.colcon_core.environment:create_environment_scripts_only(occupub)
[22.137s] DEBUG:colcon.colcon_core.event_handler.log_command:Invoked command in '/home/umarv/ws/src/nav_stack/occupub/build/occupub' returned '0': CMAKE_PREFIX_PATH=${CMAKE_PREFIX_PATH}:/opt/ros/humble /usr/bin/cmake --install /home/umarv/ws/src/nav_stack/occupub/build/occupub
[22.160s] Level 1:colcon.colcon_core.environment:checking '/home/umarv/ws/src/nav_stack/occupub/install/occupub' for CMake module files
[22.162s] Level 1:colcon.colcon_core.environment:checking '/home/umarv/ws/src/nav_stack/occupub/install/occupub' for CMake config files
[22.166s] Level 1:colcon.colcon_core.shell:create_environment_hook('occupub', 'cmake_prefix_path')
[22.204s] INFO:colcon.colcon_core.shell:Creating environment hook '/home/umarv/ws/src/nav_stack/occupub/install/occupub/share/occupub/hook/cmake_prefix_path.ps1'
[22.206s] INFO:colcon.colcon_core.shell:Creating environment descriptor '/home/umarv/ws/src/nav_stack/occupub/install/occupub/share/occupub/hook/cmake_prefix_path.dsv'
[22.209s] INFO:colcon.colcon_core.shell:Creating environment hook '/home/umarv/ws/src/nav_stack/occupub/install/occupub/share/occupub/hook/cmake_prefix_path.sh'
[22.212s] Level 1:colcon.colcon_core.environment:checking '/home/umarv/ws/src/nav_stack/occupub/install/occupub/lib'
[22.213s] Level 1:colcon.colcon_core.environment:checking '/home/umarv/ws/src/nav_stack/occupub/install/occupub/bin'
[22.213s] Level 1:colcon.colcon_core.environment:checking '/home/umarv/ws/src/nav_stack/occupub/install/occupub/lib/pkgconfig/occupub.pc'
[22.216s] Level 1:colcon.colcon_core.environment:checking '/home/umarv/ws/src/nav_stack/occupub/install/occupub/lib/python3.10/site-packages'
[22.217s] Level 1:colcon.colcon_core.environment:checking '/home/umarv/ws/src/nav_stack/occupub/install/occupub/bin'
[22.238s] INFO:colcon.colcon_core.shell:Creating package script '/home/umarv/ws/src/nav_stack/occupub/install/occupub/share/occupub/package.ps1'
[22.240s] INFO:colcon.colcon_core.shell:Creating package descriptor '/home/umarv/ws/src/nav_stack/occupub/install/occupub/share/occupub/package.dsv'
[22.243s] INFO:colcon.colcon_core.shell:Creating package script '/home/umarv/ws/src/nav_stack/occupub/install/occupub/share/occupub/package.sh'
[22.247s] INFO:colcon.colcon_core.shell:Creating package script '/home/umarv/ws/src/nav_stack/occupub/install/occupub/share/occupub/package.bash'
[22.249s] INFO:colcon.colcon_core.shell:Creating package script '/home/umarv/ws/src/nav_stack/occupub/install/occupub/share/occupub/package.zsh'
[22.251s] Level 1:colcon.colcon_core.environment:create_file_with_runtime_dependencies(/home/umarv/ws/src/nav_stack/occupub/install/occupub/share/colcon-core/packages/occupub)
[22.369s] Level 1:colcon.colcon_core.environment:create_environment_scripts_only(occupub)
[22.414s] Level 1:colcon.colcon_core.environment:checking '/home/umarv/ws/src/nav_stack/occupub/install/occupub' for CMake module files
[22.417s] Level 1:colcon.colcon_core.environment:checking '/home/umarv/ws/src/nav_stack/occupub/install/occupub' for CMake config files
[22.418s] Level 1:colcon.colcon_core.shell:create_environment_hook('occupub', 'cmake_prefix_path')
[22.443s] INFO:colcon.colcon_core.shell:Creating environment hook '/home/umarv/ws/src/nav_stack/occupub/install/occupub/share/occupub/hook/cmake_prefix_path.ps1'
[22.444s] INFO:colcon.colcon_core.shell:Creating environment descriptor '/home/umarv/ws/src/nav_stack/occupub/install/occupub/share/occupub/hook/cmake_prefix_path.dsv'
[22.446s] INFO:colcon.colcon_core.shell:Creating environment hook '/home/umarv/ws/src/nav_stack/occupub/install/occupub/share/occupub/hook/cmake_prefix_path.sh'
[22.450s] Level 1:colcon.colcon_core.environment:checking '/home/umarv/ws/src/nav_stack/occupub/install/occupub/lib'
[22.451s] Level 1:colcon.colcon_core.environment:checking '/home/umarv/ws/src/nav_stack/occupub/install/occupub/bin'
[22.451s] Level 1:colcon.colcon_core.environment:checking '/home/umarv/ws/src/nav_stack/occupub/install/occupub/lib/pkgconfig/occupub.pc'
[22.452s] Level 1:colcon.colcon_core.environment:checking '/home/umarv/ws/src/nav_stack/occupub/install/occupub/lib/python3.10/site-packages'
[22.453s] Level 1:colcon.colcon_core.environment:checking '/home/umarv/ws/src/nav_stack/occupub/install/occupub/bin'
[22.483s] INFO:colcon.colcon_core.shell:Creating package script '/home/umarv/ws/src/nav_stack/occupub/install/occupub/share/occupub/package.ps1'
[22.487s] INFO:colcon.colcon_core.shell:Creating package descriptor '/home/umarv/ws/src/nav_stack/occupub/install/occupub/share/occupub/package.dsv'
[22.489s] INFO:colcon.colcon_core.shell:Creating package script '/home/umarv/ws/src/nav_stack/occupub/install/occupub/share/occupub/package.sh'
[22.491s] INFO:colcon.colcon_core.shell:Creating package script '/home/umarv/ws/src/nav_stack/occupub/install/occupub/share/occupub/package.bash'
[22.493s] INFO:colcon.colcon_core.shell:Creating package script '/home/umarv/ws/src/nav_stack/occupub/install/occupub/share/occupub/package.zsh'
[22.497s] Level 1:colcon.colcon_core.environment:create_file_with_runtime_dependencies(/home/umarv/ws/src/nav_stack/occupub/install/occupub/share/colcon-core/packages/occupub)
[22.498s] DEBUG:colcon.colcon_parallel_executor.executor.parallel:closing loop
[22.503s] DEBUG:colcon.colcon_parallel_executor.executor.parallel:loop closed
[22.504s] DEBUG:colcon.colcon_parallel_executor.executor.parallel:run_until_complete finished with '0'
[22.504s] DEBUG:colcon.colcon_core.event_reactor:joining thread
[22.558s] INFO:colcon.colcon_core.plugin_system:Skipping extension 'colcon_notification.desktop_notification.notify_send': Could not find 'notify-send'
[22.559s] INFO:colcon.colcon_core.plugin_system:Skipping extension 'colcon_notification.desktop_notification.terminal_notifier': Not used on non-Darwin systems
[22.560s] INFO:colcon.colcon_core.plugin_system:Skipping extension 'colcon_notification.desktop_notification.win32': Not used on non-Windows systems
[22.560s] INFO:colcon.colcon_notification.desktop_notification:Sending desktop notification using 'notify2'
[22.568s] DEBUG:colcon.colcon_notification.desktop_notification.notify2:Failed to initialize notify2: org.freedesktop.DBus.Error.Spawn.ExecFailed: /usr/bin/dbus-launch terminated abnormally without any error message
[22.568s] DEBUG:colcon.colcon_core.event_reactor:joined thread
[22.596s] INFO:colcon.colcon_core.shell:Creating prefix script '/home/umarv/ws/src/nav_stack/occupub/install/local_setup.ps1'
[22.598s] INFO:colcon.colcon_core.shell:Creating prefix util module '/home/umarv/ws/src/nav_stack/occupub/install/_local_setup_util_ps1.py'
[22.604s] INFO:colcon.colcon_core.shell:Creating prefix chain script '/home/umarv/ws/src/nav_stack/occupub/install/setup.ps1'
[22.636s] INFO:colcon.colcon_core.shell:Creating prefix script '/home/umarv/ws/src/nav_stack/occupub/install/local_setup.sh'
[22.639s] INFO:colcon.colcon_core.shell:Creating prefix util module '/home/umarv/ws/src/nav_stack/occupub/install/_local_setup_util_sh.py'
[22.642s] INFO:colcon.colcon_core.shell:Creating prefix chain script '/home/umarv/ws/src/nav_stack/occupub/install/setup.sh'
[22.672s] INFO:colcon.colcon_core.shell:Creating prefix script '/home/umarv/ws/src/nav_stack/occupub/install/local_setup.bash'
[22.673s] INFO:colcon.colcon_core.shell:Creating prefix chain script '/home/umarv/ws/src/nav_stack/occupub/install/setup.bash'
[22.694s] INFO:colcon.colcon_core.shell:Creating prefix script '/home/umarv/ws/src/nav_stack/occupub/install/local_setup.zsh'
[22.695s] INFO:colcon.colcon_core.shell:Creating prefix chain script '/home/umarv/ws/src/nav_stack/occupub/install/setup.zsh'
