[0.092s] Invoking command in '/home/umarv/ws/src/nav_stack/cv_grid/build/cv_grid': CMAKE_PREFIX_PATH=${CMAKE_PREFIX_PATH}:/opt/ros/humble /usr/bin/cmake /home/umarv/ws/src/nav_stack/cv_grid -DCMAKE_INSTALL_PREFIX=/home/umarv/ws/src/nav_stack/cv_grid/install/cv_grid
[0.108s] -- Found ament_cmake: 1.3.5 (/opt/ros/humble/share/ament_cmake/cmake)
[0.382s] -- Found rclcpp: 16.0.6 (/opt/ros/humble/share/rclcpp/cmake)
[0.432s] -- Found rosidl_generator_c: 3.1.5 (/opt/ros/humble/share/rosidl_generator_c/cmake)
[0.435s] -- Found rosidl_adapter: 3.1.5 (/opt/ros/humble/share/rosidl_adapter/cmake)
[0.444s] -- Found rosidl_generator_cpp: 3.1.5 (/opt/ros/humble/share/rosidl_generator_cpp/cmake)
[0.461s] -- Using all available rosidl_typesupport_c: rosidl_typesupport_fastrtps_c;rosidl_typesupport_introspection_c
[0.488s] -- Using all available rosidl_typesupport_cpp: rosidl_typesupport_fastrtps_cpp;rosidl_typesupport_introspection_cpp
[0.575s] -- Found rmw_implementation_cmake: 6.1.1 (/opt/ros/humble/share/rmw_implementation_cmake/cmake)
[0.577s] -- Found rmw_fastrtps_cpp: 6.2.4 (/opt/ros/humble/share/rmw_fastrtps_cpp/cmake)
[0.788s] -- Using RMW implementation 'rmw_fastrtps_cpp' as default
[1.062s] -- Found nav_msgs: 4.2.3 (/opt/ros/humble/share/nav_msgs/cmake)
[1.264s] -- Found tf2: 0.25.4 (/opt/ros/humble/share/tf2/cmake)
[1.309s] -- Found tf2_ros: 0.25.4 (/opt/ros/humble/share/tf2_ros/cmake)
[2.005s] -- Found ament_lint_auto: 0.12.8 (/opt/ros/humble/share/ament_lint_auto/cmake)
[2.122s] -- Added test 'cppcheck' to perform static code analysis on C / C++ code
[2.123s] -- Configured cppcheck include dirs: 
[2.123s] -- Configured cppcheck exclude dirs and/or files: 
[2.125s] -- Added test 'flake8' to check Python code syntax and style conventions
[2.127s] -- Added test 'lint_cmake' to check CMake code style
[2.128s] -- Added test 'pep257' to check Python code against some of the docstring style conventions in PEP 257
[2.136s] -- Added test 'uncrustify' to check C / C++ code style
[2.136s] -- Configured uncrustify additional arguments: 
[2.138s] -- Added test 'xmllint' to check XML markup files
[2.142s] -- Configuring done
[2.166s] -- Generating done
[2.169s] -- Build files have been written to: /home/umarv/ws/src/nav_stack/cv_grid/build/cv_grid
[2.187s] Invoked command in '/home/umarv/ws/src/nav_stack/cv_grid/build/cv_grid' returned '0': CMAKE_PREFIX_PATH=${CMAKE_PREFIX_PATH}:/opt/ros/humble /usr/bin/cmake /home/umarv/ws/src/nav_stack/cv_grid -DCMAKE_INSTALL_PREFIX=/home/umarv/ws/src/nav_stack/cv_grid/install/cv_grid
[2.190s] Invoking command in '/home/umarv/ws/src/nav_stack/cv_grid/build/cv_grid': CMAKE_PREFIX_PATH=${CMAKE_PREFIX_PATH}:/opt/ros/humble /usr/bin/cmake --build /home/umarv/ws/src/nav_stack/cv_grid/build/cv_grid -- -j8 -l8
[2.256s] [ 50%] [32mBuilding CXX object CMakeFiles/cv_grid.dir/src/cv_grid.cpp.o[0m
[7.753s] [01m[K/home/umarv/ws/src/nav_stack/cv_grid/src/cv_grid.cpp:89:43:[m[K [01;31m[Kerror: [m[K‘[01m[KOccupancyGridPtr[m[K’ in namespace ‘[01m[Knav_msgs[m[K’ does not name a type
[7.753s]    89 |     void cv_grid_callback(const nav_msgs::[01;31m[KOccupancyGridPtr[m[K &occ_grid)
[7.753s]       |                                           [01;31m[K^~~~~~~~~~~~~~~~[m[K
[7.761s] [01m[K/home/umarv/ws/src/nav_stack/cv_grid/src/cv_grid.cpp:110:13:[m[K [01;31m[Kerror: [m[K‘[01m[KSubscriber[m[K’ in namespace ‘[01m[Krclcpp[m[K’ does not name a template type
[7.761s]   110 |     rclcpp::[01;31m[KSubscriber[m[K<nav_msgs::msg::OccupancyGrid>::SharedPtr subscription_;
[7.761s]       |             [01;31m[K^~~~~~~~~~[m[K
[7.780s] [01m[K/home/umarv/ws/src/nav_stack/cv_grid/src/cv_grid.cpp:115:15:[m[K [01;31m[Kerror: [m[K‘[01m[KOccupancyGrid[m[K’ in namespace ‘[01m[Knav_msgs[m[K’ does not name a type
[7.780s]   115 |     nav_msgs::[01;31m[KOccupancyGrid[m[K::Ptr local_grid_;
[7.780s]       |               [01;31m[K^~~~~~~~~~~~~[m[K
[7.792s] [01m[K/home/umarv/ws/src/nav_stack/cv_grid/src/cv_grid.cpp:116:5:[m[K [01;31m[Kerror: [m[K‘[01m[Knstd[m[K’ does not name a type
[7.792s]   116 |     [01;31m[Knstd[m[K::vector<std::vector<int>> static_grid_;
[7.792s]       |     [01;31m[K^~~~[m[K
[7.818s] [01m[K/home/umarv/ws/src/nav_stack/cv_grid/src/cv_grid.cpp:[m[K In constructor ‘[01m[Kcv_grid::cv_grid()[m[K’:
[7.818s] [01m[K/home/umarv/ws/src/nav_stack/cv_grid/src/cv_grid.cpp:19:9:[m[K [01;31m[Kerror: [m[K‘[01m[Ksubscription_[m[K’ was not declared in this scope; did you mean ‘[01m[Krmw_subscription_t[m[K’?
[7.819s]    19 |         [01;31m[Ksubscription_[m[K = this->create_subscription<nav_msgs::msg::OccupancyGrid>(
[7.819s]       |         [01;31m[K^~~~~~~~~~~~~[m[K
[7.819s]       |         [32m[Krmw_subscription_t[m[K
[7.820s] [01m[K/home/umarv/ws/src/nav_stack/cv_grid/src/cv_grid.cpp:20:75:[m[K [01;31m[Kerror: [m[K‘[01m[K_1[m[K’ was not declared in this scope; did you mean ‘[01m[Kstd::placeholders::_1[m[K’?
[7.820s]    20 |             "cv_grid_in", 10, std::bind(&cv_grid::cv_grid_callback, this, [01;31m[K_1[m[K));
[7.820s]       |                                                                           [01;31m[K^~[m[K
[7.820s]       |                                                                           [32m[Kstd::placeholders::_1[m[K
[7.820s] In file included from [01m[K/usr/include/c++/11/pstl/glue_algorithm_defs.h:13[m[K,
[7.820s]                  from [01m[K/usr/include/c++/11/algorithm:74[m[K,
[7.820s]                  from [01m[K/opt/ros/humble/include/rclcpp/rclcpp/executor.hpp:18[m[K,
[7.820s]                  from [01m[K/opt/ros/humble/include/rclcpp/rclcpp/executors/multi_threaded_executor.hpp:25[m[K,
[7.820s]                  from [01m[K/opt/ros/humble/include/rclcpp/rclcpp/executors.hpp:21[m[K,
[7.821s]                  from [01m[K/opt/ros/humble/include/rclcpp/rclcpp/rclcpp.hpp:155[m[K,
[7.821s]                  from [01m[K/home/umarv/ws/src/nav_stack/cv_grid/src/cv_grid.cpp:1[m[K:
[7.821s] [01m[K/usr/include/c++/11/functional:225:34:[m[K [01;36m[Knote: [m[K‘[01m[Kstd::placeholders::_1[m[K’ declared here
[7.821s]   225 |     extern const _Placeholder<1> [01;36m[K_1[m[K;
[7.821s]       |                                  [01;36m[K^~[m[K
[7.831s] [01m[K/home/umarv/ws/src/nav_stack/cv_grid/src/cv_grid.cpp:33:9:[m[K [01;31m[Kerror: [m[K‘[01m[Kstatic_grid_[m[K’ was not declared in this scope
[7.831s]    33 |         [01;31m[Kstatic_grid_[m[K = std::vector<vector<int>>(1200, std::vector<int>(800));
[7.831s]       |         [01;31m[K^~~~~~~~~~~~[m[K
[7.832s] [01m[K/home/umarv/ws/src/nav_stack/cv_grid/src/cv_grid.cpp:33:36:[m[K [01;31m[Kerror: [m[K‘[01m[Kvector[m[K’ was not declared in this scope
[7.832s]    33 |         static_grid_ = std::vector<[01;31m[Kvector[m[K<int>>(1200, std::vector<int>(800));
[7.833s]       |                                    [01;31m[K^~~~~~[m[K
[7.833s] [01m[K/home/umarv/ws/src/nav_stack/cv_grid/src/cv_grid.cpp:33:36:[m[K [01;36m[Knote: [m[Ksuggested alternatives:
[7.834s] In file included from [01m[K/usr/include/c++/11/vector:67[m[K,
[7.834s]                  from [01m[K/usr/include/c++/11/functional:62[m[K,
[7.834s]                  from [01m[K/usr/include/c++/11/pstl/glue_algorithm_defs.h:13[m[K,
[7.834s]                  from [01m[K/usr/include/c++/11/algorithm:74[m[K,
[7.834s]                  from [01m[K/opt/ros/humble/include/rclcpp/rclcpp/executor.hpp:18[m[K,
[7.834s]                  from [01m[K/opt/ros/humble/include/rclcpp/rclcpp/executors/multi_threaded_executor.hpp:25[m[K,
[7.834s]                  from [01m[K/opt/ros/humble/include/rclcpp/rclcpp/executors.hpp:21[m[K,
[7.834s]                  from [01m[K/opt/ros/humble/include/rclcpp/rclcpp/rclcpp.hpp:155[m[K,
[7.834s]                  from [01m[K/home/umarv/ws/src/nav_stack/cv_grid/src/cv_grid.cpp:1[m[K:
[7.834s] [01m[K/usr/include/c++/11/bits/stl_vector.h:389:11:[m[K [01;36m[Knote: [m[K  ‘[01m[Kstd::vector[m[K’
[7.835s]   389 |     class [01;36m[Kvector[m[K : protected _Vector_base<_Tp, _Alloc>
[7.835s]       |           [01;36m[K^~~~~~[m[K
[7.835s] In file included from [01m[K/usr/include/c++/11/functional:62[m[K,
[7.835s]                  from [01m[K/usr/include/c++/11/pstl/glue_algorithm_defs.h:13[m[K,
[7.835s]                  from [01m[K/usr/include/c++/11/algorithm:74[m[K,
[7.835s]                  from [01m[K/opt/ros/humble/include/rclcpp/rclcpp/executor.hpp:18[m[K,
[7.835s]                  from [01m[K/opt/ros/humble/include/rclcpp/rclcpp/executors/multi_threaded_executor.hpp:25[m[K,
[7.835s]                  from [01m[K/opt/ros/humble/include/rclcpp/rclcpp/executors.hpp:21[m[K,
[7.835s]                  from [01m[K/opt/ros/humble/include/rclcpp/rclcpp/rclcpp.hpp:155[m[K,
[7.835s]                  from [01m[K/home/umarv/ws/src/nav_stack/cv_grid/src/cv_grid.cpp:1[m[K:
[7.835s] [01m[K/usr/include/c++/11/vector:86:13:[m[K [01;36m[Knote: [m[K  ‘[01m[Kstd::pmr::vector[m[K’
[7.835s]    86 |       using [01;36m[Kvector[m[K = std::vector<_Tp, polymorphic_allocator<_Tp>>;
[7.835s]       |             [01;36m[K^~~~~~[m[K
[7.836s] [01m[K/home/umarv/ws/src/nav_stack/cv_grid/src/cv_grid.cpp:33:46:[m[K [01;31m[Kerror: [m[Ktemplate argument 1 is invalid
[7.836s]    33 |         static_grid_ = std::vector<vector<int[01;31m[K>>[m[K(1200, std::vector<int>(800));
[7.836s]       |                                              [01;31m[K^~[m[K
[7.836s] [01m[K/home/umarv/ws/src/nav_stack/cv_grid/src/cv_grid.cpp:33:46:[m[K [01;31m[Kerror: [m[Ktemplate argument 2 is invalid
[7.836s] [01m[K/home/umarv/ws/src/nav_stack/cv_grid/src/cv_grid.cpp:[m[K In member function ‘[01m[Kvoid cv_grid::publishGrid()[m[K’:
[7.837s] [01m[K/home/umarv/ws/src/nav_stack/cv_grid/src/cv_grid.cpp:57:9:[m[K [01;31m[Kerror: [m[Kexpected unqualified-id before ‘[01m[Kdouble[m[K’
[7.837s]    57 |         [01;31m[Kdouble[m[K y_pos = t.transform.translation.y;
[7.837s]       |         [01;31m[K^~~~~~[m[K
[7.841s] [01m[K/home/umarv/ws/src/nav_stack/cv_grid/src/cv_grid.cpp:85:28:[m[K [01;31m[Kerror: [m[Kno matching function for call to ‘[01m[Krclcpp::Publisher<nav_msgs::msg::OccupancyGrid_<std::allocator<void> > >::publish(std::shared_ptr<nav_msgs::msg::OccupancyGrid_<std::allocator<void> > >&)[m[K’
[7.841s]    85 |         [01;31m[Kpublisher_->publish(occupancyGridMsg)[m[K;
[7.841s]       |         [01;31m[K~~~~~~~~~~~~~~~~~~~^~~~~~~~~~~~~~~~~~[m[K
[7.842s] In file included from [01m[K/opt/ros/humble/include/rclcpp/rclcpp/topic_statistics/subscription_topic_statistics.hpp:31[m[K,
[7.843s]                  from [01m[K/opt/ros/humble/include/rclcpp/rclcpp/subscription.hpp:50[m[K,
[7.843s]                  from [01m[K/opt/ros/humble/include/rclcpp/rclcpp/any_executable.hpp:25[m[K,
[7.843s]                  from [01m[K/opt/ros/humble/include/rclcpp/rclcpp/memory_strategy.hpp:25[m[K,
[7.843s]                  from [01m[K/opt/ros/humble/include/rclcpp/rclcpp/memory_strategies.hpp:18[m[K,
[7.844s]                  from [01m[K/opt/ros/humble/include/rclcpp/rclcpp/executor_options.hpp:20[m[K,
[7.844s]                  from [01m[K/opt/ros/humble/include/rclcpp/rclcpp/executor.hpp:37[m[K,
[7.844s]                  from [01m[K/opt/ros/humble/include/rclcpp/rclcpp/executors/multi_threaded_executor.hpp:25[m[K,
[7.845s]                  from [01m[K/opt/ros/humble/include/rclcpp/rclcpp/executors.hpp:21[m[K,
[7.845s]                  from [01m[K/opt/ros/humble/include/rclcpp/rclcpp/rclcpp.hpp:155[m[K,
[7.845s]                  from [01m[K/home/umarv/ws/src/nav_stack/cv_grid/src/cv_grid.cpp:1[m[K:
[7.845s] [01m[K/opt/ros/humble/include/rclcpp/rclcpp/publisher.hpp:251:3:[m[K [01;36m[Knote: [m[Kcandidate: ‘[01m[Ktemplate<class T> std::enable_if_t<(rosidl_generator_traits::is_message<T>::value && std::is_same<T, typename rclcpp::TypeAdapter<MessageT>::ros_message_type>::value)> rclcpp::Publisher<MessageT, AllocatorT>::publish(std::unique_ptr<T, typename std::conditional<std::is_same<typename std::allocator_traits<typename std::allocator_traits<_Allocator>::rebind_traits<typename rclcpp::TypeAdapter<MessageT, void, void>::ros_message_type>::allocator_type>::rebind_alloc<typename rclcpp::TypeAdapter<MessageT, void, void>::ros_message_type>, std::allocator<typename rclcpp::TypeAdapter<MessageT>::ros_message_type> >::value, std::default_delete<typename rclcpp::TypeAdapter<MessageT>::ros_message_type>, rclcpp::allocator::AllocatorDeleter<typename std::allocator_traits<_Allocator>::rebind_traits<typename rclcpp::TypeAdapter<MessageT, void, void>::ros_message_type>::allocator_type> >::type>) [with T = T; MessageT = nav_msgs::msg::OccupancyGrid_<std::allocator<void> >; AllocatorT = std::allocator<void>][m[K’
[7.845s]   251 |   [01;36m[Kpublish[m[K(std::unique_ptr<T, ROSMessageTypeDeleter> msg)
[7.845s]       |   [01;36m[K^~~~~~~[m[K
[7.845s] [01m[K/opt/ros/humble/include/rclcpp/rclcpp/publisher.hpp:251:3:[m[K [01;36m[Knote: [m[K  template argument deduction/substitution failed:
[7.845s] [01m[K/home/umarv/ws/src/nav_stack/cv_grid/src/cv_grid.cpp:85:28:[m[K [01;36m[Knote: [m[K  ‘[01m[Kstd::shared_ptr<nav_msgs::msg::OccupancyGrid_<std::allocator<void> > >[m[K’ is not derived from ‘[01m[Kstd::unique_ptr<T, std::default_delete<nav_msgs::msg::OccupancyGrid_<std::allocator<void> > > >[m[K’
[7.845s]    85 |         [01;36m[Kpublisher_->publish(occupancyGridMsg)[m[K;
[7.846s]       |         [01;36m[K~~~~~~~~~~~~~~~~~~~^~~~~~~~~~~~~~~~~~[m[K
[7.846s] In file included from [01m[K/opt/ros/humble/include/rclcpp/rclcpp/topic_statistics/subscription_topic_statistics.hpp:31[m[K,
[7.846s]                  from [01m[K/opt/ros/humble/include/rclcpp/rclcpp/subscription.hpp:50[m[K,
[7.846s]                  from [01m[K/opt/ros/humble/include/rclcpp/rclcpp/any_executable.hpp:25[m[K,
[7.846s]                  from [01m[K/opt/ros/humble/include/rclcpp/rclcpp/memory_strategy.hpp:25[m[K,
[7.847s]                  from [01m[K/opt/ros/humble/include/rclcpp/rclcpp/memory_strategies.hpp:18[m[K,
[7.847s]                  from [01m[K/opt/ros/humble/include/rclcpp/rclcpp/executor_options.hpp:20[m[K,
[7.847s]                  from [01m[K/opt/ros/humble/include/rclcpp/rclcpp/executor.hpp:37[m[K,
[7.847s]                  from [01m[K/opt/ros/humble/include/rclcpp/rclcpp/executors/multi_threaded_executor.hpp:25[m[K,
[7.847s]                  from [01m[K/opt/ros/humble/include/rclcpp/rclcpp/executors.hpp:21[m[K,
[7.847s]                  from [01m[K/opt/ros/humble/include/rclcpp/rclcpp/rclcpp.hpp:155[m[K,
[7.847s]                  from [01m[K/home/umarv/ws/src/nav_stack/cv_grid/src/cv_grid.cpp:1[m[K:
[7.847s] [01m[K/opt/ros/humble/include/rclcpp/rclcpp/publisher.hpp:292:3:[m[K [01;36m[Knote: [m[Kcandidate: ‘[01m[Ktemplate<class T> std::enable_if_t<(rosidl_generator_traits::is_message<T>::value && std::is_same<T, typename rclcpp::TypeAdapter<MessageT>::ros_message_type>::value)> rclcpp::Publisher<MessageT, AllocatorT>::publish(const T&) [with T = T; MessageT = nav_msgs::msg::OccupancyGrid_<std::allocator<void> >; AllocatorT = std::allocator<void>][m[K’
[7.848s]   292 |   [01;36m[Kpublish[m[K(const T & msg)
[7.848s]       |   [01;36m[K^~~~~~~[m[K
[7.848s] [01m[K/opt/ros/humble/include/rclcpp/rclcpp/publisher.hpp:292:3:[m[K [01;36m[Knote: [m[K  template argument deduction/substitution failed:
[7.848s] In file included from [01m[K/usr/include/c++/11/bits/move.h:57[m[K,
[7.848s]                  from [01m[K/usr/include/c++/11/bits/stl_pair.h:59[m[K,
[7.848s]                  from [01m[K/usr/include/c++/11/bits/stl_algobase.h:64[m[K,
[7.848s]                  from [01m[K/usr/include/c++/11/memory:63[m[K,
[7.848s]                  from [01m[K/opt/ros/humble/include/rclcpp/rclcpp/rclcpp.hpp:153[m[K,
[7.848s]                  from [01m[K/home/umarv/ws/src/nav_stack/cv_grid/src/cv_grid.cpp:1[m[K:
[7.848s] /usr/include/c++/11/type_traits: In substitution of ‘[01m[Ktemplate<bool _Cond, class _Tp> using enable_if_t = typename std::enable_if::type [with bool _Cond = false; _Tp = void][m[K’:
[7.848s] [01m[K/opt/ros/humble/include/rclcpp/rclcpp/publisher.hpp:292:3:[m[K   required by substitution of ‘[01m[Ktemplate<class T> std::enable_if_t<(rosidl_generator_traits::is_message<T>::value && std::is_same<T, nav_msgs::msg::OccupancyGrid_<std::allocator<void> > >::value), void> rclcpp::Publisher<nav_msgs::msg::OccupancyGrid_<std::allocator<void> > >::publish<T>(const T&) [with T = std::shared_ptr<nav_msgs::msg::OccupancyGrid_<std::allocator<void> > >][m[K’
[7.848s] [01m[K/home/umarv/ws/src/nav_stack/cv_grid/src/cv_grid.cpp:85:28:[m[K   required from here
[7.849s] [01m[K/usr/include/c++/11/type_traits:2579:11:[m[K [01;31m[Kerror: [m[Kno type named ‘[01m[Ktype[m[K’ in ‘[01m[Kstruct std::enable_if<false, void>[m[K’
[7.849s]  2579 |     using [01;31m[Kenable_if_t[m[K = typename enable_if<_Cond, _Tp>::type;
[7.849s]       |           [01;31m[K^~~~~~~~~~~[m[K
[7.849s] In file included from [01m[K/opt/ros/humble/include/rclcpp/rclcpp/topic_statistics/subscription_topic_statistics.hpp:31[m[K,
[7.849s]                  from [01m[K/opt/ros/humble/include/rclcpp/rclcpp/subscription.hpp:50[m[K,
[7.849s]                  from [01m[K/opt/ros/humble/include/rclcpp/rclcpp/any_executable.hpp:25[m[K,
[7.849s]                  from [01m[K/opt/ros/humble/include/rclcpp/rclcpp/memory_strategy.hpp:25[m[K,
[7.849s]                  from [01m[K/opt/ros/humble/include/rclcpp/rclcpp/memory_strategies.hpp:18[m[K,
[7.849s]                  from [01m[K/opt/ros/humble/include/rclcpp/rclcpp/executor_options.hpp:20[m[K,
[7.849s]                  from [01m[K/opt/ros/humble/include/rclcpp/rclcpp/executor.hpp:37[m[K,
[7.849s]                  from [01m[K/opt/ros/humble/include/rclcpp/rclcpp/executors/multi_threaded_executor.hpp:25[m[K,
[7.850s]                  from [01m[K/opt/ros/humble/include/rclcpp/rclcpp/executors.hpp:21[m[K,
[7.850s]                  from [01m[K/opt/ros/humble/include/rclcpp/rclcpp/rclcpp.hpp:155[m[K,
[7.850s]                  from [01m[K/home/umarv/ws/src/nav_stack/cv_grid/src/cv_grid.cpp:1[m[K:
[7.850s] [01m[K/opt/ros/humble/include/rclcpp/rclcpp/publisher.hpp:322:3:[m[K [01;36m[Knote: [m[Kcandidate: ‘[01m[Ktemplate<class T> std::enable_if_t<(typename rclcpp::TypeAdapter<MessageT>::is_specialized::value && std::is_same<T, typename rclcpp::TypeAdapter<MessageT>::custom_type>::value)> rclcpp::Publisher<MessageT, AllocatorT>::publish(std::unique_ptr<T, typename std::conditional<std::is_same<typename std::allocator_traits<typename std::allocator_traits<_Allocator>::rebind_traits<typename rclcpp::TypeAdapter<MessageT, void, void>::custom_type>::allocator_type>::rebind_alloc<typename rclcpp::TypeAdapter<MessageT, void, void>::custom_type>, std::allocator<typename rclcpp::TypeAdapter<MessageT>::custom_type> >::value, std::default_delete<typename rclcpp::TypeAdapter<MessageT>::custom_type>, rclcpp::allocator::AllocatorDeleter<typename std::allocator_traits<_Allocator>::rebind_traits<typename rclcpp::TypeAdapter<MessageT, void, void>::custom_type>::allocator_type> >::type>) [with T = T; MessageT = nav_msgs::msg::OccupancyGrid_<std::allocator<void> >; AllocatorT = std::allocator<void>][m[K’
[7.850s]   322 |   [01;36m[Kpublish[m[K(std::unique_ptr<T, PublishedTypeDeleter> msg)
[7.850s]       |   [01;36m[K^~~~~~~[m[K
[7.850s] [01m[K/opt/ros/humble/include/rclcpp/rclcpp/publisher.hpp:322:3:[m[K [01;36m[Knote: [m[K  template argument deduction/substitution failed:
[7.850s] [01m[K/home/umarv/ws/src/nav_stack/cv_grid/src/cv_grid.cpp:85:28:[m[K [01;36m[Knote: [m[K  ‘[01m[Kstd::shared_ptr<nav_msgs::msg::OccupancyGrid_<std::allocator<void> > >[m[K’ is not derived from ‘[01m[Kstd::unique_ptr<T, std::default_delete<nav_msgs::msg::OccupancyGrid_<std::allocator<void> > > >[m[K’
[7.850s]    85 |         [01;36m[Kpublisher_->publish(occupancyGridMsg)[m[K;
[7.850s]       |         [01;36m[K~~~~~~~~~~~~~~~~~~~^~~~~~~~~~~~~~~~~~[m[K
[7.850s] In file included from [01m[K/opt/ros/humble/include/rclcpp/rclcpp/topic_statistics/subscription_topic_statistics.hpp:31[m[K,
[7.850s]                  from [01m[K/opt/ros/humble/include/rclcpp/rclcpp/subscription.hpp:50[m[K,
[7.850s]                  from [01m[K/opt/ros/humble/include/rclcpp/rclcpp/any_executable.hpp:25[m[K,
[7.850s]                  from [01m[K/opt/ros/humble/include/rclcpp/rclcpp/memory_strategy.hpp:25[m[K,
[7.850s]                  from [01m[K/opt/ros/humble/include/rclcpp/rclcpp/memory_strategies.hpp:18[m[K,
[7.850s]                  from [01m[K/opt/ros/humble/include/rclcpp/rclcpp/executor_options.hpp:20[m[K,
[7.851s]                  from [01m[K/opt/ros/humble/include/rclcpp/rclcpp/executor.hpp:37[m[K,
[7.851s]                  from [01m[K/opt/ros/humble/include/rclcpp/rclcpp/executors/multi_threaded_executor.hpp:25[m[K,
[7.851s]                  from [01m[K/opt/ros/humble/include/rclcpp/rclcpp/executors.hpp:21[m[K,
[7.851s]                  from [01m[K/opt/ros/humble/include/rclcpp/rclcpp/rclcpp.hpp:155[m[K,
[7.851s]                  from [01m[K/home/umarv/ws/src/nav_stack/cv_grid/src/cv_grid.cpp:1[m[K:
[7.851s] [01m[K/opt/ros/humble/include/rclcpp/rclcpp/publisher.hpp:364:3:[m[K [01;36m[Knote: [m[Kcandidate: ‘[01m[Ktemplate<class T> std::enable_if_t<(typename rclcpp::TypeAdapter<MessageT>::is_specialized::value && std::is_same<T, typename rclcpp::TypeAdapter<MessageT>::custom_type>::value)> rclcpp::Publisher<MessageT, AllocatorT>::publish(const T&) [with T = T; MessageT = nav_msgs::msg::OccupancyGrid_<std::allocator<void> >; AllocatorT = std::allocator<void>][m[K’
[7.851s]   364 |   [01;36m[Kpublish[m[K(const T & msg)
[7.851s]       |   [01;36m[K^~~~~~~[m[K
[7.851s] [01m[K/opt/ros/humble/include/rclcpp/rclcpp/publisher.hpp:364:3:[m[K [01;36m[Knote: [m[K  template argument deduction/substitution failed:
[7.851s] [01m[K/opt/ros/humble/include/rclcpp/rclcpp/publisher.hpp:383:3:[m[K [01;36m[Knote: [m[Kcandidate: ‘[01m[Kvoid rclcpp::Publisher<MessageT, AllocatorT>::publish(const rcl_serialized_message_t&) [with MessageT = nav_msgs::msg::OccupancyGrid_<std::allocator<void> >; AllocatorT = std::allocator<void>; rcl_serialized_message_t = rcutils_uint8_array_s][m[K’
[7.851s]   383 |   [01;36m[Kpublish[m[K(const rcl_serialized_message_t & serialized_msg)
[7.851s]       |   [01;36m[K^~~~~~~[m[K
[7.851s] [01m[K/opt/ros/humble/include/rclcpp/rclcpp/publisher.hpp:383:44:[m[K [01;36m[Knote: [m[K  no known conversion for argument 1 from ‘[01m[Kstd::shared_ptr<nav_msgs::msg::OccupancyGrid_<std::allocator<void> > >[m[K’ to ‘[01m[Kconst rcl_serialized_message_t&[m[K’ {aka ‘[01m[Kconst rcutils_uint8_array_s&[m[K’}
[7.851s]   383 |   publish([01;36m[Kconst rcl_serialized_message_t & serialized_msg[m[K)
[7.851s]       |           [01;36m[K~~~~~~~~~~~~~~~~~~~~~~~~~~~~~~~~~^~~~~~~~~~~~~~[m[K
[7.851s] [01m[K/opt/ros/humble/include/rclcpp/rclcpp/publisher.hpp:389:3:[m[K [01;36m[Knote: [m[Kcandidate: ‘[01m[Kvoid rclcpp::Publisher<MessageT, AllocatorT>::publish(const rclcpp::SerializedMessage&) [with MessageT = nav_msgs::msg::OccupancyGrid_<std::allocator<void> >; AllocatorT = std::allocator<void>][m[K’
[7.851s]   389 |   [01;36m[Kpublish[m[K(const SerializedMessage & serialized_msg)
[7.852s]       |   [01;36m[K^~~~~~~[m[K
[7.852s] [01m[K/opt/ros/humble/include/rclcpp/rclcpp/publisher.hpp:389:37:[m[K [01;36m[Knote: [m[K  no known conversion for argument 1 from ‘[01m[Kstd::shared_ptr<nav_msgs::msg::OccupancyGrid_<std::allocator<void> > >[m[K’ to ‘[01m[Kconst rclcpp::SerializedMessage&[m[K’
[7.852s]   389 |   publish([01;36m[Kconst SerializedMessage & serialized_msg[m[K)
[7.852s]       |           [01;36m[K~~~~~~~~~~~~~~~~~~~~~~~~~~^~~~~~~~~~~~~~[m[K
[7.852s] [01m[K/opt/ros/humble/include/rclcpp/rclcpp/publisher.hpp:403:3:[m[K [01;36m[Knote: [m[Kcandidate: ‘[01m[Kvoid rclcpp::Publisher<MessageT, AllocatorT>::publish(rclcpp::LoanedMessage<typename rclcpp::TypeAdapter<MessageT>::ros_message_type, AllocatorT>&&) [with MessageT = nav_msgs::msg::OccupancyGrid_<std::allocator<void> >; AllocatorT = std::allocator<void>; typename rclcpp::TypeAdapter<MessageT>::ros_message_type = nav_msgs::msg::OccupancyGrid_<std::allocator<void> >][m[K’
[7.852s]   403 |   [01;36m[Kpublish[m[K(rclcpp::LoanedMessage<ROSMessageType, AllocatorT> && loaned_msg)
[7.852s]       |   [01;36m[K^~~~~~~[m[K
[7.853s] [01m[K/opt/ros/humble/include/rclcpp/rclcpp/publisher.hpp:403:64:[m[K [01;36m[Knote: [m[K  no known conversion for argument 1 from ‘[01m[Kstd::shared_ptr<nav_msgs::msg::OccupancyGrid_<std::allocator<void> > >[m[K’ to ‘[01m[Krclcpp::LoanedMessage<nav_msgs::msg::OccupancyGrid_<std::allocator<void> >, std::allocator<void> >&&[m[K’
[7.853s]   403 |   publish([01;36m[Krclcpp::LoanedMessage<ROSMessageType, AllocatorT> && loaned_msg[m[K)
[7.853s]       |           [01;36m[K~~~~~~~~~~~~~~~~~~~~~~~~~~~~~~~~~~~~~~~~~~~~~~~~~~~~~^~~~~~~~~~[m[K
[7.853s] [01m[K/home/umarv/ws/src/nav_stack/cv_grid/src/cv_grid.cpp:56:16:[m[K [01;35m[Kwarning: [m[Kunused variable ‘[01m[Kx_pos[m[K’ [[01;35m[K]8;;https://gcc.gnu.org/onlinedocs/gcc/Warning-Options.html#index-Wunused-variable-Wunused-variable]8;;[m[K]
[7.853s]    56 |         double [01;35m[Kx_pos[m[K = t.transform.translation.x,
[7.853s]       |                [01;35m[K^~~~~[m[K
[7.853s] [01m[K/home/umarv/ws/src/nav_stack/cv_grid/src/cv_grid.cpp:[m[K In member function ‘[01m[Kvoid cv_grid::cv_grid_callback(const int&)[m[K’:
[7.853s] [01m[K/home/umarv/ws/src/nav_stack/cv_grid/src/cv_grid.cpp:91:39:[m[K [01;31m[Kerror: [m[Kbase operand of ‘[01m[K->[m[K’ is not a pointer
[7.853s]    91 |         int global_origin_x = occ_grid[01;31m[K->[m[Kinfo.origin.position.x;
[7.854s]       |                                       [01;31m[K^~[m[K
[7.854s] [01m[K/home/umarv/ws/src/nav_stack/cv_grid/src/cv_grid.cpp:92:39:[m[K [01;31m[Kerror: [m[Kbase operand of ‘[01m[K->[m[K’ is not a pointer
[7.854s]    92 |         int global_origin_y = occ_grid[01;31m[K->[m[Kinfo.origin.position.y;
[7.854s]       |                                       [01;31m[K^~[m[K
[7.854s] [01m[K/home/umarv/ws/src/nav_stack/cv_grid/src/cv_grid.cpp:94:34:[m[K [01;31m[Kerror: [m[Kbase operand of ‘[01m[K->[m[K’ is not a pointer
[7.854s]    94 |         int resolution = occ_grid[01;31m[K->[m[Kinfo.resolution;
[7.854s]       |                                  [01;31m[K^~[m[K
[7.854s] [01m[K/home/umarv/ws/src/nav_stack/cv_grid/src/cv_grid.cpp:96:29:[m[K [01;31m[Kerror: [m[Kbase operand of ‘[01m[K->[m[K’ is not a pointer
[7.854s]    96 |         int width = occ_grid[01;31m[K->[m[Kinfo.width;
[7.855s]       |                             [01;31m[K^~[m[K
[7.855s] [01m[K/home/umarv/ws/src/nav_stack/cv_grid/src/cv_grid.cpp:97:30:[m[K [01;31m[Kerror: [m[Kbase operand of ‘[01m[K->[m[K’ is not a pointer
[7.855s]    97 |         int height = occ_grid[01;31m[K->[m[Kinfo.height;
[7.855s]       |                              [01;31m[K^~[m[K
[7.858s] [01m[K/home/umarv/ws/src/nav_stack/cv_grid/src/cv_grid.cpp:104:17:[m[K [01;31m[Kerror: [m[K‘[01m[Kstatic_grid_[m[K’ was not declared in this scope
[7.859s]   104 |                 [01;31m[Kstatic_grid_[m[K[grid_origin_x+j][grid_origin_y - i] = occ_grid->data[width*i + j]
[7.859s]       |                 [01;31m[K^~~~~~~~~~~~[m[K
[7.859s] [01m[K/home/umarv/ws/src/nav_stack/cv_grid/src/cv_grid.cpp:104:76:[m[K [01;31m[Kerror: [m[Kbase operand of ‘[01m[K->[m[K’ is not a pointer
[7.859s]   104 |                 static_grid_[grid_origin_x+j][grid_origin_y - i] = occ_grid[01;31m[K->[m[Kdata[width*i + j]
[7.859s]       |                                                                            [01;31m[K^~[m[K
[7.870s] [01m[K/home/umarv/ws/src/nav_stack/cv_grid/src/cv_grid.cpp:[m[K In function ‘[01m[Kint main(int, char**)[m[K’:
[7.870s] [01m[K/home/umarv/ws/src/nav_stack/cv_grid/src/cv_grid.cpp:124:45:[m[K [01;31m[Kerror: [m[Kexpected ‘[01m[K)[m[K’ before ‘[01m[K;[m[K’ token
[7.871s]   124 |     rclcpp::spin[34m[K([m[Kstd::make_shared<cv_grid>()[01;31m[K;[m[K);
[7.871s]       |                 [34m[K~[m[K                           [01;31m[K^[m[K
[7.871s]       |                                             [32m[K)[m[K
[7.871s] [01m[K/home/umarv/ws/src/nav_stack/cv_grid/src/cv_grid.cpp:124:46:[m[K [01;31m[Kerror: [m[Kexpected primary-expression before ‘[01m[K)[m[K’ token
[7.871s]   124 |     rclcpp::spin(std::make_shared<cv_grid>();[01;31m[K)[m[K;
[7.871s]       |                                              [01;31m[K^[m[K
[9.819s] gmake[2]: *** [CMakeFiles/cv_grid.dir/build.make:76: CMakeFiles/cv_grid.dir/src/cv_grid.cpp.o] Error 1
[9.819s] gmake[1]: *** [CMakeFiles/Makefile2:137: CMakeFiles/cv_grid.dir/all] Error 2
[9.819s] gmake: *** [Makefile:146: all] Error 2
[9.823s] Invoked command in '/home/umarv/ws/src/nav_stack/cv_grid/build/cv_grid' returned '2': CMAKE_PREFIX_PATH=${CMAKE_PREFIX_PATH}:/opt/ros/humble /usr/bin/cmake --build /home/umarv/ws/src/nav_stack/cv_grid/build/cv_grid -- -j8 -l8
