[0.137s] Invoking command in '/home/umarv/ws/src/nav_stack/occupub/build/occupub': CMAKE_PREFIX_PATH=${CMAKE_PREFIX_PATH}:/opt/ros/humble /usr/bin/cmake --build /home/umarv/ws/src/nav_stack/occupub/build/occupub -- -j8 -l8
[0.335s] [35m[1mConsolidate compiler generated dependencies of target occupub[0m
[0.362s] [ 50%] [32mBuilding CXX object CMakeFiles/occupub.dir/src/grid_generator.cpp.o[0m
[7.522s] In file included from [01m[K/opt/ros/humble/include/rclcpp/rclcpp/logging.hpp:24[m[K,
[7.522s]                  from [01m[K/opt/ros/humble/include/rclcpp/rclcpp/client.hpp:40[m[K,
[7.522s]                  from [01m[K/opt/ros/humble/include/rclcpp/rclcpp/callback_group.hpp:24[m[K,
[7.522s]                  from [01m[K/opt/ros/humble/include/rclcpp/rclcpp/any_executable.hpp:20[m[K,
[7.522s]                  from [01m[K/opt/ros/humble/include/rclcpp/rclcpp/memory_strategy.hpp:25[m[K,
[7.522s]                  from [01m[K/opt/ros/humble/include/rclcpp/rclcpp/memory_strategies.hpp:18[m[K,
[7.522s]                  from [01m[K/opt/ros/humble/include/rclcpp/rclcpp/executor_options.hpp:20[m[K,
[7.522s]                  from [01m[K/opt/ros/humble/include/rclcpp/rclcpp/executor.hpp:37[m[K,
[7.522s]                  from [01m[K/opt/ros/humble/include/rclcpp/rclcpp/executors/multi_threaded_executor.hpp:25[m[K,
[7.522s]                  from [01m[K/opt/ros/humble/include/rclcpp/rclcpp/executors.hpp:21[m[K,
[7.522s]                  from [01m[K/opt/ros/humble/include/rclcpp/rclcpp/rclcpp.hpp:155[m[K,
[7.522s]                  from [01m[K/home/umarv/ws/src/nav_stack/occupub/src/grid_generator.cpp:1[m[K:
[7.523s] [01m[K/home/umarv/ws/src/nav_stack/occupub/src/grid_generator.cpp:[m[K In member function ‘[01m[Kvoid OccupancyGridGenerator::publishGrid()[m[K’:
[7.523s] [01m[K/home/umarv/ws/src/nav_stack/occupub/src/grid_generator.cpp:45:35:[m[K [01;31m[Kerror: [m[Kcannot convert ‘[01m[Knav_msgs::msg::OccupancyGrid[m[K’ {aka ‘[01m[Knav_msgs::msg::OccupancyGrid_<std::allocator<void> >[m[K’} to ‘[01m[Kconst char*[m[K’
[7.523s]    45 |         RCLCPP_INFO(get_logger(), [01;31m[KoccupancyGridMsg[m[K);
[7.523s]       |                                   [01;31m[K^~~~~~~~~~~~~~~~[m[K
[7.523s]       |                                   [01;31m[K|[m[K
[7.523s]       |                                   [01;31m[Knav_msgs::msg::OccupancyGrid {aka nav_msgs::msg::OccupancyGrid_<std::allocator<void> >}[m[K
[7.523s] In file included from [01m[K/opt/ros/humble/include/rmw/rmw/types.h:28[m[K,
[7.523s]                  from [01m[K/opt/ros/humble/include/rcl/rcl/types.h:20[m[K,
[7.523s]                  from [01m[K/opt/ros/humble/include/rcl/rcl/log_level.h:22[m[K,
[7.523s]                  from [01m[K/opt/ros/humble/include/rcl/rcl/arguments.h:21[m[K,
[7.524s]                  from [01m[K/opt/ros/humble/include/rcl/rcl/context.h:28[m[K,
[7.524s]                  from [01m[K/opt/ros/humble/include/rcl/rcl/guard_condition.h:26[m[K,
[7.524s]                  from [01m[K/opt/ros/humble/include/rclcpp/rclcpp/executor.hpp:30[m[K,
[7.524s]                  from [01m[K/opt/ros/humble/include/rclcpp/rclcpp/executors/multi_threaded_executor.hpp:25[m[K,
[7.524s]                  from [01m[K/opt/ros/humble/include/rclcpp/rclcpp/executors.hpp:21[m[K,
[7.524s]                  from [01m[K/opt/ros/humble/include/rclcpp/rclcpp/rclcpp.hpp:155[m[K,
[7.524s]                  from [01m[K/home/umarv/ws/src/nav_stack/occupub/src/grid_generator.cpp:1[m[K:
[7.524s] [01m[K/opt/ros/humble/include/rcutils/rcutils/logging.h:479:16:[m[K [01;36m[Knote: [m[K  initializing argument 4 of ‘[01m[Kvoid rcutils_log(const rcutils_log_location_t*, int, const char*, const char*, ...)[m[K’
[7.524s]   479 |   [01;36m[Kconst char * format[m[K,
[7.524s]       |   [01;36m[K~~~~~~~~~~~~~^~~~~~[m[K
[9.673s] gmake[2]: *** [CMakeFiles/occupub.dir/build.make:76: CMakeFiles/occupub.dir/src/grid_generator.cpp.o] Error 1
[9.674s] gmake[1]: *** [CMakeFiles/Makefile2:137: CMakeFiles/occupub.dir/all] Error 2
[9.674s] gmake: *** [Makefile:146: all] Error 2
[9.680s] Invoked command in '/home/umarv/ws/src/nav_stack/occupub/build/occupub' returned '2': CMAKE_PREFIX_PATH=${CMAKE_PREFIX_PATH}:/opt/ros/humble /usr/bin/cmake --build /home/umarv/ws/src/nav_stack/occupub/build/occupub -- -j8 -l8
