[35m[1mConsolidate compiler generated dependencies of target nav2_straightline_planner_plugin[0m
[ 33%] [32mBuilding CXX object CMakeFiles/nav2_straightline_planner_plugin.dir/src/straight_line_planner.cpp.o[0m
[ 66%] [32mBuilding CXX object CMakeFiles/nav2_straightline_planner_plugin.dir/src/rpastar.cpp.o[0m
In file included from [01m[K/home/umarv/ws/src/navigation2_tutorials/nav2_straightline_planner/src/rpastar.cpp:3[m[K:
[01m[K/home/umarv/ws/src/navigation2_tutorials/nav2_straightline_planner/include/nav2_straightline_planner/rpastar.h:[m[K In member function ‘[01m[Kconst bool& nav2_straightline_planner::rpastar::Node::operator==(const nav2_straightline_planner::rpastar::Node&)[m[K’:
[01m[K/home/umarv/ws/src/navigation2_tutorials/nav2_straightline_planner/include/nav2_straightline_planner/rpastar.h:44:36:[m[K [01;35m[Kwarning: [m[Kreturning reference to temporary [[01;35m[K-Wreturn-local-addr[m[K]
   44 |                 return [01;35m[Kthis->state == rhs.state[m[K;
      |                        [01;35m[K~~~~~~~~~~~~^~~~~~~~~~~~[m[K
[01m[K/home/umarv/ws/src/navigation2_tutorials/nav2_straightline_planner/src/rpastar.cpp:[m[K In member function ‘[01m[Kvoid nav2_straightline_planner::rpastar::search()[m[K’:
[01m[K/home/umarv/ws/src/navigation2_tutorials/nav2_straightline_planner/src/rpastar.cpp:112:37:[m[K [01;31m[Kerror: [m[Kexpected ‘[01m[K;[m[K’ before ‘[01m[K}[m[K’ token
  112 |     std::cout <<"Search concluded\n"
      |                                     [01;31m[K^[m[K
      |                                     [32m[K;[m[K
  113 | 
  114 | [32m[K}[m[K
      | [32m[K~[m[K                                    
In file included from [01m[K/home/umarv/ws/src/navigation2_tutorials/nav2_straightline_planner/src/straight_line_planner.cpp:49[m[K:
[01m[K/home/umarv/ws/src/navigation2_tutorials/nav2_straightline_planner/include/nav2_straightline_planner/rpastar.h:[m[K In member function ‘[01m[Kconst bool& nav2_straightline_planner::rpastar::Node::operator==(const nav2_straightline_planner::rpastar::Node&)[m[K’:
[01m[K/home/umarv/ws/src/navigation2_tutorials/nav2_straightline_planner/include/nav2_straightline_planner/rpastar.h:44:36:[m[K [01;35m[Kwarning: [m[Kreturning reference to temporary [[01;35m[K-Wreturn-local-addr[m[K]
   44 |                 return [01;35m[Kthis->state == rhs.state[m[K;
      |                        [01;35m[K~~~~~~~~~~~~^~~~~~~~~~~~[m[K
gmake[2]: *** [CMakeFiles/nav2_straightline_planner_plugin.dir/build.make:90: CMakeFiles/nav2_straightline_planner_plugin.dir/src/rpastar.cpp.o] Error 1
gmake[2]: *** Waiting for unfinished jobs....
gmake[1]: *** [CMakeFiles/Makefile2:137: CMakeFiles/nav2_straightline_planner_plugin.dir/all] Error 2
gmake: *** [Makefile:146: all] Error 2
