[0.176s] Invoking command in '/home/umarv/ws/build/nav2_straightline_planner': /usr/bin/cmake --build /home/umarv/ws/build/nav2_straightline_planner -- -j8 -l8
[0.201s] [35m[1mConsolidate compiler generated dependencies of target nav2_straightline_planner_plugin[0m
[0.216s] [ 50%] [32mBuilding CXX object CMakeFiles/nav2_straightline_planner_plugin.dir/src/straight_line_planner.cpp.o[0m
[2.868s] In file included from [01m[K/home/umarv/ws/src/navigation2_tutorials/nav2_straightline_planner/src/straight_line_planner.cpp:49[m[K:
[2.869s] [01m[K/home/umarv/ws/src/navigation2_tutorials/nav2_straightline_planner/include/nav2_straightline_planner/rpastar.h:[m[K In member function ‘[01m[Kconst bool& rpastar::Node::operator==(const rpastar::Node&)[m[K’:
[2.869s] [01m[K/home/umarv/ws/src/navigation2_tutorials/nav2_straightline_planner/include/nav2_straightline_planner/rpastar.h:42:36:[m[K [01;35m[Kwarning: [m[Kreturning reference to temporary [[01;35m[K-Wreturn-local-addr[m[K]
[2.869s]    42 |                 return [01;35m[Kthis->state == rhs.state[m[K;
[2.869s]       |                        [01;35m[K~~~~~~~~~~~~^~~~~~~~~~~~[m[K
[2.877s] [01m[K/home/umarv/ws/src/navigation2_tutorials/nav2_straightline_planner/src/straight_line_planner.cpp:[m[K In member function ‘[01m[Kbool nav2_straightline_planner::StraightLine::makePlan(const PoseStamped&, const PoseStamped&, std::vector<geometry_msgs::msg::PoseStamped_<std::allocator<void> >, std::allocator<geometry_msgs::msg::PoseStamped_<std::allocator<void> > > >&)[m[K’:
[2.877s] [01m[K/home/umarv/ws/src/navigation2_tutorials/nav2_straightline_planner/src/straight_line_planner.cpp:157:41:[m[K [01;31m[Kerror: [m[Kno matching function for call to ‘[01m[Krpastar::rpastar(std::pair<int, int>&, std::pair<int, int>&, nav2_costmap_2d::Costmap2D*&)[m[K’
[2.878s]   157 |     rpastar runner(first, last, costmap_[01;31m[K)[m[K;
[2.878s]       |                                         [01;31m[K^[m[K
[2.878s] In file included from [01m[K/home/umarv/ws/src/navigation2_tutorials/nav2_straightline_planner/src/straight_line_planner.cpp:49[m[K:
[2.878s] [01m[K/home/umarv/ws/src/navigation2_tutorials/nav2_straightline_planner/include/nav2_straightline_planner/rpastar.h:64:9:[m[K [01;36m[Knote: [m[Kcandidate: ‘[01m[Krpastar::rpastar(std::pair<int, int>, std::pair<int, int>, nav2_costmap_2d::Costmap2DROS*)[m[K’
[2.878s]    64 |         [01;36m[Krpastar[m[K(std::pair<int,int> start_state_in, std::pair<int,int> target_state_in, nav2_costmap_2d::Costmap2DROS* msg);
[2.878s]       |         [01;36m[K^~~~~~~[m[K
[2.878s] [01m[K/home/umarv/ws/src/navigation2_tutorials/nav2_straightline_planner/include/nav2_straightline_planner/rpastar.h:64:119:[m[K [01;36m[Knote: [m[K  no known conversion for argument 3 from ‘[01m[Knav2_costmap_2d::Costmap2D*[m[K’ to ‘[01m[Knav2_costmap_2d::Costmap2DROS*[m[K’
[2.878s]    64 | tar(std::pair<int,int> start_state_in, std::pair<int,int> target_state_in, [01;36m[Knav2_costmap_2d::Costmap2DROS* msg[m[K);
[2.878s]       |                                                                            [01;36m[K~~~~~~~~~~~~~~~~~~~~~~~~~~~~~~~^~~[m[K
[2.878s] 
[2.878s] [01m[K/home/umarv/ws/src/navigation2_tutorials/nav2_straightline_planner/include/nav2_straightline_planner/rpastar.h:12:7:[m[K [01;36m[Knote: [m[Kcandidate: ‘[01m[Krpastar::rpastar(const rpastar&)[m[K’
[2.878s]    12 | class [01;36m[Krpastar[m[K
[2.878s]       |       [01;36m[K^~~~~~~[m[K
[2.878s] [01m[K/home/umarv/ws/src/navigation2_tutorials/nav2_straightline_planner/include/nav2_straightline_planner/rpastar.h:12:7:[m[K [01;36m[Knote: [m[K  candidate expects 1 argument, 3 provided
[2.878s] [01m[K/home/umarv/ws/src/navigation2_tutorials/nav2_straightline_planner/include/nav2_straightline_planner/rpastar.h:12:7:[m[K [01;36m[Knote: [m[Kcandidate: ‘[01m[Krpastar::rpastar(rpastar&&)[m[K’
[2.878s] [01m[K/home/umarv/ws/src/navigation2_tutorials/nav2_straightline_planner/include/nav2_straightline_planner/rpastar.h:12:7:[m[K [01;36m[Knote: [m[K  candidate expects 1 argument, 3 provided
[4.008s] gmake[2]: *** [CMakeFiles/nav2_straightline_planner_plugin.dir/build.make:76: CMakeFiles/nav2_straightline_planner_plugin.dir/src/straight_line_planner.cpp.o] Error 1
[4.009s] gmake[1]: *** [CMakeFiles/Makefile2:137: CMakeFiles/nav2_straightline_planner_plugin.dir/all] Error 2
[4.009s] gmake: *** [Makefile:146: all] Error 2
[4.012s] Invoked command in '/home/umarv/ws/build/nav2_straightline_planner' returned '2': /usr/bin/cmake --build /home/umarv/ws/build/nav2_straightline_planner -- -j8 -l8
