[0.120s] Invoking command in '/home/umarv/ws/src/nav_stack/occupub/build/occupub': CMAKE_PREFIX_PATH=${CMAKE_PREFIX_PATH}:/opt/ros/humble /usr/bin/cmake --build /home/umarv/ws/src/nav_stack/occupub/build/occupub -- -j8 -l8
[0.306s] [35m[1mConsolidate compiler generated dependencies of target merge_costmap_sub[0m
[0.340s] [ 50%] Built target occupub
[0.354s] [ 75%] [32mBuilding CXX object CMakeFiles/merge_costmap_sub.dir/src/merge_costmap.cpp.o[0m
[15.987s] [100%] [32m[1mLinking CXX executable merge_costmap_sub[0m
[16.919s] [100%] Built target merge_costmap_sub
[16.937s] Invoked command in '/home/umarv/ws/src/nav_stack/occupub/build/occupub' returned '0': CMAKE_PREFIX_PATH=${CMAKE_PREFIX_PATH}:/opt/ros/humble /usr/bin/cmake --build /home/umarv/ws/src/nav_stack/occupub/build/occupub -- -j8 -l8
[16.989s] Invoking command in '/home/umarv/ws/src/nav_stack/occupub/build/occupub': CMAKE_PREFIX_PATH=${CMAKE_PREFIX_PATH}:/opt/ros/humble /usr/bin/cmake --install /home/umarv/ws/src/nav_stack/occupub/build/occupub
[16.996s] -- Install configuration: ""
[16.996s] -- Up-to-date: /home/umarv/ws/src/nav_stack/occupub/install/occupub/share/ament_index/resource_index/package_run_dependencies/occupub
[16.997s] -- Up-to-date: /home/umarv/ws/src/nav_stack/occupub/install/occupub/share/ament_index/resource_index/parent_prefix_path/occupub
[16.997s] -- Up-to-date: /home/umarv/ws/src/nav_stack/occupub/install/occupub/share/occupub/environment/ament_prefix_path.sh
[16.997s] -- Up-to-date: /home/umarv/ws/src/nav_stack/occupub/install/occupub/share/occupub/environment/ament_prefix_path.dsv
[16.997s] -- Up-to-date: /home/umarv/ws/src/nav_stack/occupub/install/occupub/share/occupub/environment/path.sh
[16.998s] -- Up-to-date: /home/umarv/ws/src/nav_stack/occupub/install/occupub/share/occupub/environment/path.dsv
[16.998s] -- Up-to-date: /home/umarv/ws/src/nav_stack/occupub/install/occupub/share/occupub/local_setup.bash
[16.998s] -- Up-to-date: /home/umarv/ws/src/nav_stack/occupub/install/occupub/share/occupub/local_setup.sh
[16.998s] -- Up-to-date: /home/umarv/ws/src/nav_stack/occupub/install/occupub/share/occupub/local_setup.zsh
[16.999s] -- Up-to-date: /home/umarv/ws/src/nav_stack/occupub/install/occupub/share/occupub/local_setup.dsv
[16.999s] -- Installing: /home/umarv/ws/src/nav_stack/occupub/install/occupub/share/occupub/package.dsv
[16.999s] -- Up-to-date: /home/umarv/ws/src/nav_stack/occupub/install/occupub/share/ament_index/resource_index/packages/occupub
[16.999s] -- Up-to-date: /home/umarv/ws/src/nav_stack/occupub/install/occupub/share/occupub/cmake/occupubConfig.cmake
[16.999s] -- Up-to-date: /home/umarv/ws/src/nav_stack/occupub/install/occupub/share/occupub/cmake/occupubConfig-version.cmake
[16.999s] -- Up-to-date: /home/umarv/ws/src/nav_stack/occupub/install/occupub/share/occupub/package.xml
[16.999s] -- Up-to-date: /home/umarv/ws/src/nav_stack/occupub/install/occupub/lib/occupub/occupub
[16.999s] -- Installing: /home/umarv/ws/src/nav_stack/occupub/install/occupub/lib/occupub/merge_costmap_sub
[17.015s] -- Set runtime path of "/home/umarv/ws/src/nav_stack/occupub/install/occupub/lib/occupub/merge_costmap_sub" to ""
[17.019s] Invoked command in '/home/umarv/ws/src/nav_stack/occupub/build/occupub' returned '0': CMAKE_PREFIX_PATH=${CMAKE_PREFIX_PATH}:/opt/ros/humble /usr/bin/cmake --install /home/umarv/ws/src/nav_stack/occupub/build/occupub
