[2.070s] DEBUG:colcon:Command line arguments: ['/usr/bin/colcon', 'build']
[2.070s] DEBUG:colcon:Parsed command line arguments: Namespace(log_base=None, log_level=None, verb_name='build', build_base='build', install_base='install', merge_install=False, symlink_install=False, test_result_base=None, continue_on_error=False, executor='parallel', parallel_workers=8, event_handlers=None, ignore_user_meta=False, metas=['./colcon.meta'], base_paths=['.'], packages_ignore=None, packages_ignore_regex=None, paths=None, packages_up_to=None, packages_up_to_regex=None, packages_above=None, packages_above_and_dependencies=None, packages_above_depth=None, packages_select_by_dep=None, packages_skip_by_dep=None, packages_skip_up_to=None, packages_select_build_failed=False, packages_skip_build_finished=False, packages_select_test_failures=False, packages_skip_test_passed=False, packages_select=None, packages_skip=None, packages_select_regex=None, packages_skip_regex=None, packages_start=None, packages_end=None, cmake_args=None, cmake_target=None, cmake_target_skip_unavailable=False, cmake_clean_cache=False, cmake_clean_first=False, cmake_force_configure=False, ament_cmake_args=None, catkin_cmake_args=None, catkin_skip_building_tests=False, mixin_files=None, mixin=None, verb_parser=<colcon_mixin.mixin.mixin_argument.MixinArgumentDecorator object at 0x7f8cfcef0b50>, verb_extension=<colcon_core.verb.build.BuildVerb object at 0x7f8cfcef1210>, main=<bound method BuildVerb.main of <colcon_core.verb.build.BuildVerb object at 0x7f8cfcef1210>>, mixin_verb=('build',))
[2.176s] Level 1:colcon.colcon_core.package_discovery:discover_packages(colcon_meta) check parameters
[2.177s] Level 1:colcon.colcon_core.package_discovery:discover_packages(recursive) check parameters
[2.177s] Level 1:colcon.colcon_core.package_discovery:discover_packages(ignore) check parameters
[2.177s] Level 1:colcon.colcon_core.package_discovery:discover_packages(path) check parameters
[2.177s] Level 1:colcon.colcon_core.package_discovery:discover_packages(colcon_meta) discover
[2.178s] Level 1:colcon.colcon_core.package_discovery:discover_packages(recursive) discover
[2.178s] INFO:colcon.colcon_core.package_discovery:Crawling recursively for packages in '/home/umarv/ws/src/nav_stack'
[2.179s] Level 1:colcon.colcon_core.package_identification:_identify(.) by extensions ['ignore', 'ignore_ament_install']
[2.179s] Level 1:colcon.colcon_core.package_identification:_identify(.) by extension 'ignore'
[2.179s] Level 1:colcon.colcon_core.package_identification:_identify(.) by extension 'ignore_ament_install'
[2.180s] Level 1:colcon.colcon_core.package_identification:_identify(.) by extensions ['colcon_pkg']
[2.180s] Level 1:colcon.colcon_core.package_identification:_identify(.) by extension 'colcon_pkg'
[2.180s] Level 1:colcon.colcon_core.package_identification:_identify(.) by extensions ['colcon_meta']
[2.180s] Level 1:colcon.colcon_core.package_identification:_identify(.) by extension 'colcon_meta'
[2.180s] Level 1:colcon.colcon_core.package_identification:_identify(.) by extensions ['ros']
[2.180s] Level 1:colcon.colcon_core.package_identification:_identify(.) by extension 'ros'
[2.244s] DEBUG:colcon.colcon_core.package_identification:Package '.' with type 'ros.ament_cmake' and name 'cv-integration'
[2.244s] Level 1:colcon.colcon_core.package_discovery:discover_packages(recursive) using defaults
[2.244s] Level 1:colcon.colcon_core.package_discovery:discover_packages(ignore) discover
[2.244s] Level 1:colcon.colcon_core.package_discovery:discover_packages(ignore) using defaults
[2.244s] Level 1:colcon.colcon_core.package_discovery:discover_packages(path) discover
[2.245s] Level 1:colcon.colcon_core.package_discovery:discover_packages(path) using defaults
[2.375s] Level 5:colcon.colcon_core.verb:set package 'cv-integration' build argument 'cmake_args' from command line to 'None'
[2.375s] Level 5:colcon.colcon_core.verb:set package 'cv-integration' build argument 'cmake_target' from command line to 'None'
[2.375s] Level 5:colcon.colcon_core.verb:set package 'cv-integration' build argument 'cmake_target_skip_unavailable' from command line to 'False'
[2.375s] Level 5:colcon.colcon_core.verb:set package 'cv-integration' build argument 'cmake_clean_cache' from command line to 'False'
[2.376s] Level 5:colcon.colcon_core.verb:set package 'cv-integration' build argument 'cmake_clean_first' from command line to 'False'
[2.376s] Level 5:colcon.colcon_core.verb:set package 'cv-integration' build argument 'cmake_force_configure' from command line to 'False'
[2.376s] Level 5:colcon.colcon_core.verb:set package 'cv-integration' build argument 'ament_cmake_args' from command line to 'None'
[2.376s] Level 5:colcon.colcon_core.verb:set package 'cv-integration' build argument 'catkin_cmake_args' from command line to 'None'
[2.376s] Level 5:colcon.colcon_core.verb:set package 'cv-integration' build argument 'catkin_skip_building_tests' from command line to 'False'
[2.376s] DEBUG:colcon.colcon_core.verb:Building package 'cv-integration' with the following arguments: {'ament_cmake_args': None, 'build_base': '/home/umarv/ws/src/nav_stack/build/cv-integration', 'catkin_cmake_args': None, 'catkin_skip_building_tests': False, 'cmake_args': None, 'cmake_clean_cache': False, 'cmake_clean_first': False, 'cmake_force_configure': False, 'cmake_target': None, 'cmake_target_skip_unavailable': False, 'install_base': '/home/umarv/ws/src/nav_stack/install/cv-integration', 'merge_install': False, 'path': '/home/umarv/ws/src/nav_stack', 'symlink_install': False, 'test_result_base': None}
[2.396s] INFO:colcon.colcon_core.executor:Executing jobs using 'parallel' executor
[2.418s] DEBUG:colcon.colcon_parallel_executor.executor.parallel:run_until_complete
[2.418s] INFO:colcon.colcon_ros.task.ament_cmake.build:Building ROS package in '/home/umarv/ws/src/nav_stack' with build type 'ament_cmake'
[2.419s] INFO:colcon.colcon_cmake.task.cmake.build:Building CMake package in '/home/umarv/ws/src/nav_stack'
[2.457s] INFO:colcon.colcon_core.plugin_system:Skipping extension 'colcon_core.shell.bat': Not used on non-Windows systems
[2.459s] INFO:colcon.colcon_core.shell:Skip shell extension 'powershell' for command environment: Not usable outside of PowerShell
[2.459s] DEBUG:colcon.colcon_core.shell:Skip shell extension 'dsv' for command environment
[2.571s] DEBUG:colcon.colcon_core.event_handler.log_command:Invoking command in '/home/umarv/ws/src/nav_stack/build/cv-integration': CMAKE_PREFIX_PATH=/opt/ros/humble /usr/bin/cmake --build /home/umarv/ws/src/nav_stack/build/cv-integration -- -j8 -l8
[15.091s] DEBUG:colcon.colcon_core.event_handler.log_command:Invoked command in '/home/umarv/ws/src/nav_stack/build/cv-integration' returned '0': CMAKE_PREFIX_PATH=/opt/ros/humble /usr/bin/cmake --build /home/umarv/ws/src/nav_stack/build/cv-integration -- -j8 -l8
[15.147s] DEBUG:colcon.colcon_core.event_handler.log_command:Invoking command in '/home/umarv/ws/src/nav_stack/build/cv-integration': CMAKE_PREFIX_PATH=/opt/ros/humble /usr/bin/cmake --install /home/umarv/ws/src/nav_stack/build/cv-integration
[15.172s] Level 1:colcon.colcon_core.environment:create_environment_scripts_only(cv-integration)
[15.173s] DEBUG:colcon.colcon_core.event_handler.log_command:Invoked command in '/home/umarv/ws/src/nav_stack/build/cv-integration' returned '0': CMAKE_PREFIX_PATH=/opt/ros/humble /usr/bin/cmake --install /home/umarv/ws/src/nav_stack/build/cv-integration
[15.208s] Level 1:colcon.colcon_core.environment:checking '/home/umarv/ws/src/nav_stack/install/cv-integration' for CMake module files
[15.210s] Level 1:colcon.colcon_core.environment:checking '/home/umarv/ws/src/nav_stack/install/cv-integration' for CMake config files
[15.218s] Level 1:colcon.colcon_core.shell:create_environment_hook('cv-integration', 'cmake_prefix_path')
[15.233s] INFO:colcon.colcon_core.shell:Creating environment hook '/home/umarv/ws/src/nav_stack/install/cv-integration/share/cv-integration/hook/cmake_prefix_path.ps1'
[15.236s] INFO:colcon.colcon_core.shell:Creating environment descriptor '/home/umarv/ws/src/nav_stack/install/cv-integration/share/cv-integration/hook/cmake_prefix_path.dsv'
[15.238s] INFO:colcon.colcon_core.shell:Creating environment hook '/home/umarv/ws/src/nav_stack/install/cv-integration/share/cv-integration/hook/cmake_prefix_path.sh'
[15.242s] Level 1:colcon.colcon_core.environment:checking '/home/umarv/ws/src/nav_stack/install/cv-integration/lib'
[15.243s] Level 1:colcon.colcon_core.environment:checking '/home/umarv/ws/src/nav_stack/install/cv-integration/bin'
[15.244s] Level 1:colcon.colcon_core.environment:checking '/home/umarv/ws/src/nav_stack/install/cv-integration/lib/pkgconfig/cv-integration.pc'
[15.250s] Level 1:colcon.colcon_core.environment:checking '/home/umarv/ws/src/nav_stack/install/cv-integration/lib/python3.10/site-packages'
[15.251s] Level 1:colcon.colcon_core.environment:checking '/home/umarv/ws/src/nav_stack/install/cv-integration/bin'
[15.273s] INFO:colcon.colcon_core.shell:Creating package script '/home/umarv/ws/src/nav_stack/install/cv-integration/share/cv-integration/package.ps1'
[15.275s] INFO:colcon.colcon_core.shell:Creating package descriptor '/home/umarv/ws/src/nav_stack/install/cv-integration/share/cv-integration/package.dsv'
[15.276s] INFO:colcon.colcon_core.shell:Creating package script '/home/umarv/ws/src/nav_stack/install/cv-integration/share/cv-integration/package.sh'
[15.278s] INFO:colcon.colcon_core.shell:Creating package script '/home/umarv/ws/src/nav_stack/install/cv-integration/share/cv-integration/package.bash'
[15.280s] INFO:colcon.colcon_core.shell:Creating package script '/home/umarv/ws/src/nav_stack/install/cv-integration/share/cv-integration/package.zsh'
[15.281s] Level 1:colcon.colcon_core.environment:create_file_with_runtime_dependencies(/home/umarv/ws/src/nav_stack/install/cv-integration/share/colcon-core/packages/cv-integration)
[15.322s] Level 1:colcon.colcon_core.environment:create_environment_scripts_only(cv-integration)
[15.336s] Level 1:colcon.colcon_core.environment:checking '/home/umarv/ws/src/nav_stack/install/cv-integration' for CMake module files
[15.337s] Level 1:colcon.colcon_core.environment:checking '/home/umarv/ws/src/nav_stack/install/cv-integration' for CMake config files
[15.337s] Level 1:colcon.colcon_core.shell:create_environment_hook('cv-integration', 'cmake_prefix_path')
[15.350s] INFO:colcon.colcon_core.shell:Creating environment hook '/home/umarv/ws/src/nav_stack/install/cv-integration/share/cv-integration/hook/cmake_prefix_path.ps1'
[15.350s] INFO:colcon.colcon_core.shell:Creating environment descriptor '/home/umarv/ws/src/nav_stack/install/cv-integration/share/cv-integration/hook/cmake_prefix_path.dsv'
[15.351s] INFO:colcon.colcon_core.shell:Creating environment hook '/home/umarv/ws/src/nav_stack/install/cv-integration/share/cv-integration/hook/cmake_prefix_path.sh'
[15.351s] Level 1:colcon.colcon_core.environment:checking '/home/umarv/ws/src/nav_stack/install/cv-integration/lib'
[15.351s] Level 1:colcon.colcon_core.environment:checking '/home/umarv/ws/src/nav_stack/install/cv-integration/bin'
[15.352s] Level 1:colcon.colcon_core.environment:checking '/home/umarv/ws/src/nav_stack/install/cv-integration/lib/pkgconfig/cv-integration.pc'
[15.352s] Level 1:colcon.colcon_core.environment:checking '/home/umarv/ws/src/nav_stack/install/cv-integration/lib/python3.10/site-packages'
[15.352s] Level 1:colcon.colcon_core.environment:checking '/home/umarv/ws/src/nav_stack/install/cv-integration/bin'
[15.364s] INFO:colcon.colcon_core.shell:Creating package script '/home/umarv/ws/src/nav_stack/install/cv-integration/share/cv-integration/package.ps1'
[15.365s] INFO:colcon.colcon_core.shell:Creating package descriptor '/home/umarv/ws/src/nav_stack/install/cv-integration/share/cv-integration/package.dsv'
[15.366s] INFO:colcon.colcon_core.shell:Creating package script '/home/umarv/ws/src/nav_stack/install/cv-integration/share/cv-integration/package.sh'
[15.367s] INFO:colcon.colcon_core.shell:Creating package script '/home/umarv/ws/src/nav_stack/install/cv-integration/share/cv-integration/package.bash'
[15.368s] INFO:colcon.colcon_core.shell:Creating package script '/home/umarv/ws/src/nav_stack/install/cv-integration/share/cv-integration/package.zsh'
[15.369s] Level 1:colcon.colcon_core.environment:create_file_with_runtime_dependencies(/home/umarv/ws/src/nav_stack/install/cv-integration/share/colcon-core/packages/cv-integration)
[15.370s] DEBUG:colcon.colcon_parallel_executor.executor.parallel:closing loop
[15.370s] DEBUG:colcon.colcon_parallel_executor.executor.parallel:loop closed
[15.371s] DEBUG:colcon.colcon_parallel_executor.executor.parallel:run_until_complete finished with '0'
[15.371s] DEBUG:colcon.colcon_core.event_reactor:joining thread
[15.412s] INFO:colcon.colcon_core.plugin_system:Skipping extension 'colcon_notification.desktop_notification.notify_send': Could not find 'notify-send'
[15.412s] INFO:colcon.colcon_core.plugin_system:Skipping extension 'colcon_notification.desktop_notification.terminal_notifier': Not used on non-Darwin systems
[15.412s] INFO:colcon.colcon_core.plugin_system:Skipping extension 'colcon_notification.desktop_notification.win32': Not used on non-Windows systems
[15.412s] INFO:colcon.colcon_notification.desktop_notification:Sending desktop notification using 'notify2'
[15.424s] DEBUG:colcon.colcon_notification.desktop_notification.notify2:Failed to initialize notify2: org.freedesktop.DBus.Error.Spawn.ExecFailed: /usr/bin/dbus-launch terminated abnormally without any error message
[15.424s] DEBUG:colcon.colcon_core.event_reactor:joined thread
[15.437s] INFO:colcon.colcon_core.shell:Creating prefix script '/home/umarv/ws/src/nav_stack/install/local_setup.ps1'
[15.440s] INFO:colcon.colcon_core.shell:Creating prefix util module '/home/umarv/ws/src/nav_stack/install/_local_setup_util_ps1.py'
[15.442s] INFO:colcon.colcon_core.shell:Creating prefix chain script '/home/umarv/ws/src/nav_stack/install/setup.ps1'
[15.456s] INFO:colcon.colcon_core.shell:Creating prefix script '/home/umarv/ws/src/nav_stack/install/local_setup.sh'
[15.457s] INFO:colcon.colcon_core.shell:Creating prefix util module '/home/umarv/ws/src/nav_stack/install/_local_setup_util_sh.py'
[15.458s] INFO:colcon.colcon_core.shell:Creating prefix chain script '/home/umarv/ws/src/nav_stack/install/setup.sh'
[15.471s] INFO:colcon.colcon_core.shell:Creating prefix script '/home/umarv/ws/src/nav_stack/install/local_setup.bash'
[15.473s] INFO:colcon.colcon_core.shell:Creating prefix chain script '/home/umarv/ws/src/nav_stack/install/setup.bash'
[15.487s] INFO:colcon.colcon_core.shell:Creating prefix script '/home/umarv/ws/src/nav_stack/install/local_setup.zsh'
[15.489s] INFO:colcon.colcon_core.shell:Creating prefix chain script '/home/umarv/ws/src/nav_stack/install/setup.zsh'
