-- Found ament_cmake: 1.3.5 (/opt/ros/humble/share/ament_cmake/cmake)
-- Found rclcpp: 16.0.6 (/opt/ros/humble/share/rclcpp/cmake)
-- Found rosidl_generator_c: 3.1.5 (/opt/ros/humble/share/rosidl_generator_c/cmake)
-- Found rosidl_adapter: 3.1.5 (/opt/ros/humble/share/rosidl_adapter/cmake)
-- Found rosidl_generator_cpp: 3.1.5 (/opt/ros/humble/share/rosidl_generator_cpp/cmake)
-- Using all available rosidl_typesupport_c: rosidl_typesupport_fastrtps_c;rosidl_typesupport_introspection_c
-- Using all available rosidl_typesupport_cpp: rosidl_typesupport_fastrtps_cpp;rosidl_typesupport_introspection_cpp
-- Found rmw_implementation_cmake: 6.1.1 (/opt/ros/humble/share/rmw_implementation_cmake/cmake)
-- Found rmw_fastrtps_cpp: 6.2.4 (/opt/ros/humble/share/rmw_fastrtps_cpp/cmake)
-- Using RMW implementation 'rmw_fastrtps_cpp' as default
-- Found nav_msgs: 4.2.3 (/opt/ros/humble/share/nav_msgs/cmake)
-- Found ament_lint_auto: 0.12.8 (/opt/ros/humble/share/ament_lint_auto/cmake)
-- Added test 'cppcheck' to perform static code analysis on C / C++ code
-- Configured cppcheck include dirs: 
-- Configured cppcheck exclude dirs and/or files: 
-- Added test 'flake8' to check Python code syntax and style conventions
-- Added test 'lint_cmake' to check CMake code style
-- Added test 'pep257' to check Python code against some of the docstring style conventions in PEP 257
-- Added test 'uncrustify' to check C / C++ code style
-- Configured uncrustify additional arguments: 
-- Added test 'xmllint' to check XML markup files
-- Configuring done
-- Generating done
-- Build files have been written to: /home/umarv/ws/src/nav_stack/occupub/build/occupub
[35m[1mConsolidate compiler generated dependencies of target occupub[0m
[ 50%] [32mBuilding CXX object CMakeFiles/occupub.dir/src/grid_generator.cpp.o[0m
[100%] [32m[1mLinking CXX executable occupub[0m
[100%] Built target occupub
-- Install configuration: ""
-- Up-to-date: /home/umarv/ws/src/nav_stack/occupub/install/occupub/share/ament_index/resource_index/package_run_dependencies/occupub
-- Installing: /home/umarv/ws/src/nav_stack/occupub/install/occupub/share/ament_index/resource_index/parent_prefix_path/occupub
-- Up-to-date: /home/umarv/ws/src/nav_stack/occupub/install/occupub/share/occupub/environment/ament_prefix_path.sh
-- Installing: /home/umarv/ws/src/nav_stack/occupub/install/occupub/share/occupub/environment/ament_prefix_path.dsv
-- Up-to-date: /home/umarv/ws/src/nav_stack/occupub/install/occupub/share/occupub/environment/path.sh
-- Installing: /home/umarv/ws/src/nav_stack/occupub/install/occupub/share/occupub/environment/path.dsv
-- Up-to-date: /home/umarv/ws/src/nav_stack/occupub/install/occupub/share/occupub/local_setup.bash
-- Up-to-date: /home/umarv/ws/src/nav_stack/occupub/install/occupub/share/occupub/local_setup.sh
-- Up-to-date: /home/umarv/ws/src/nav_stack/occupub/install/occupub/share/occupub/local_setup.zsh
-- Installing: /home/umarv/ws/src/nav_stack/occupub/install/occupub/share/occupub/local_setup.dsv
-- Installing: /home/umarv/ws/src/nav_stack/occupub/install/occupub/share/occupub/package.dsv
-- Up-to-date: /home/umarv/ws/src/nav_stack/occupub/install/occupub/share/ament_index/resource_index/packages/occupub
-- Up-to-date: /home/umarv/ws/src/nav_stack/occupub/install/occupub/share/occupub/cmake/occupubConfig.cmake
-- Up-to-date: /home/umarv/ws/src/nav_stack/occupub/install/occupub/share/occupub/cmake/occupubConfig-version.cmake
-- Up-to-date: /home/umarv/ws/src/nav_stack/occupub/install/occupub/share/occupub/package.xml
-- Installing: /home/umarv/ws/src/nav_stack/occupub/install/occupub/lib/occupub/occupub
-- Set runtime path of "/home/umarv/ws/src/nav_stack/occupub/install/occupub/lib/occupub/occupub" to ""
