[0.024s] Invoking command in '/home/ryanl/Desktop/nav_stack/src/simulation/build/marvin_simulation': /usr/bin/cmake /home/ryanl/Desktop/nav_stack/src/simulation/marvin_simulation -DCMAKE_INSTALL_PREFIX=/home/ryanl/Desktop/nav_stack/src/simulation/install/marvin_simulation
[0.072s] -- The C compiler identification is GNU 11.4.0
[0.122s] -- The CXX compiler identification is GNU 11.4.0
[0.128s] -- Detecting C compiler ABI info
[0.186s] -- Detecting C compiler ABI info - done
[0.192s] -- Check for working C compiler: /usr/bin/cc - skipped
[0.192s] -- Detecting C compile features
[0.192s] -- Detecting C compile features - done
[0.195s] -- Detecting CXX compiler ABI info
[0.267s] -- Detecting CXX compiler ABI info - done
[0.273s] -- Check for working CXX compiler: /usr/bin/c++ - skipped
[0.273s] -- Detecting CXX compile features
[0.273s] -- Detecting CXX compile features - done
[0.283s] [31mCMake Error at CMakeLists.txt:9 (find_package):
[0.283s]   By not providing "Findament_cmake.cmake" in CMAKE_MODULE_PATH this project
[0.283s]   has asked CMake to find a package configuration file provided by
[0.283s]   "ament_cmake", but CMake did not find one.
[0.283s] 
[0.283s]   Could not find a package configuration file provided by "ament_cmake" with
[0.283s]   any of the following names:
[0.283s] 
[0.284s]     ament_cmakeConfig.cmake
[0.284s]     ament_cmake-config.cmake
[0.284s] 
[0.284s]   Add the installation prefix of "ament_cmake" to CMAKE_PREFIX_PATH or set
[0.284s]   "ament_cmake_DIR" to a directory containing one of the above files.  If
[0.284s]   "ament_cmake" provides a separate development package or SDK, be sure it
[0.284s]   has been installed.
[0.284s] 
[0.284s] [0m
[0.285s] -- Configuring incomplete, errors occurred!
[0.285s] See also "/home/ryanl/Desktop/nav_stack/src/simulation/build/marvin_simulation/CMakeFiles/CMakeOutput.log".
[0.294s] Invoked command in '/home/ryanl/Desktop/nav_stack/src/simulation/build/marvin_simulation' returned '1': /usr/bin/cmake /home/ryanl/Desktop/nav_stack/src/simulation/marvin_simulation -DCMAKE_INSTALL_PREFIX=/home/ryanl/Desktop/nav_stack/src/simulation/install/marvin_simulation
