[0.119s] Invoking command in '/home/umarv/ws/src/nav_stack/occupub/build/occupub': CMAKE_PREFIX_PATH=${CMAKE_PREFIX_PATH}:/opt/ros/humble /usr/bin/cmake --build /home/umarv/ws/src/nav_stack/occupub/build/occupub -- -j8 -l8
[0.213s] -- Found ament_cmake: 1.3.5 (/opt/ros/humble/share/ament_cmake/cmake)
[0.828s] -- Found rclcpp: 16.0.6 (/opt/ros/humble/share/rclcpp/cmake)
[1.073s] -- Found rosidl_generator_c: 3.1.5 (/opt/ros/humble/share/rosidl_generator_c/cmake)
[1.083s] -- Found rosidl_adapter: 3.1.5 (/opt/ros/humble/share/rosidl_adapter/cmake)
[1.107s] -- Found rosidl_generator_cpp: 3.1.5 (/opt/ros/humble/share/rosidl_generator_cpp/cmake)
[1.156s] -- Using all available rosidl_typesupport_c: rosidl_typesupport_fastrtps_c;rosidl_typesupport_introspection_c
[1.192s] -- Using all available rosidl_typesupport_cpp: rosidl_typesupport_fastrtps_cpp;rosidl_typesupport_introspection_cpp
[1.321s] -- Found rmw_implementation_cmake: 6.1.1 (/opt/ros/humble/share/rmw_implementation_cmake/cmake)
[1.331s] -- Found rmw_fastrtps_cpp: 6.2.4 (/opt/ros/humble/share/rmw_fastrtps_cpp/cmake)
[1.659s] -- Using RMW implementation 'rmw_fastrtps_cpp' as default
[1.923s] -- Found nav_msgs: 4.2.3 (/opt/ros/humble/share/nav_msgs/cmake)
[2.112s] -- Found tf2: 0.25.4 (/opt/ros/humble/share/tf2/cmake)
[2.135s] -- Found tf2_ros: 0.25.4 (/opt/ros/humble/share/tf2_ros/cmake)
[2.705s] -- Found tf2_geometry_msgs: 0.25.4 (/opt/ros/humble/share/tf2_geometry_msgs/cmake)
[2.718s] -- Found eigen3_cmake_module: 0.1.1 (/opt/ros/humble/share/eigen3_cmake_module/cmake)
[2.723s] -- Ensuring Eigen3 include directory is part of orocos-kdl CMake target
[2.737s] -- Found ament_lint_auto: 0.12.8 (/opt/ros/humble/share/ament_lint_auto/cmake)
[2.901s] -- Added test 'cppcheck' to perform static code analysis on C / C++ code
[2.902s] -- Configured cppcheck include dirs: 
[2.902s] -- Configured cppcheck exclude dirs and/or files: 
[2.905s] -- Added test 'flake8' to check Python code syntax and style conventions
[2.911s] -- Added test 'lint_cmake' to check CMake code style
[2.915s] -- Added test 'pep257' to check Python code against some of the docstring style conventions in PEP 257
[2.938s] -- Added test 'uncrustify' to check C / C++ code style
[2.938s] -- Configured uncrustify additional arguments: 
[2.942s] -- Added test 'xmllint' to check XML markup files
[2.954s] -- Configuring done
[3.034s] -- Generating done
[3.039s] -- Build files have been written to: /home/umarv/ws/src/nav_stack/occupub/build/occupub
[3.072s] [35m[1mConsolidate compiler generated dependencies of target merge_costmap_sub[0m
[3.073s] [35m[1mConsolidate compiler generated dependencies of target occupub[0m
[3.094s] [ 75%] Built target occupub
[3.094s] [ 75%] [32mBuilding CXX object CMakeFiles/merge_costmap_sub.dir/src/merge_costmap.cpp.o[0m
[20.496s] [100%] [32m[1mLinking CXX executable merge_costmap_sub[0m
[22.026s] [100%] Built target merge_costmap_sub
[22.038s] Invoked command in '/home/umarv/ws/src/nav_stack/occupub/build/occupub' returned '0': CMAKE_PREFIX_PATH=${CMAKE_PREFIX_PATH}:/opt/ros/humble /usr/bin/cmake --build /home/umarv/ws/src/nav_stack/occupub/build/occupub -- -j8 -l8
[22.092s] Invoking command in '/home/umarv/ws/src/nav_stack/occupub/build/occupub': CMAKE_PREFIX_PATH=${CMAKE_PREFIX_PATH}:/opt/ros/humble /usr/bin/cmake --install /home/umarv/ws/src/nav_stack/occupub/build/occupub
[22.099s] -- Install configuration: ""
[22.099s] -- Up-to-date: /home/umarv/ws/src/nav_stack/occupub/install/occupub/share/ament_index/resource_index/package_run_dependencies/occupub
[22.099s] -- Up-to-date: /home/umarv/ws/src/nav_stack/occupub/install/occupub/share/ament_index/resource_index/parent_prefix_path/occupub
[22.100s] -- Up-to-date: /home/umarv/ws/src/nav_stack/occupub/install/occupub/share/occupub/environment/ament_prefix_path.sh
[22.100s] -- Installing: /home/umarv/ws/src/nav_stack/occupub/install/occupub/share/occupub/environment/ament_prefix_path.dsv
[22.101s] -- Up-to-date: /home/umarv/ws/src/nav_stack/occupub/install/occupub/share/occupub/environment/path.sh
[22.101s] -- Installing: /home/umarv/ws/src/nav_stack/occupub/install/occupub/share/occupub/environment/path.dsv
[22.102s] -- Up-to-date: /home/umarv/ws/src/nav_stack/occupub/install/occupub/share/occupub/local_setup.bash
[22.103s] -- Up-to-date: /home/umarv/ws/src/nav_stack/occupub/install/occupub/share/occupub/local_setup.sh
[22.103s] -- Up-to-date: /home/umarv/ws/src/nav_stack/occupub/install/occupub/share/occupub/local_setup.zsh
[22.103s] -- Installing: /home/umarv/ws/src/nav_stack/occupub/install/occupub/share/occupub/local_setup.dsv
[22.103s] -- Installing: /home/umarv/ws/src/nav_stack/occupub/install/occupub/share/occupub/package.dsv
[22.104s] -- Up-to-date: /home/umarv/ws/src/nav_stack/occupub/install/occupub/share/ament_index/resource_index/packages/occupub
[22.104s] -- Up-to-date: /home/umarv/ws/src/nav_stack/occupub/install/occupub/share/occupub/cmake/occupubConfig.cmake
[22.104s] -- Up-to-date: /home/umarv/ws/src/nav_stack/occupub/install/occupub/share/occupub/cmake/occupubConfig-version.cmake
[22.104s] -- Up-to-date: /home/umarv/ws/src/nav_stack/occupub/install/occupub/share/occupub/package.xml
[22.105s] -- Up-to-date: /home/umarv/ws/src/nav_stack/occupub/install/occupub/lib/occupub/occupub
[22.105s] -- Installing: /home/umarv/ws/src/nav_stack/occupub/install/occupub/lib/occupub/merge_costmap_sub
[22.117s] -- Set runtime path of "/home/umarv/ws/src/nav_stack/occupub/install/occupub/lib/occupub/merge_costmap_sub" to ""
[22.119s] Invoked command in '/home/umarv/ws/src/nav_stack/occupub/build/occupub' returned '0': CMAKE_PREFIX_PATH=${CMAKE_PREFIX_PATH}:/opt/ros/humble /usr/bin/cmake --install /home/umarv/ws/src/nav_stack/occupub/build/occupub
