[0.311s] Invoking command in '/home/umarv/ws/build/nav2_gradient_costmap_plugin': CMAKE_PREFIX_PATH=/opt/ros/humble /usr/bin/cmake /home/umarv/ws/src/navigation2_tutorials/nav2_gradient_costmap_plugin -DCMAKE_INSTALL_PREFIX=/home/umarv/ws/install/nav2_gradient_costmap_plugin
[0.446s] -- The C compiler identification is GNU 11.4.0
[0.561s] -- The CXX compiler identification is GNU 11.4.0
[0.576s] -- Detecting C compiler ABI info
[0.639s] -- Detecting C compiler ABI info - done
[0.648s] -- Check for working C compiler: /usr/bin/cc - skipped
[0.648s] -- Detecting C compile features
[0.648s] -- Detecting C compile features - done
[0.651s] -- Detecting CXX compiler ABI info
[0.726s] -- Detecting CXX compiler ABI info - done
[0.734s] -- Check for working CXX compiler: /usr/bin/c++ - skipped
[0.734s] -- Detecting CXX compile features
[0.735s] -- Detecting CXX compile features - done
[0.745s] -- Found ament_cmake: 1.3.5 (/opt/ros/humble/share/ament_cmake/cmake)
[0.905s] -- Found Python3: /usr/bin/python3.10 (found version "3.10.12") found components: Interpreter 
[1.037s] -- Found rclcpp: 16.0.6 (/opt/ros/humble/share/rclcpp/cmake)
[1.132s] -- Found rosidl_generator_c: 3.1.5 (/opt/ros/humble/share/rosidl_generator_c/cmake)
[1.143s] -- Found rosidl_adapter: 3.1.5 (/opt/ros/humble/share/rosidl_adapter/cmake)
[1.162s] -- Found rosidl_generator_cpp: 3.1.5 (/opt/ros/humble/share/rosidl_generator_cpp/cmake)
[1.195s] -- Using all available rosidl_typesupport_c: rosidl_typesupport_fastrtps_c;rosidl_typesupport_introspection_c
[1.239s] -- Using all available rosidl_typesupport_cpp: rosidl_typesupport_fastrtps_cpp;rosidl_typesupport_introspection_cpp
[1.349s] -- Found rmw_implementation_cmake: 6.1.1 (/opt/ros/humble/share/rmw_implementation_cmake/cmake)
[1.355s] -- Found rmw_fastrtps_cpp: 6.2.4 (/opt/ros/humble/share/rmw_fastrtps_cpp/cmake)
[1.492s] -- Found OpenSSL: /usr/lib/x86_64-linux-gnu/libcrypto.so (found version "3.0.2")  
[1.519s] -- Found FastRTPS: /opt/ros/humble/include  
[1.566s] -- Using RMW implementation 'rmw_fastrtps_cpp' as default
[1.586s] -- Looking for pthread.h
[1.652s] -- Looking for pthread.h - found
[1.653s] -- Performing Test CMAKE_HAVE_LIBC_PTHREAD
[1.710s] -- Performing Test CMAKE_HAVE_LIBC_PTHREAD - Success
[1.711s] -- Found Threads: TRUE  
[1.883s] -- Found nav2_costmap_2d: 1.1.12 (/opt/ros/humble/share/nav2_costmap_2d/cmake)
[2.806s] -- Found Eigen3: TRUE (found version "3.4.0") 
[2.806s] -- Ensuring Eigen3 include directory is part of orocos-kdl CMake target
[4.026s] -- Configuring done
[4.110s] -- Generating done
[4.112s] -- Build files have been written to: /home/umarv/ws/build/nav2_gradient_costmap_plugin
[4.122s] Invoked command in '/home/umarv/ws/build/nav2_gradient_costmap_plugin' returned '0': CMAKE_PREFIX_PATH=/opt/ros/humble /usr/bin/cmake /home/umarv/ws/src/navigation2_tutorials/nav2_gradient_costmap_plugin -DCMAKE_INSTALL_PREFIX=/home/umarv/ws/install/nav2_gradient_costmap_plugin
[4.124s] Invoking command in '/home/umarv/ws/build/nav2_gradient_costmap_plugin': CMAKE_PREFIX_PATH=/opt/ros/humble /usr/bin/cmake --build /home/umarv/ws/build/nav2_gradient_costmap_plugin -- -j8 -l8
[4.156s] [ 50%] [32mBuilding CXX object CMakeFiles/nav2_gradient_costmap_plugin_core.dir/src/gradient_layer.cpp.o[0m
[7.342s] [100%] [32m[1mLinking CXX shared library libnav2_gradient_costmap_plugin_core.so[0m
[7.492s] [100%] Built target nav2_gradient_costmap_plugin_core
[7.500s] Invoked command in '/home/umarv/ws/build/nav2_gradient_costmap_plugin' returned '0': CMAKE_PREFIX_PATH=/opt/ros/humble /usr/bin/cmake --build /home/umarv/ws/build/nav2_gradient_costmap_plugin -- -j8 -l8
[7.519s] Invoking command in '/home/umarv/ws/build/nav2_gradient_costmap_plugin': CMAKE_PREFIX_PATH=/opt/ros/humble /usr/bin/cmake --install /home/umarv/ws/build/nav2_gradient_costmap_plugin
[7.524s] -- Install configuration: ""
[7.525s] -- Installing: /home/umarv/ws/install/nav2_gradient_costmap_plugin/lib/libnav2_gradient_costmap_plugin_core.so
[7.525s] -- Set runtime path of "/home/umarv/ws/install/nav2_gradient_costmap_plugin/lib/libnav2_gradient_costmap_plugin_core.so" to ""
[7.525s] -- Installing: /home/umarv/ws/install/nav2_gradient_costmap_plugin/share/nav2_gradient_costmap_plugin/gradient_layer.xml
[7.526s] -- Installing: /home/umarv/ws/install/nav2_gradient_costmap_plugin/share/ament_index/resource_index/package_run_dependencies/nav2_gradient_costmap_plugin
[7.526s] -- Installing: /home/umarv/ws/install/nav2_gradient_costmap_plugin/share/ament_index/resource_index/parent_prefix_path/nav2_gradient_costmap_plugin
[7.526s] -- Installing: /home/umarv/ws/install/nav2_gradient_costmap_plugin/share/nav2_gradient_costmap_plugin/environment/ament_prefix_path.sh
[7.526s] -- Installing: /home/umarv/ws/install/nav2_gradient_costmap_plugin/share/nav2_gradient_costmap_plugin/environment/ament_prefix_path.dsv
[7.527s] -- Installing: /home/umarv/ws/install/nav2_gradient_costmap_plugin/share/nav2_gradient_costmap_plugin/environment/path.sh
[7.527s] -- Installing: /home/umarv/ws/install/nav2_gradient_costmap_plugin/share/nav2_gradient_costmap_plugin/environment/path.dsv
[7.527s] -- Installing: /home/umarv/ws/install/nav2_gradient_costmap_plugin/share/nav2_gradient_costmap_plugin/local_setup.bash
[7.527s] -- Installing: /home/umarv/ws/install/nav2_gradient_costmap_plugin/share/nav2_gradient_costmap_plugin/local_setup.sh
[7.527s] -- Installing: /home/umarv/ws/install/nav2_gradient_costmap_plugin/share/nav2_gradient_costmap_plugin/local_setup.zsh
[7.528s] -- Installing: /home/umarv/ws/install/nav2_gradient_costmap_plugin/share/nav2_gradient_costmap_plugin/local_setup.dsv
[7.528s] -- Installing: /home/umarv/ws/install/nav2_gradient_costmap_plugin/share/nav2_gradient_costmap_plugin/package.dsv
[7.528s] -- Installing: /home/umarv/ws/install/nav2_gradient_costmap_plugin/share/ament_index/resource_index/packages/nav2_gradient_costmap_plugin
[7.528s] -- Installing: /home/umarv/ws/install/nav2_gradient_costmap_plugin/share/ament_index/resource_index/nav2_costmap_2d__pluginlib__plugin/nav2_gradient_costmap_plugin
[7.528s] -- Installing: /home/umarv/ws/install/nav2_gradient_costmap_plugin/share/nav2_gradient_costmap_plugin/cmake/nav2_gradient_costmap_pluginConfig.cmake
[7.528s] -- Installing: /home/umarv/ws/install/nav2_gradient_costmap_plugin/share/nav2_gradient_costmap_plugin/cmake/nav2_gradient_costmap_pluginConfig-version.cmake
[7.528s] -- Installing: /home/umarv/ws/install/nav2_gradient_costmap_plugin/share/nav2_gradient_costmap_plugin/package.xml
[7.532s] Invoked command in '/home/umarv/ws/build/nav2_gradient_costmap_plugin' returned '0': CMAKE_PREFIX_PATH=/opt/ros/humble /usr/bin/cmake --install /home/umarv/ws/build/nav2_gradient_costmap_plugin
