[0.145s] Invoking command in '/home/umarv/ws/src/nav_stack/occupub/build/occupub': CMAKE_PREFIX_PATH=${CMAKE_PREFIX_PATH}:/opt/ros/humble /usr/bin/cmake --build /home/umarv/ws/src/nav_stack/occupub/build/occupub -- -j8 -l8
[0.214s] [35m[1mConsolidate compiler generated dependencies of target merge_costmap_sub[0m
[0.236s] [ 25%] [32mBuilding CXX object CMakeFiles/occupub.dir/src/grid_generator.cpp.o[0m
[0.244s] [ 50%] [32mBuilding CXX object CMakeFiles/merge_costmap_sub.dir/src/merge_costmap.cpp.o[0m
[17.450s] [ 75%] [32m[1mLinking CXX executable occupub[0m
[18.559s] [ 75%] Built target occupub
[33.377s] [100%] [32m[1mLinking CXX executable merge_costmap_sub[0m
[35.144s] [100%] Built target merge_costmap_sub
[35.340s] Invoked command in '/home/umarv/ws/src/nav_stack/occupub/build/occupub' returned '0': CMAKE_PREFIX_PATH=${CMAKE_PREFIX_PATH}:/opt/ros/humble /usr/bin/cmake --build /home/umarv/ws/src/nav_stack/occupub/build/occupub -- -j8 -l8
[35.534s] Invoking command in '/home/umarv/ws/src/nav_stack/occupub/build/occupub': CMAKE_PREFIX_PATH=${CMAKE_PREFIX_PATH}:/opt/ros/humble /usr/bin/cmake --install /home/umarv/ws/src/nav_stack/occupub/build/occupub
[35.537s] -- Install configuration: ""
[35.537s] -- Up-to-date: /home/umarv/ws/src/nav_stack/occupub/install/occupub/share/ament_index/resource_index/package_run_dependencies/occupub
[35.537s] -- Up-to-date: /home/umarv/ws/src/nav_stack/occupub/install/occupub/share/ament_index/resource_index/parent_prefix_path/occupub
[35.543s] -- Up-to-date: /home/umarv/ws/src/nav_stack/occupub/install/occupub/share/occupub/environment/ament_prefix_path.sh
[35.544s] -- Up-to-date: /home/umarv/ws/src/nav_stack/occupub/install/occupub/share/occupub/environment/ament_prefix_path.dsv
[35.545s] -- Up-to-date: /home/umarv/ws/src/nav_stack/occupub/install/occupub/share/occupub/environment/path.sh
[35.545s] -- Up-to-date: /home/umarv/ws/src/nav_stack/occupub/install/occupub/share/occupub/environment/path.dsv
[35.545s] -- Up-to-date: /home/umarv/ws/src/nav_stack/occupub/install/occupub/share/occupub/local_setup.bash
[35.545s] -- Up-to-date: /home/umarv/ws/src/nav_stack/occupub/install/occupub/share/occupub/local_setup.sh
[35.545s] -- Up-to-date: /home/umarv/ws/src/nav_stack/occupub/install/occupub/share/occupub/local_setup.zsh
[35.546s] -- Up-to-date: /home/umarv/ws/src/nav_stack/occupub/install/occupub/share/occupub/local_setup.dsv
[35.546s] -- Installing: /home/umarv/ws/src/nav_stack/occupub/install/occupub/share/occupub/package.dsv
[35.549s] -- Up-to-date: /home/umarv/ws/src/nav_stack/occupub/install/occupub/share/ament_index/resource_index/packages/occupub
[35.549s] -- Up-to-date: /home/umarv/ws/src/nav_stack/occupub/install/occupub/share/occupub/cmake/occupubConfig.cmake
[35.549s] -- Up-to-date: /home/umarv/ws/src/nav_stack/occupub/install/occupub/share/occupub/cmake/occupubConfig-version.cmake
[35.549s] -- Up-to-date: /home/umarv/ws/src/nav_stack/occupub/install/occupub/share/occupub/package.xml
[35.551s] -- Installing: /home/umarv/ws/src/nav_stack/occupub/install/occupub/lib/occupub/occupub
[35.560s] -- Set runtime path of "/home/umarv/ws/src/nav_stack/occupub/install/occupub/lib/occupub/occupub" to ""
[35.562s] -- Installing: /home/umarv/ws/src/nav_stack/occupub/install/occupub/lib/occupub/merge_costmap_sub
[35.569s] -- Set runtime path of "/home/umarv/ws/src/nav_stack/occupub/install/occupub/lib/occupub/merge_costmap_sub" to ""
[35.588s] Invoked command in '/home/umarv/ws/src/nav_stack/occupub/build/occupub' returned '0': CMAKE_PREFIX_PATH=${CMAKE_PREFIX_PATH}:/opt/ros/humble /usr/bin/cmake --install /home/umarv/ws/src/nav_stack/occupub/build/occupub
