[01m[K/home/umarv/ws/src/nav_stack/occupub/src/merge_costmap.cpp:201:2:[m[K [01;31m[Kerror: [m[Kexpected ‘[01m[K}[m[K’ at end of input
  201 | }
      |  [01;31m[K^[m[K
[01m[K/home/umarv/ws/src/nav_stack/occupub/src/merge_costmap.cpp:45:1:[m[K [01;36m[Knote: [m[Kto match this ‘[01m[K{[m[K’
   45 | [01;36m[K{[m[K
      | [01;36m[K^[m[K
[01m[K/home/umarv/ws/src/nav_stack/occupub/src/merge_costmap.cpp:[m[K In member function ‘[01m[Kvoid MergeService::occupancyGridSubscriber()[m[K’:
[01m[K/home/umarv/ws/src/nav_stack/occupub/src/merge_costmap.cpp:52:9:[m[K [01;31m[Kerror: [m[K‘[01m[Kcv_og_subscriber[m[K’ was not declared in this scope; did you mean ‘[01m[Kcount_subscribers[m[K’?
   52 |         [01;31m[Kcv_og_subscriber[m[K = create_subscription<OccupancyGrid>(
      |         [01;31m[K^~~~~~~~~~~~~~~~[m[K
      |         [32m[Kcount_subscribers[m[K
[01m[K/home/umarv/ws/src/nav_stack/occupub/src/merge_costmap.cpp:53:54:[m[K [01;31m[Kerror: [m[K‘[01m[KpopulateCvOccupancyGrid[m[K’ is not a member of ‘[01m[KMergeService[m[K’
   53 |             "/cv_grid", 10, std::bind(&MergeService::[01;31m[KpopulateCvOccupancyGrid[m[K, this, _1));
      |                                                      [01;31m[K^~~~~~~~~~~~~~~~~~~~~~~[m[K
[01m[K/home/umarv/ws/src/nav_stack/occupub/src/merge_costmap.cpp:55:9:[m[K [01;31m[Kerror: [m[K‘[01m[Ksensors_occupancy_grid_subscriber[m[K’ was not declared in this scope; did you mean ‘[01m[KoccupancyGridSubscriber[m[K’?
   55 |         [01;31m[Ksensors_occupancy_grid_subscriber[m[K = create_subscription<OccupancyGrid>(
      |         [01;31m[K^~~~~~~~~~~~~~~~~~~~~~~~~~~~~~~~~[m[K
      |         [32m[KoccupancyGridSubscriber[m[K
[01m[K/home/umarv/ws/src/nav_stack/occupub/src/merge_costmap.cpp:56:55:[m[K [01;31m[Kerror: [m[K‘[01m[KpopulateSensorsOccupancyGrid[m[K’ is not a member of ‘[01m[KMergeService[m[K’
   56 |             "/sen_grid", 10, std::bind(&MergeService::[01;31m[KpopulateSensorsOccupancyGrid[m[K, this, _1));
      |                                                       [01;31m[K^~~~~~~~~~~~~~~~~~~~~~~~~~~~[m[K
[01m[K/home/umarv/ws/src/nav_stack/occupub/src/merge_costmap.cpp:[m[K In member function ‘[01m[KOccupancyGrid MergeService::mergeSLAMAndLaneLine(const OccupancyGrid&, const OccupancyGrid&)[m[K’:
[01m[K/home/umarv/ws/src/nav_stack/occupub/src/merge_costmap.cpp:127:5:[m[K [01;31m[Kerror: [m[Ka function-definition is not allowed here before ‘[01m[K{[m[K’ token
  127 |     [01;31m[K{[m[K
      |     [01;31m[K^[m[K
[01m[K/home/umarv/ws/src/nav_stack/occupub/src/merge_costmap.cpp:142:1:[m[K [01;31m[Kerror: [m[Kexpected primary-expression before ‘[01m[Kprivate[m[K’
  142 | [01;31m[Kprivate[m[K:
      | [01;31m[K^~~~~~~[m[K
[01m[K/home/umarv/ws/src/nav_stack/occupub/src/merge_costmap.cpp:150:5:[m[K [01;31m[Kerror: [m[Ka function-definition is not allowed here before ‘[01m[K{[m[K’ token
  150 |     [01;31m[K{[m[K
      |     [01;31m[K^[m[K
[01m[K/home/umarv/ws/src/nav_stack/occupub/src/merge_costmap.cpp:167:5:[m[K [01;31m[Kerror: [m[Ka function-definition is not allowed here before ‘[01m[K{[m[K’ token
  167 |     [01;31m[K{[m[K
      |     [01;31m[K^[m[K
[01m[K/home/umarv/ws/src/nav_stack/occupub/src/merge_costmap.cpp:[m[K At global scope:
[01m[K/home/umarv/ws/src/nav_stack/occupub/src/merge_costmap.cpp:201:2:[m[K [01;31m[Kerror: [m[Kexpected unqualified-id at end of input
  201 | }
      |  [01;31m[K^[m[K
gmake[2]: *** [CMakeFiles/merge_costmap_sub.dir/build.make:76: CMakeFiles/merge_costmap_sub.dir/src/merge_costmap.cpp.o] Error 1
gmake[1]: *** [CMakeFiles/Makefile2:165: CMakeFiles/merge_costmap_sub.dir/all] Error 2
gmake: *** [Makefile:146: all] Error 2
