[0.129s] Invoking command in '/home/umarv/ws/src/nav_stack/occupub/build/occupub': CMAKE_PREFIX_PATH=${CMAKE_PREFIX_PATH}:/opt/ros/humble /usr/bin/cmake --build /home/umarv/ws/src/nav_stack/occupub/build/occupub -- -j8 -l8
[0.226s] [35m[1mConsolidate compiler generated dependencies of target merge_costmap_sub[0m
[0.243s] [ 50%] Built target occupub
[0.264s] [ 75%] [32mBuilding CXX object CMakeFiles/merge_costmap_sub.dir/src/merge_costmap.cpp.o[0m
[4.364s] [01m[K/home/umarv/ws/src/nav_stack/occupub/src/merge_costmap.cpp:201:2:[m[K [01;31m[Kerror: [m[Kexpected ‘[01m[K}[m[K’ at end of input
[4.364s]   201 | }
[4.364s]       |  [01;31m[K^[m[K
[4.364s] [01m[K/home/umarv/ws/src/nav_stack/occupub/src/merge_costmap.cpp:45:1:[m[K [01;36m[Knote: [m[Kto match this ‘[01m[K{[m[K’
[4.364s]    45 | [01;36m[K{[m[K
[4.365s]       | [01;36m[K^[m[K
[4.386s] [01m[K/home/umarv/ws/src/nav_stack/occupub/src/merge_costmap.cpp:[m[K In member function ‘[01m[Kvoid MergeService::occupancyGridSubscriber()[m[K’:
[4.386s] [01m[K/home/umarv/ws/src/nav_stack/occupub/src/merge_costmap.cpp:52:9:[m[K [01;31m[Kerror: [m[K‘[01m[Kcv_og_subscriber[m[K’ was not declared in this scope; did you mean ‘[01m[Kcount_subscribers[m[K’?
[4.386s]    52 |         [01;31m[Kcv_og_subscriber[m[K = create_subscription<OccupancyGrid>(
[4.386s]       |         [01;31m[K^~~~~~~~~~~~~~~~[m[K
[4.386s]       |         [32m[Kcount_subscribers[m[K
[4.388s] [01m[K/home/umarv/ws/src/nav_stack/occupub/src/merge_costmap.cpp:53:54:[m[K [01;31m[Kerror: [m[K‘[01m[KpopulateCvOccupancyGrid[m[K’ is not a member of ‘[01m[KMergeService[m[K’
[4.388s]    53 |             "/cv_grid", 10, std::bind(&MergeService::[01;31m[KpopulateCvOccupancyGrid[m[K, this, _1));
[4.388s]       |                                                      [01;31m[K^~~~~~~~~~~~~~~~~~~~~~~[m[K
[4.402s] [01m[K/home/umarv/ws/src/nav_stack/occupub/src/merge_costmap.cpp:55:9:[m[K [01;31m[Kerror: [m[K‘[01m[Ksensors_occupancy_grid_subscriber[m[K’ was not declared in this scope; did you mean ‘[01m[KoccupancyGridSubscriber[m[K’?
[4.402s]    55 |         [01;31m[Ksensors_occupancy_grid_subscriber[m[K = create_subscription<OccupancyGrid>(
[4.402s]       |         [01;31m[K^~~~~~~~~~~~~~~~~~~~~~~~~~~~~~~~~[m[K
[4.402s]       |         [32m[KoccupancyGridSubscriber[m[K
[4.403s] [01m[K/home/umarv/ws/src/nav_stack/occupub/src/merge_costmap.cpp:56:55:[m[K [01;31m[Kerror: [m[K‘[01m[KpopulateSensorsOccupancyGrid[m[K’ is not a member of ‘[01m[KMergeService[m[K’
[4.403s]    56 |             "/sen_grid", 10, std::bind(&MergeService::[01;31m[KpopulateSensorsOccupancyGrid[m[K, this, _1));
[4.403s]       |                                                       [01;31m[K^~~~~~~~~~~~~~~~~~~~~~~~~~~~[m[K
[4.403s] [01m[K/home/umarv/ws/src/nav_stack/occupub/src/merge_costmap.cpp:[m[K In member function ‘[01m[KOccupancyGrid MergeService::mergeSLAMAndLaneLine(const OccupancyGrid&, const OccupancyGrid&)[m[K’:
[4.403s] [01m[K/home/umarv/ws/src/nav_stack/occupub/src/merge_costmap.cpp:127:5:[m[K [01;31m[Kerror: [m[Ka function-definition is not allowed here before ‘[01m[K{[m[K’ token
[4.403s]   127 |     [01;31m[K{[m[K
[4.403s]       |     [01;31m[K^[m[K
[4.403s] [01m[K/home/umarv/ws/src/nav_stack/occupub/src/merge_costmap.cpp:142:1:[m[K [01;31m[Kerror: [m[Kexpected primary-expression before ‘[01m[Kprivate[m[K’
[4.403s]   142 | [01;31m[Kprivate[m[K:
[4.403s]       | [01;31m[K^~~~~~~[m[K
[4.467s] [01m[K/home/umarv/ws/src/nav_stack/occupub/src/merge_costmap.cpp:150:5:[m[K [01;31m[Kerror: [m[Ka function-definition is not allowed here before ‘[01m[K{[m[K’ token
[4.467s]   150 |     [01;31m[K{[m[K
[4.467s]       |     [01;31m[K^[m[K
[4.467s] [01m[K/home/umarv/ws/src/nav_stack/occupub/src/merge_costmap.cpp:167:5:[m[K [01;31m[Kerror: [m[Ka function-definition is not allowed here before ‘[01m[K{[m[K’ token
[4.467s]   167 |     [01;31m[K{[m[K
[4.468s]       |     [01;31m[K^[m[K
[4.477s] [01m[K/home/umarv/ws/src/nav_stack/occupub/src/merge_costmap.cpp:[m[K At global scope:
[4.477s] [01m[K/home/umarv/ws/src/nav_stack/occupub/src/merge_costmap.cpp:201:2:[m[K [01;31m[Kerror: [m[Kexpected unqualified-id at end of input
[4.477s]   201 | }
[4.477s]       |  [01;31m[K^[m[K
[7.921s] gmake[2]: *** [CMakeFiles/merge_costmap_sub.dir/build.make:76: CMakeFiles/merge_costmap_sub.dir/src/merge_costmap.cpp.o] Error 1
[7.921s] gmake[1]: *** [CMakeFiles/Makefile2:165: CMakeFiles/merge_costmap_sub.dir/all] Error 2
[7.921s] gmake: *** [Makefile:146: all] Error 2
[7.925s] Invoked command in '/home/umarv/ws/src/nav_stack/occupub/build/occupub' returned '2': CMAKE_PREFIX_PATH=${CMAKE_PREFIX_PATH}:/opt/ros/humble /usr/bin/cmake --build /home/umarv/ws/src/nav_stack/occupub/build/occupub -- -j8 -l8
