[ 50%] [32mBuilding CXX object CMakeFiles/cv-integration.dir/grid_generator.cpp.o[0m
[100%] [32m[1mLinking CXX executable cv-integration[0m
[100%] Built target cv-integration
-- Install configuration: ""
-- Installing: /home/umarv/ws/src/nav_stack/install/cv-integration/lib/cv-integration/cv-integration
-- Set runtime path of "/home/umarv/ws/src/nav_stack/install/cv-integration/lib/cv-integration/cv-integration" to ""
-- Up-to-date: /home/umarv/ws/src/nav_stack/install/cv-integration/share/ament_index/resource_index/package_run_dependencies/cv-integration
-- Up-to-date: /home/umarv/ws/src/nav_stack/install/cv-integration/share/ament_index/resource_index/parent_prefix_path/cv-integration
-- Up-to-date: /home/umarv/ws/src/nav_stack/install/cv-integration/share/cv-integration/environment/ament_prefix_path.sh
-- Up-to-date: /home/umarv/ws/src/nav_stack/install/cv-integration/share/cv-integration/environment/ament_prefix_path.dsv
-- Up-to-date: /home/umarv/ws/src/nav_stack/install/cv-integration/share/cv-integration/environment/path.sh
-- Up-to-date: /home/umarv/ws/src/nav_stack/install/cv-integration/share/cv-integration/environment/path.dsv
-- Up-to-date: /home/umarv/ws/src/nav_stack/install/cv-integration/share/cv-integration/local_setup.bash
-- Up-to-date: /home/umarv/ws/src/nav_stack/install/cv-integration/share/cv-integration/local_setup.sh
-- Up-to-date: /home/umarv/ws/src/nav_stack/install/cv-integration/share/cv-integration/local_setup.zsh
-- Up-to-date: /home/umarv/ws/src/nav_stack/install/cv-integration/share/cv-integration/local_setup.dsv
-- Installing: /home/umarv/ws/src/nav_stack/install/cv-integration/share/cv-integration/package.dsv
-- Up-to-date: /home/umarv/ws/src/nav_stack/install/cv-integration/share/ament_index/resource_index/packages/cv-integration
-- Up-to-date: /home/umarv/ws/src/nav_stack/install/cv-integration/share/cv-integration/cmake/cv-integrationConfig.cmake
-- Up-to-date: /home/umarv/ws/src/nav_stack/install/cv-integration/share/cv-integration/cmake/cv-integrationConfig-version.cmake
-- Up-to-date: /home/umarv/ws/src/nav_stack/install/cv-integration/share/cv-integration/package.xml
