[0.076s] Invoking command in '/home/umarv/ws/src/nav_stack/cv_grid/build/cv_grid': CMAKE_PREFIX_PATH=/opt/ros/humble /usr/bin/cmake /home/umarv/ws/src/nav_stack/cv_grid -DCMAKE_INSTALL_PREFIX=/home/umarv/ws/src/nav_stack/cv_grid/install/cv_grid
[0.089s] -- Found ament_cmake: 1.3.5 (/opt/ros/humble/share/ament_cmake/cmake)
[0.463s] -- Found ament_lint_auto: 0.12.8 (/opt/ros/humble/share/ament_lint_auto/cmake)
[0.649s] -- Added test 'cppcheck' to perform static code analysis on C / C++ code
[0.650s] -- Configured cppcheck include dirs: 
[0.650s] -- Configured cppcheck exclude dirs and/or files: 
[0.652s] -- Added test 'flake8' to check Python code syntax and style conventions
[0.655s] -- Added test 'lint_cmake' to check CMake code style
[0.656s] -- Added test 'pep257' to check Python code against some of the docstring style conventions in PEP 257
[0.666s] -- Added test 'uncrustify' to check C / C++ code style
[0.666s] -- Configured uncrustify additional arguments: 
[0.668s] -- Added test 'xmllint' to check XML markup files
[0.670s] [31mCMake Error at /opt/ros/humble/share/ament_cmake_target_dependencies/cmake/ament_target_dependencies.cmake:77 (message):
[0.671s]   ament_target_dependencies() the passed package name 'std_msgs' was not
[0.671s]   found before
[0.671s] Call Stack (most recent call first):
[0.671s]   CMakeLists.txt:29 (ament_target_dependencies)
[0.671s] 
[0.671s] [0m
[0.671s] -- Configuring incomplete, errors occurred!
[0.671s] See also "/home/umarv/ws/src/nav_stack/cv_grid/build/cv_grid/CMakeFiles/CMakeOutput.log".
[0.677s] Invoked command in '/home/umarv/ws/src/nav_stack/cv_grid/build/cv_grid' returned '1': CMAKE_PREFIX_PATH=/opt/ros/humble /usr/bin/cmake /home/umarv/ws/src/nav_stack/cv_grid -DCMAKE_INSTALL_PREFIX=/home/umarv/ws/src/nav_stack/cv_grid/install/cv_grid
