[0.085s] Invoking command in '/home/umarv/ws/src/nav_stack/occupub/build/occupub': CMAKE_PREFIX_PATH=/opt/ros/humble /usr/bin/cmake /home/umarv/ws/src/nav_stack/occupub -DCMAKE_INSTALL_PREFIX=/home/umarv/ws/src/nav_stack/occupub/install/occupub
[0.125s] -- Found ament_cmake: 1.3.5 (/opt/ros/humble/share/ament_cmake/cmake)
[0.548s] -- Found rclcpp: 16.0.6 (/opt/ros/humble/share/rclcpp/cmake)
[0.712s] -- Found rosidl_generator_c: 3.1.5 (/opt/ros/humble/share/rosidl_generator_c/cmake)
[0.736s] -- Found rosidl_adapter: 3.1.5 (/opt/ros/humble/share/rosidl_adapter/cmake)
[0.768s] -- Found rosidl_generator_cpp: 3.1.5 (/opt/ros/humble/share/rosidl_generator_cpp/cmake)
[0.818s] -- Using all available rosidl_typesupport_c: rosidl_typesupport_fastrtps_c;rosidl_typesupport_introspection_c
[0.882s] -- Using all available rosidl_typesupport_cpp: rosidl_typesupport_fastrtps_cpp;rosidl_typesupport_introspection_cpp
[1.072s] -- Found rmw_implementation_cmake: 6.1.1 (/opt/ros/humble/share/rmw_implementation_cmake/cmake)
[1.082s] -- Found rmw_fastrtps_cpp: 6.2.4 (/opt/ros/humble/share/rmw_fastrtps_cpp/cmake)
[1.370s] -- Found OpenSSL: /usr/lib/x86_64-linux-gnu/libcrypto.so (found version "3.0.2")  
[1.459s] -- Found FastRTPS: /opt/ros/humble/include  
[1.562s] -- Using RMW implementation 'rmw_fastrtps_cpp' as default
[1.593s] -- Looking for pthread.h
[1.771s] -- Looking for pthread.h - found
[1.776s] -- Performing Test CMAKE_HAVE_LIBC_PTHREAD
[1.920s] -- Performing Test CMAKE_HAVE_LIBC_PTHREAD - Success
[1.925s] -- Found Threads: TRUE  
[2.246s] -- Found nav_msgs: 4.2.3 (/opt/ros/humble/share/nav_msgs/cmake)
[2.471s] -- Found ament_lint_auto: 0.12.8 (/opt/ros/humble/share/ament_lint_auto/cmake)
[2.658s] -- Added test 'cppcheck' to perform static code analysis on C / C++ code
[2.658s] -- Configured cppcheck include dirs: 
[2.658s] -- Configured cppcheck exclude dirs and/or files: 
[2.660s] -- Added test 'flake8' to check Python code syntax and style conventions
[2.662s] -- Added test 'lint_cmake' to check CMake code style
[2.664s] -- Added test 'pep257' to check Python code against some of the docstring style conventions in PEP 257
[2.671s] -- Added test 'uncrustify' to check C / C++ code style
[2.672s] -- Configured uncrustify additional arguments: 
[2.673s] -- Added test 'xmllint' to check XML markup files
[2.678s] [31mCMake Error at CMakeLists.txt:39 (install):
[2.679s]   install does not recognize sub-command TARGET
[2.679s] 
[2.679s] [0m
[2.679s] -- Configuring incomplete, errors occurred!
[2.679s] See also "/home/umarv/ws/src/nav_stack/occupub/build/occupub/CMakeFiles/CMakeOutput.log".
[2.694s] Invoked command in '/home/umarv/ws/src/nav_stack/occupub/build/occupub' returned '1': CMAKE_PREFIX_PATH=/opt/ros/humble /usr/bin/cmake /home/umarv/ws/src/nav_stack/occupub -DCMAKE_INSTALL_PREFIX=/home/umarv/ws/src/nav_stack/occupub/install/occupub
