running egg_info
writing ../../../build/nav2_gps_waypoint_follower_demo/nav2_gps_waypoint_follower_demo.egg-info/PKG-INFO
writing dependency_links to ../../../build/nav2_gps_waypoint_follower_demo/nav2_gps_waypoint_follower_demo.egg-info/dependency_links.txt
writing entry points to ../../../build/nav2_gps_waypoint_follower_demo/nav2_gps_waypoint_follower_demo.egg-info/entry_points.txt
writing requirements to ../../../build/nav2_gps_waypoint_follower_demo/nav2_gps_waypoint_follower_demo.egg-info/requires.txt
writing top-level names to ../../../build/nav2_gps_waypoint_follower_demo/nav2_gps_waypoint_follower_demo.egg-info/top_level.txt
reading manifest file '../../../build/nav2_gps_waypoint_follower_demo/nav2_gps_waypoint_follower_demo.egg-info/SOURCES.txt'
writing manifest file '../../../build/nav2_gps_waypoint_follower_demo/nav2_gps_waypoint_follower_demo.egg-info/SOURCES.txt'
running build
running build_py
running install
/usr/lib/python3/dist-packages/setuptools/command/install.py:34: SetuptoolsDeprecationWarning: setup.py install is deprecated. Use build and pip and other standards-based tools.
  warnings.warn(
running install_lib
running install_data
running install_egg_info
removing '/home/umarv/ws/install/nav2_gps_waypoint_follower_demo/lib/python3.10/site-packages/nav2_gps_waypoint_follower_demo-0.0.1-py3.10.egg-info' (and everything under it)
Copying ../../../build/nav2_gps_waypoint_follower_demo/nav2_gps_waypoint_follower_demo.egg-info to /home/umarv/ws/install/nav2_gps_waypoint_follower_demo/lib/python3.10/site-packages/nav2_gps_waypoint_follower_demo-0.0.1-py3.10.egg-info
running install_scripts
Installing gps_waypoint_logger script to /home/umarv/ws/install/nav2_gps_waypoint_follower_demo/lib/nav2_gps_waypoint_follower_demo
Installing interactive_waypoint_follower script to /home/umarv/ws/install/nav2_gps_waypoint_follower_demo/lib/nav2_gps_waypoint_follower_demo
Installing logged_waypoint_follower script to /home/umarv/ws/install/nav2_gps_waypoint_follower_demo/lib/nav2_gps_waypoint_follower_demo
writing list of installed files to '/home/umarv/ws/build/nav2_gps_waypoint_follower_demo/install.log'
