[0.149s] Invoking command in '/home/umarv/ws/src/nav_stack/occupub/build/occupub': CMAKE_PREFIX_PATH=${CMAKE_PREFIX_PATH}:/opt/ros/humble /usr/bin/cmake --build /home/umarv/ws/src/nav_stack/occupub/build/occupub -- -j8 -l8
[0.322s] [35m[1mConsolidate compiler generated dependencies of target merge_costmap_sub[0m
[0.349s] [ 50%] Built target occupub
[0.357s] [ 75%] [32mBuilding CXX object CMakeFiles/merge_costmap_sub.dir/src/merge_costmap.cpp.o[0m
[4.664s] [01m[K/home/umarv/ws/src/nav_stack/occupub/src/merge_costmap.cpp:[m[K In function ‘[01m[Kint main(int, char**)[m[K’:
[4.666s] [01m[K/home/umarv/ws/src/nav_stack/occupub/src/merge_costmap.cpp:347:17:[m[K [01;31m[Kerror: [m[Kno matching function for call to ‘[01m[Kspin(std::shared_ptr<MergeService>&, std::shared_ptr<TF2sub>&)[m[K’
[4.667s]   347 |     [01;31m[Krclcpp::spin(merge_service, tf2_subscriber)[m[K;
[4.667s]       |     [01;31m[K~~~~~~~~~~~~^~~~~~~~~~~~~~~~~~~~~~~~~~~~~~~[m[K
[4.667s] In file included from [01m[K/opt/ros/humble/include/rclcpp/rclcpp/rclcpp.hpp:155[m[K,
[4.667s]                  from [01m[K/home/umarv/ws/src/nav_stack/occupub/src/merge_costmap.cpp:182[m[K:
[4.667s] [01m[K/opt/ros/humble/include/rclcpp/rclcpp/executors.hpp:45:1:[m[K [01;36m[Knote: [m[Kcandidate: ‘[01m[Kvoid rclcpp::spin(rclcpp::node_interfaces::NodeBaseInterface::SharedPtr)[m[K’
[4.667s]    45 | [01;36m[Kspin[m[K(rclcpp::node_interfaces::NodeBaseInterface::SharedPtr node_ptr);
[4.667s]       | [01;36m[K^~~~[m[K
[4.667s] [01m[K/opt/ros/humble/include/rclcpp/rclcpp/executors.hpp:45:1:[m[K [01;36m[Knote: [m[K  candidate expects 1 argument, 2 provided
[4.667s] [01m[K/opt/ros/humble/include/rclcpp/rclcpp/executors.hpp:49:1:[m[K [01;36m[Knote: [m[Kcandidate: ‘[01m[Kvoid rclcpp::spin(rclcpp::Node::SharedPtr)[m[K’
[4.668s]    49 | [01;36m[Kspin[m[K(rclcpp::Node::SharedPtr node_ptr);
[4.668s]       | [01;36m[K^~~~[m[K
[4.668s] [01m[K/opt/ros/humble/include/rclcpp/rclcpp/executors.hpp:49:1:[m[K [01;36m[Knote: [m[K  candidate expects 1 argument, 2 provided
[9.521s] gmake[2]: *** [CMakeFiles/merge_costmap_sub.dir/build.make:76: CMakeFiles/merge_costmap_sub.dir/src/merge_costmap.cpp.o] Error 1
[9.521s] gmake[1]: *** [CMakeFiles/Makefile2:165: CMakeFiles/merge_costmap_sub.dir/all] Error 2
[9.521s] gmake: *** [Makefile:146: all] Error 2
[9.527s] Invoked command in '/home/umarv/ws/src/nav_stack/occupub/build/occupub' returned '2': CMAKE_PREFIX_PATH=${CMAKE_PREFIX_PATH}:/opt/ros/humble /usr/bin/cmake --build /home/umarv/ws/src/nav_stack/occupub/build/occupub -- -j8 -l8
