[0.143s] Invoking command in '/home/umarv/ws/src/nav_stack/occupub/build/occupub': CMAKE_PREFIX_PATH=${CMAKE_PREFIX_PATH}:/opt/ros/humble /usr/bin/cmake --build /home/umarv/ws/src/nav_stack/occupub/build/occupub -- -j8 -l8
[0.195s] [35m[1mConsolidate compiler generated dependencies of target merge_costmap_sub[0m
[0.221s] [ 50%] Built target occupub
[0.230s] [ 75%] [32mBuilding CXX object CMakeFiles/merge_costmap_sub.dir/src/merge_costmap.cpp.o[0m
[4.262s] [01m[K/home/umarv/ws/src/nav_stack/occupub/src/merge_costmap.cpp:[m[K In function ‘[01m[Kint main(int, char**)[m[K’:
[4.263s] [01m[K/home/umarv/ws/src/nav_stack/occupub/src/merge_costmap.cpp:326:58:[m[K [01;31m[Kerror: [m[K‘[01m[KOccupancyGrid MergeService::cv_occupancy_grid[m[K’ is private within this context
[4.264s]   326 |     merge_service->printOccupancyGridInfo(merge_service->[01;31m[Kcv_occupancy_grid[m[K);
[4.264s]       |                                                          [01;31m[K^~~~~~~~~~~~~~~~~[m[K
[4.264s] [01m[K/home/umarv/ws/src/nav_stack/occupub/src/merge_costmap.cpp:300:19:[m[K [01;36m[Knote: [m[Kdeclared private here
[4.264s]   300 |     OccupancyGrid [01;36m[Kcv_occupancy_grid[m[K;
[4.264s]       |                   [01;36m[K^~~~~~~~~~~~~~~~~[m[K
[4.264s] [01m[K/home/umarv/ws/src/nav_stack/occupub/src/merge_costmap.cpp:327:58:[m[K [01;31m[Kerror: [m[K‘[01m[KOccupancyGrid MergeService::sensors_occupancy_grid[m[K’ is private within this context
[4.265s]   327 |     merge_service->printOccupancyGridInfo(merge_service->[01;31m[Ksensors_occupancy_grid[m[K);
[4.265s]       |                                                          [01;31m[K^~~~~~~~~~~~~~~~~~~~~~[m[K
[4.265s] [01m[K/home/umarv/ws/src/nav_stack/occupub/src/merge_costmap.cpp:301:19:[m[K [01;36m[Knote: [m[Kdeclared private here
[4.265s]   301 |     OccupancyGrid [01;36m[Ksensors_occupancy_grid[m[K;
[4.265s]       |                   [01;36m[K^~~~~~~~~~~~~~~~~~~~~~[m[K
[8.977s] gmake[2]: *** [CMakeFiles/merge_costmap_sub.dir/build.make:76: CMakeFiles/merge_costmap_sub.dir/src/merge_costmap.cpp.o] Error 1
[8.977s] gmake[1]: *** [CMakeFiles/Makefile2:165: CMakeFiles/merge_costmap_sub.dir/all] Error 2
[8.977s] gmake: *** [Makefile:146: all] Error 2
[8.981s] Invoked command in '/home/umarv/ws/src/nav_stack/occupub/build/occupub' returned '2': CMAKE_PREFIX_PATH=${CMAKE_PREFIX_PATH}:/opt/ros/humble /usr/bin/cmake --build /home/umarv/ws/src/nav_stack/occupub/build/occupub -- -j8 -l8
