[0.241s] Invoking command in '/home/umarv/ws/build/nav2_gradient_costmap_plugin': /usr/bin/cmake --build /home/umarv/ws/build/nav2_gradient_costmap_plugin -- -j8 -l8
[0.276s] [100%] Built target nav2_gradient_costmap_plugin_core
[0.284s] Invoked command in '/home/umarv/ws/build/nav2_gradient_costmap_plugin' returned '0': /usr/bin/cmake --build /home/umarv/ws/build/nav2_gradient_costmap_plugin -- -j8 -l8
[0.313s] Invoking command in '/home/umarv/ws/build/nav2_gradient_costmap_plugin': /usr/bin/cmake --install /home/umarv/ws/build/nav2_gradient_costmap_plugin
[0.314s] -- Install configuration: ""
[0.315s] -- Up-to-date: /home/umarv/ws/install/nav2_gradient_costmap_plugin/lib/libnav2_gradient_costmap_plugin_core.so
[0.315s] -- Up-to-date: /home/umarv/ws/install/nav2_gradient_costmap_plugin/share/nav2_gradient_costmap_plugin/gradient_layer.xml
[0.315s] -- Up-to-date: /home/umarv/ws/install/nav2_gradient_costmap_plugin/share/ament_index/resource_index/package_run_dependencies/nav2_gradient_costmap_plugin
[0.316s] -- Up-to-date: /home/umarv/ws/install/nav2_gradient_costmap_plugin/share/ament_index/resource_index/parent_prefix_path/nav2_gradient_costmap_plugin
[0.319s] -- Up-to-date: /home/umarv/ws/install/nav2_gradient_costmap_plugin/share/nav2_gradient_costmap_plugin/environment/ament_prefix_path.sh
[0.319s] -- Up-to-date: /home/umarv/ws/install/nav2_gradient_costmap_plugin/share/nav2_gradient_costmap_plugin/environment/ament_prefix_path.dsv
[0.319s] -- Up-to-date: /home/umarv/ws/install/nav2_gradient_costmap_plugin/share/nav2_gradient_costmap_plugin/environment/path.sh
[0.320s] -- Up-to-date: /home/umarv/ws/install/nav2_gradient_costmap_plugin/share/nav2_gradient_costmap_plugin/environment/path.dsv
[0.321s] -- Up-to-date: /home/umarv/ws/install/nav2_gradient_costmap_plugin/share/nav2_gradient_costmap_plugin/local_setup.bash
[0.322s] -- Up-to-date: /home/umarv/ws/install/nav2_gradient_costmap_plugin/share/nav2_gradient_costmap_plugin/local_setup.sh
[0.322s] -- Up-to-date: /home/umarv/ws/install/nav2_gradient_costmap_plugin/share/nav2_gradient_costmap_plugin/local_setup.zsh
[0.323s] -- Up-to-date: /home/umarv/ws/install/nav2_gradient_costmap_plugin/share/nav2_gradient_costmap_plugin/local_setup.dsv
[0.324s] -- Installing: /home/umarv/ws/install/nav2_gradient_costmap_plugin/share/nav2_gradient_costmap_plugin/package.dsv
[0.324s] -- Up-to-date: /home/umarv/ws/install/nav2_gradient_costmap_plugin/share/ament_index/resource_index/packages/nav2_gradient_costmap_plugin
[0.324s] -- Up-to-date: /home/umarv/ws/install/nav2_gradient_costmap_plugin/share/ament_index/resource_index/nav2_costmap_2d__pluginlib__plugin/nav2_gradient_costmap_plugin
[0.324s] -- Up-to-date: /home/umarv/ws/install/nav2_gradient_costmap_plugin/share/nav2_gradient_costmap_plugin/cmake/nav2_gradient_costmap_pluginConfig.cmake
[0.325s] -- Up-to-date: /home/umarv/ws/install/nav2_gradient_costmap_plugin/share/nav2_gradient_costmap_plugin/cmake/nav2_gradient_costmap_pluginConfig-version.cmake
[0.325s] -- Up-to-date: /home/umarv/ws/install/nav2_gradient_costmap_plugin/share/nav2_gradient_costmap_plugin/package.xml
[0.348s] Invoked command in '/home/umarv/ws/build/nav2_gradient_costmap_plugin' returned '0': /usr/bin/cmake --install /home/umarv/ws/build/nav2_gradient_costmap_plugin
