[1.966s] DEBUG:colcon:Command line arguments: ['/usr/bin/colcon', 'build']
[1.966s] DEBUG:colcon:Parsed command line arguments: Namespace(log_base=None, log_level=None, verb_name='build', build_base='build', install_base='install', merge_install=False, symlink_install=False, test_result_base=None, continue_on_error=False, executor='parallel', parallel_workers=8, event_handlers=None, ignore_user_meta=False, metas=['./colcon.meta'], base_paths=['.'], packages_ignore=None, packages_ignore_regex=None, paths=None, packages_up_to=None, packages_up_to_regex=None, packages_above=None, packages_above_and_dependencies=None, packages_above_depth=None, packages_select_by_dep=None, packages_skip_by_dep=None, packages_skip_up_to=None, packages_select_build_failed=False, packages_skip_build_finished=False, packages_select_test_failures=False, packages_skip_test_passed=False, packages_select=None, packages_skip=None, packages_select_regex=None, packages_skip_regex=None, packages_start=None, packages_end=None, cmake_args=None, cmake_target=None, cmake_target_skip_unavailable=False, cmake_clean_cache=False, cmake_clean_first=False, cmake_force_configure=False, ament_cmake_args=None, catkin_cmake_args=None, catkin_skip_building_tests=False, mixin_files=None, mixin=None, verb_parser=<colcon_mixin.mixin.mixin_argument.MixinArgumentDecorator object at 0x7f29344e8550>, verb_extension=<colcon_core.verb.build.BuildVerb object at 0x7f29344e93f0>, main=<bound method BuildVerb.main of <colcon_core.verb.build.BuildVerb object at 0x7f29344e93f0>>, mixin_verb=('build',))
[2.043s] Level 1:colcon.colcon_core.package_discovery:discover_packages(colcon_meta) check parameters
[2.044s] Level 1:colcon.colcon_core.package_discovery:discover_packages(recursive) check parameters
[2.044s] Level 1:colcon.colcon_core.package_discovery:discover_packages(ignore) check parameters
[2.044s] Level 1:colcon.colcon_core.package_discovery:discover_packages(path) check parameters
[2.044s] Level 1:colcon.colcon_core.package_discovery:discover_packages(colcon_meta) discover
[2.044s] Level 1:colcon.colcon_core.package_discovery:discover_packages(recursive) discover
[2.044s] INFO:colcon.colcon_core.package_discovery:Crawling recursively for packages in '/home/umarv/ws/src/nav_stack/occupub'
[2.044s] Level 1:colcon.colcon_core.package_identification:_identify(.) by extensions ['ignore', 'ignore_ament_install']
[2.045s] Level 1:colcon.colcon_core.package_identification:_identify(.) by extension 'ignore'
[2.045s] Level 1:colcon.colcon_core.package_identification:_identify(.) by extension 'ignore_ament_install'
[2.045s] Level 1:colcon.colcon_core.package_identification:_identify(.) by extensions ['colcon_pkg']
[2.045s] Level 1:colcon.colcon_core.package_identification:_identify(.) by extension 'colcon_pkg'
[2.045s] Level 1:colcon.colcon_core.package_identification:_identify(.) by extensions ['colcon_meta']
[2.046s] Level 1:colcon.colcon_core.package_identification:_identify(.) by extension 'colcon_meta'
[2.046s] Level 1:colcon.colcon_core.package_identification:_identify(.) by extensions ['ros']
[2.046s] Level 1:colcon.colcon_core.package_identification:_identify(.) by extension 'ros'
[2.071s] DEBUG:colcon.colcon_core.package_identification:Package '.' with type 'ros.ament_cmake' and name 'occupub'
[2.072s] Level 1:colcon.colcon_core.package_discovery:discover_packages(recursive) using defaults
[2.072s] Level 1:colcon.colcon_core.package_discovery:discover_packages(ignore) discover
[2.072s] Level 1:colcon.colcon_core.package_discovery:discover_packages(ignore) using defaults
[2.072s] Level 1:colcon.colcon_core.package_discovery:discover_packages(path) discover
[2.072s] Level 1:colcon.colcon_core.package_discovery:discover_packages(path) using defaults
[2.188s] Level 5:colcon.colcon_core.verb:set package 'occupub' build argument 'cmake_args' from command line to 'None'
[2.188s] Level 5:colcon.colcon_core.verb:set package 'occupub' build argument 'cmake_target' from command line to 'None'
[2.188s] Level 5:colcon.colcon_core.verb:set package 'occupub' build argument 'cmake_target_skip_unavailable' from command line to 'False'
[2.188s] Level 5:colcon.colcon_core.verb:set package 'occupub' build argument 'cmake_clean_cache' from command line to 'False'
[2.188s] Level 5:colcon.colcon_core.verb:set package 'occupub' build argument 'cmake_clean_first' from command line to 'False'
[2.188s] Level 5:colcon.colcon_core.verb:set package 'occupub' build argument 'cmake_force_configure' from command line to 'False'
[2.188s] Level 5:colcon.colcon_core.verb:set package 'occupub' build argument 'ament_cmake_args' from command line to 'None'
[2.188s] Level 5:colcon.colcon_core.verb:set package 'occupub' build argument 'catkin_cmake_args' from command line to 'None'
[2.188s] Level 5:colcon.colcon_core.verb:set package 'occupub' build argument 'catkin_skip_building_tests' from command line to 'False'
[2.188s] DEBUG:colcon.colcon_core.verb:Building package 'occupub' with the following arguments: {'ament_cmake_args': None, 'build_base': '/home/umarv/ws/src/nav_stack/occupub/build/occupub', 'catkin_cmake_args': None, 'catkin_skip_building_tests': False, 'cmake_args': None, 'cmake_clean_cache': False, 'cmake_clean_first': False, 'cmake_force_configure': False, 'cmake_target': None, 'cmake_target_skip_unavailable': False, 'install_base': '/home/umarv/ws/src/nav_stack/occupub/install/occupub', 'merge_install': False, 'path': '/home/umarv/ws/src/nav_stack/occupub', 'symlink_install': False, 'test_result_base': None}
[2.206s] INFO:colcon.colcon_core.executor:Executing jobs using 'parallel' executor
[2.226s] DEBUG:colcon.colcon_parallel_executor.executor.parallel:run_until_complete
[2.227s] INFO:colcon.colcon_ros.task.ament_cmake.build:Building ROS package in '/home/umarv/ws/src/nav_stack/occupub' with build type 'ament_cmake'
[2.228s] INFO:colcon.colcon_cmake.task.cmake.build:Building CMake package in '/home/umarv/ws/src/nav_stack/occupub'
[2.251s] INFO:colcon.colcon_core.plugin_system:Skipping extension 'colcon_core.shell.bat': Not used on non-Windows systems
[2.252s] INFO:colcon.colcon_core.shell:Skip shell extension 'powershell' for command environment: Not usable outside of PowerShell
[2.252s] DEBUG:colcon.colcon_core.shell:Skip shell extension 'dsv' for command environment
[2.313s] DEBUG:colcon.colcon_core.event_handler.log_command:Invoking command in '/home/umarv/ws/src/nav_stack/occupub/build/occupub': CMAKE_PREFIX_PATH=/opt/ros/humble /usr/bin/cmake /home/umarv/ws/src/nav_stack/occupub -DCMAKE_INSTALL_PREFIX=/home/umarv/ws/src/nav_stack/occupub/install/occupub
[4.922s] DEBUG:colcon.colcon_core.event_handler.log_command:Invoked command in '/home/umarv/ws/src/nav_stack/occupub/build/occupub' returned '1': CMAKE_PREFIX_PATH=/opt/ros/humble /usr/bin/cmake /home/umarv/ws/src/nav_stack/occupub -DCMAKE_INSTALL_PREFIX=/home/umarv/ws/src/nav_stack/occupub/install/occupub
[4.938s] Level 1:colcon.colcon_core.environment:create_environment_scripts_only(occupub)
[4.970s] Level 1:colcon.colcon_core.environment:checking '/home/umarv/ws/src/nav_stack/occupub/install/occupub' for CMake module files
[4.971s] Level 1:colcon.colcon_core.environment:checking '/home/umarv/ws/src/nav_stack/occupub/install/occupub' for CMake config files
[4.972s] Level 1:colcon.colcon_core.environment:checking '/home/umarv/ws/src/nav_stack/occupub/install/occupub/bin'
[4.972s] Level 1:colcon.colcon_core.environment:checking '/home/umarv/ws/src/nav_stack/occupub/install/occupub/lib/pkgconfig/occupub.pc'
[4.975s] Level 1:colcon.colcon_core.environment:checking '/home/umarv/ws/src/nav_stack/occupub/install/occupub/lib/python3.10/site-packages'
[4.975s] Level 1:colcon.colcon_core.environment:checking '/home/umarv/ws/src/nav_stack/occupub/install/occupub/bin'
[4.995s] INFO:colcon.colcon_core.shell:Creating package script '/home/umarv/ws/src/nav_stack/occupub/install/occupub/share/occupub/package.ps1'
[4.997s] INFO:colcon.colcon_core.shell:Creating package descriptor '/home/umarv/ws/src/nav_stack/occupub/install/occupub/share/occupub/package.dsv'
[4.998s] INFO:colcon.colcon_core.shell:Creating package script '/home/umarv/ws/src/nav_stack/occupub/install/occupub/share/occupub/package.sh'
[4.999s] INFO:colcon.colcon_core.shell:Creating package script '/home/umarv/ws/src/nav_stack/occupub/install/occupub/share/occupub/package.bash'
[5.001s] INFO:colcon.colcon_core.shell:Creating package script '/home/umarv/ws/src/nav_stack/occupub/install/occupub/share/occupub/package.zsh'
[5.002s] Level 1:colcon.colcon_core.environment:create_file_with_runtime_dependencies(/home/umarv/ws/src/nav_stack/occupub/install/occupub/share/colcon-core/packages/occupub)
[5.014s] DEBUG:colcon.colcon_parallel_executor.executor.parallel:closing loop
[5.014s] DEBUG:colcon.colcon_parallel_executor.executor.parallel:loop closed
[5.015s] DEBUG:colcon.colcon_parallel_executor.executor.parallel:run_until_complete finished with '1'
[5.015s] DEBUG:colcon.colcon_core.event_reactor:joining thread
[5.042s] INFO:colcon.colcon_core.plugin_system:Skipping extension 'colcon_notification.desktop_notification.notify_send': Could not find 'notify-send'
[5.043s] INFO:colcon.colcon_core.plugin_system:Skipping extension 'colcon_notification.desktop_notification.terminal_notifier': Not used on non-Darwin systems
[5.043s] INFO:colcon.colcon_core.plugin_system:Skipping extension 'colcon_notification.desktop_notification.win32': Not used on non-Windows systems
[5.043s] INFO:colcon.colcon_notification.desktop_notification:Sending desktop notification using 'notify2'
[5.048s] DEBUG:colcon.colcon_notification.desktop_notification.notify2:Failed to initialize notify2: org.freedesktop.DBus.Error.Spawn.ExecFailed: /usr/bin/dbus-launch terminated abnormally without any error message
[5.049s] DEBUG:colcon.colcon_core.event_reactor:joined thread
[5.070s] INFO:colcon.colcon_core.shell:Creating prefix script '/home/umarv/ws/src/nav_stack/occupub/install/local_setup.ps1'
[5.073s] INFO:colcon.colcon_core.shell:Creating prefix util module '/home/umarv/ws/src/nav_stack/occupub/install/_local_setup_util_ps1.py'
[5.077s] INFO:colcon.colcon_core.shell:Creating prefix chain script '/home/umarv/ws/src/nav_stack/occupub/install/setup.ps1'
[5.105s] INFO:colcon.colcon_core.shell:Creating prefix script '/home/umarv/ws/src/nav_stack/occupub/install/local_setup.sh'
[5.106s] INFO:colcon.colcon_core.shell:Creating prefix util module '/home/umarv/ws/src/nav_stack/occupub/install/_local_setup_util_sh.py'
[5.107s] INFO:colcon.colcon_core.shell:Creating prefix chain script '/home/umarv/ws/src/nav_stack/occupub/install/setup.sh'
[5.129s] INFO:colcon.colcon_core.shell:Creating prefix script '/home/umarv/ws/src/nav_stack/occupub/install/local_setup.bash'
[5.130s] INFO:colcon.colcon_core.shell:Creating prefix chain script '/home/umarv/ws/src/nav_stack/occupub/install/setup.bash'
[5.145s] INFO:colcon.colcon_core.shell:Creating prefix script '/home/umarv/ws/src/nav_stack/occupub/install/local_setup.zsh'
[5.145s] INFO:colcon.colcon_core.shell:Creating prefix chain script '/home/umarv/ws/src/nav_stack/occupub/install/setup.zsh'
