[0.370s] Invoking command in '/home/umarv/ws/build/nav2_straightline_planner': CMAKE_PREFIX_PATH=${CMAKE_PREFIX_PATH}:/home/umarv/ws/install/nav2_gps_waypoint_follower_demo:/opt/ros/humble /usr/bin/cmake --build /home/umarv/ws/build/nav2_straightline_planner -- -j8 -l8
[0.388s] -- Found ament_cmake: 1.3.5 (/opt/ros/humble/share/ament_cmake/cmake)
[0.539s] -- Found rclcpp: 16.0.6 (/opt/ros/humble/share/rclcpp/cmake)
[0.572s] -- Found rosidl_generator_c: 3.1.5 (/opt/ros/humble/share/rosidl_generator_c/cmake)
[0.573s] -- Found rosidl_adapter: 3.1.5 (/opt/ros/humble/share/rosidl_adapter/cmake)
[0.578s] -- Found rosidl_generator_cpp: 3.1.5 (/opt/ros/humble/share/rosidl_generator_cpp/cmake)
[0.590s] -- Using all available rosidl_typesupport_c: rosidl_typesupport_fastrtps_c;rosidl_typesupport_introspection_c
[0.603s] -- Using all available rosidl_typesupport_cpp: rosidl_typesupport_fastrtps_cpp;rosidl_typesupport_introspection_cpp
[0.646s] -- Found rmw_implementation_cmake: 6.1.1 (/opt/ros/humble/share/rmw_implementation_cmake/cmake)
[0.647s] -- Found rmw_fastrtps_cpp: 6.2.4 (/opt/ros/humble/share/rmw_fastrtps_cpp/cmake)
[0.760s] -- Using RMW implementation 'rmw_fastrtps_cpp' as default
[0.891s] -- Found rclcpp_action: 16.0.6 (/opt/ros/humble/share/rclcpp_action/cmake)
[0.950s] -- Found rclcpp_lifecycle: 16.0.6 (/opt/ros/humble/share/rclcpp_lifecycle/cmake)
[0.978s] -- Found visualization_msgs: 4.2.3 (/opt/ros/humble/share/visualization_msgs/cmake)
[1.164s] -- Found nav2_util: 1.1.12 (/opt/ros/humble/share/nav2_util/cmake)
[1.542s] -- Found eigen3_cmake_module: 0.1.1 (/opt/ros/humble/share/eigen3_cmake_module/cmake)
[1.543s] -- Ensuring Eigen3 include directory is part of orocos-kdl CMake target
[1.674s] -- Found nav2_costmap_2d: 1.1.12 (/opt/ros/humble/share/nav2_costmap_2d/cmake)
[2.263s] -- Found nav2_core: 1.1.12 (/opt/ros/humble/share/nav2_core/cmake)
[5.968s] -- Found ament_lint_auto: 0.12.8 (/opt/ros/humble/share/ament_lint_auto/cmake)
[6.025s] -- Added test 'copyright' to check source files copyright and LICENSE
[6.025s] -- Added test 'cppcheck' to perform static code analysis on C / C++ code
[6.026s] -- Configured cppcheck include dirs: /home/umarv/ws/src/navigation2_tutorials/nav2_straightline_planner/include
[6.026s] -- Configured cppcheck exclude dirs and/or files: 
[6.026s] -- Added test 'cpplint' to check C / C++ code against the Google style
[6.026s] -- Configured cpplint exclude dirs and/or files: 
[6.026s] -- Added test 'lint_cmake' to check CMake code style
[6.027s] -- Added test 'uncrustify' to check C / C++ code style
[6.027s] -- Configured uncrustify additional arguments: 
[6.027s] -- Added test 'xmllint' to check XML markup files
[6.029s] -- Configuring done
[6.125s] -- Generating done
[6.127s] -- Build files have been written to: /home/umarv/ws/build/nav2_straightline_planner
[6.152s] [35m[1mConsolidate compiler generated dependencies of target nav2_straightline_planner_plugin[0m
[6.167s] [ 50%] [32mBuilding CXX object CMakeFiles/nav2_straightline_planner_plugin.dir/src/straight_line_planner.cpp.o[0m
[8.972s] In file included from [01m[K/home/umarv/ws/src/navigation2_tutorials/nav2_straightline_planner/src/straight_line_planner.cpp:49[m[K:
[8.973s] [01m[K/home/umarv/ws/src/navigation2_tutorials/nav2_straightline_planner/include/nav2_straightline_planner/rpastar.h:[m[K In member function ‘[01m[Kconst bool& rpastar::Node::operator==(const rpastar::Node&)[m[K’:
[8.973s] [01m[K/home/umarv/ws/src/navigation2_tutorials/nav2_straightline_planner/include/nav2_straightline_planner/rpastar.h:42:36:[m[K [01;35m[Kwarning: [m[Kreturning reference to temporary [[01;35m[K-Wreturn-local-addr[m[K]
[8.973s]    42 |                 return [01;35m[Kthis->state == rhs.state[m[K;
[8.973s]       |                        [01;35m[K~~~~~~~~~~~~^~~~~~~~~~~~[m[K
[10.261s] [ 50%] [32m[1mLinking CXX shared library libnav2_straightline_planner_plugin.so[0m
[10.469s] [ 50%] Built target nav2_straightline_planner_plugin
