[2.038s] DEBUG:colcon:Command line arguments: ['/usr/bin/colcon', 'build']
[2.038s] DEBUG:colcon:Parsed command line arguments: Namespace(log_base=None, log_level=None, verb_name='build', build_base='build', install_base='install', merge_install=False, symlink_install=False, test_result_base=None, continue_on_error=False, executor='parallel', parallel_workers=8, event_handlers=None, ignore_user_meta=False, metas=['./colcon.meta'], base_paths=['.'], packages_ignore=None, packages_ignore_regex=None, paths=None, packages_up_to=None, packages_up_to_regex=None, packages_above=None, packages_above_and_dependencies=None, packages_above_depth=None, packages_select_by_dep=None, packages_skip_by_dep=None, packages_skip_up_to=None, packages_select_build_failed=False, packages_skip_build_finished=False, packages_select_test_failures=False, packages_skip_test_passed=False, packages_select=None, packages_skip=None, packages_select_regex=None, packages_skip_regex=None, packages_start=None, packages_end=None, cmake_args=None, cmake_target=None, cmake_target_skip_unavailable=False, cmake_clean_cache=False, cmake_clean_first=False, cmake_force_configure=False, ament_cmake_args=None, catkin_cmake_args=None, catkin_skip_building_tests=False, mixin_files=None, mixin=None, verb_parser=<colcon_mixin.mixin.mixin_argument.MixinArgumentDecorator object at 0x7f336a26cb50>, verb_extension=<colcon_core.verb.build.BuildVerb object at 0x7f336a26d210>, main=<bound method BuildVerb.main of <colcon_core.verb.build.BuildVerb object at 0x7f336a26d210>>, mixin_verb=('build',))
[2.098s] Level 1:colcon.colcon_core.package_discovery:discover_packages(colcon_meta) check parameters
[2.099s] Level 1:colcon.colcon_core.package_discovery:discover_packages(recursive) check parameters
[2.099s] Level 1:colcon.colcon_core.package_discovery:discover_packages(ignore) check parameters
[2.099s] Level 1:colcon.colcon_core.package_discovery:discover_packages(path) check parameters
[2.099s] Level 1:colcon.colcon_core.package_discovery:discover_packages(colcon_meta) discover
[2.099s] Level 1:colcon.colcon_core.package_discovery:discover_packages(recursive) discover
[2.099s] INFO:colcon.colcon_core.package_discovery:Crawling recursively for packages in '/home/umarv/ws/src/nav_stack/occupub'
[2.099s] Level 1:colcon.colcon_core.package_identification:_identify(.) by extensions ['ignore', 'ignore_ament_install']
[2.099s] Level 1:colcon.colcon_core.package_identification:_identify(.) by extension 'ignore'
[2.100s] Level 1:colcon.colcon_core.package_identification:_identify(.) by extension 'ignore_ament_install'
[2.100s] Level 1:colcon.colcon_core.package_identification:_identify(.) by extensions ['colcon_pkg']
[2.100s] Level 1:colcon.colcon_core.package_identification:_identify(.) by extension 'colcon_pkg'
[2.100s] Level 1:colcon.colcon_core.package_identification:_identify(.) by extensions ['colcon_meta']
[2.100s] Level 1:colcon.colcon_core.package_identification:_identify(.) by extension 'colcon_meta'
[2.100s] Level 1:colcon.colcon_core.package_identification:_identify(.) by extensions ['ros']
[2.100s] Level 1:colcon.colcon_core.package_identification:_identify(.) by extension 'ros'
[2.122s] DEBUG:colcon.colcon_core.package_identification:Package '.' with type 'ros.ament_cmake' and name 'occupub'
[2.122s] Level 1:colcon.colcon_core.package_discovery:discover_packages(recursive) using defaults
[2.123s] Level 1:colcon.colcon_core.package_discovery:discover_packages(ignore) discover
[2.123s] Level 1:colcon.colcon_core.package_discovery:discover_packages(ignore) using defaults
[2.123s] Level 1:colcon.colcon_core.package_discovery:discover_packages(path) discover
[2.123s] Level 1:colcon.colcon_core.package_discovery:discover_packages(path) using defaults
[2.263s] Level 5:colcon.colcon_core.verb:set package 'occupub' build argument 'cmake_args' from command line to 'None'
[2.263s] Level 5:colcon.colcon_core.verb:set package 'occupub' build argument 'cmake_target' from command line to 'None'
[2.263s] Level 5:colcon.colcon_core.verb:set package 'occupub' build argument 'cmake_target_skip_unavailable' from command line to 'False'
[2.263s] Level 5:colcon.colcon_core.verb:set package 'occupub' build argument 'cmake_clean_cache' from command line to 'False'
[2.263s] Level 5:colcon.colcon_core.verb:set package 'occupub' build argument 'cmake_clean_first' from command line to 'False'
[2.263s] Level 5:colcon.colcon_core.verb:set package 'occupub' build argument 'cmake_force_configure' from command line to 'False'
[2.263s] Level 5:colcon.colcon_core.verb:set package 'occupub' build argument 'ament_cmake_args' from command line to 'None'
[2.263s] Level 5:colcon.colcon_core.verb:set package 'occupub' build argument 'catkin_cmake_args' from command line to 'None'
[2.263s] Level 5:colcon.colcon_core.verb:set package 'occupub' build argument 'catkin_skip_building_tests' from command line to 'False'
[2.263s] DEBUG:colcon.colcon_core.verb:Building package 'occupub' with the following arguments: {'ament_cmake_args': None, 'build_base': '/home/umarv/ws/src/nav_stack/occupub/build/occupub', 'catkin_cmake_args': None, 'catkin_skip_building_tests': False, 'cmake_args': None, 'cmake_clean_cache': False, 'cmake_clean_first': False, 'cmake_force_configure': False, 'cmake_target': None, 'cmake_target_skip_unavailable': False, 'install_base': '/home/umarv/ws/src/nav_stack/occupub/install/occupub', 'merge_install': False, 'path': '/home/umarv/ws/src/nav_stack/occupub', 'symlink_install': False, 'test_result_base': None}
[2.281s] INFO:colcon.colcon_core.executor:Executing jobs using 'parallel' executor
[2.297s] DEBUG:colcon.colcon_parallel_executor.executor.parallel:run_until_complete
[2.297s] INFO:colcon.colcon_ros.task.ament_cmake.build:Building ROS package in '/home/umarv/ws/src/nav_stack/occupub' with build type 'ament_cmake'
[2.298s] INFO:colcon.colcon_cmake.task.cmake.build:Building CMake package in '/home/umarv/ws/src/nav_stack/occupub'
[2.322s] INFO:colcon.colcon_core.plugin_system:Skipping extension 'colcon_core.shell.bat': Not used on non-Windows systems
[2.323s] INFO:colcon.colcon_core.shell:Skip shell extension 'powershell' for command environment: Not usable outside of PowerShell
[2.323s] DEBUG:colcon.colcon_core.shell:Skip shell extension 'dsv' for command environment
[2.393s] DEBUG:colcon.colcon_core.event_handler.log_command:Invoking command in '/home/umarv/ws/src/nav_stack/occupub/build/occupub': CMAKE_PREFIX_PATH=${CMAKE_PREFIX_PATH}:/opt/ros/humble /usr/bin/cmake --build /home/umarv/ws/src/nav_stack/occupub/build/occupub -- -j8 -l8
[12.518s] DEBUG:colcon.colcon_core.event_handler.log_command:Invoked command in '/home/umarv/ws/src/nav_stack/occupub/build/occupub' returned '2': CMAKE_PREFIX_PATH=${CMAKE_PREFIX_PATH}:/opt/ros/humble /usr/bin/cmake --build /home/umarv/ws/src/nav_stack/occupub/build/occupub -- -j8 -l8
[12.564s] Level 1:colcon.colcon_core.environment:create_environment_scripts_only(occupub)
[12.585s] Level 1:colcon.colcon_core.environment:checking '/home/umarv/ws/src/nav_stack/occupub/install/occupub' for CMake module files
[12.585s] Level 1:colcon.colcon_core.environment:checking '/home/umarv/ws/src/nav_stack/occupub/install/occupub' for CMake config files
[12.586s] Level 1:colcon.colcon_core.shell:create_environment_hook('occupub', 'cmake_prefix_path')
[12.602s] INFO:colcon.colcon_core.shell:Creating environment hook '/home/umarv/ws/src/nav_stack/occupub/install/occupub/share/occupub/hook/cmake_prefix_path.ps1'
[12.604s] INFO:colcon.colcon_core.shell:Creating environment descriptor '/home/umarv/ws/src/nav_stack/occupub/install/occupub/share/occupub/hook/cmake_prefix_path.dsv'
[12.605s] INFO:colcon.colcon_core.shell:Creating environment hook '/home/umarv/ws/src/nav_stack/occupub/install/occupub/share/occupub/hook/cmake_prefix_path.sh'
[12.607s] Level 1:colcon.colcon_core.environment:checking '/home/umarv/ws/src/nav_stack/occupub/install/occupub/lib'
[12.608s] Level 1:colcon.colcon_core.environment:checking '/home/umarv/ws/src/nav_stack/occupub/install/occupub/bin'
[12.608s] Level 1:colcon.colcon_core.environment:checking '/home/umarv/ws/src/nav_stack/occupub/install/occupub/lib/pkgconfig/occupub.pc'
[12.611s] Level 1:colcon.colcon_core.environment:checking '/home/umarv/ws/src/nav_stack/occupub/install/occupub/lib/python3.10/site-packages'
[12.612s] Level 1:colcon.colcon_core.environment:checking '/home/umarv/ws/src/nav_stack/occupub/install/occupub/bin'
[12.625s] INFO:colcon.colcon_core.shell:Creating package script '/home/umarv/ws/src/nav_stack/occupub/install/occupub/share/occupub/package.ps1'
[12.627s] INFO:colcon.colcon_core.shell:Creating package descriptor '/home/umarv/ws/src/nav_stack/occupub/install/occupub/share/occupub/package.dsv'
[12.628s] INFO:colcon.colcon_core.shell:Creating package script '/home/umarv/ws/src/nav_stack/occupub/install/occupub/share/occupub/package.sh'
[12.629s] INFO:colcon.colcon_core.shell:Creating package script '/home/umarv/ws/src/nav_stack/occupub/install/occupub/share/occupub/package.bash'
[12.630s] INFO:colcon.colcon_core.shell:Creating package script '/home/umarv/ws/src/nav_stack/occupub/install/occupub/share/occupub/package.zsh'
[12.631s] Level 1:colcon.colcon_core.environment:create_file_with_runtime_dependencies(/home/umarv/ws/src/nav_stack/occupub/install/occupub/share/colcon-core/packages/occupub)
[12.642s] DEBUG:colcon.colcon_parallel_executor.executor.parallel:closing loop
[12.643s] DEBUG:colcon.colcon_parallel_executor.executor.parallel:loop closed
[12.643s] DEBUG:colcon.colcon_parallel_executor.executor.parallel:run_until_complete finished with '2'
[12.643s] DEBUG:colcon.colcon_core.event_reactor:joining thread
[12.675s] INFO:colcon.colcon_core.plugin_system:Skipping extension 'colcon_notification.desktop_notification.notify_send': Could not find 'notify-send'
[12.675s] INFO:colcon.colcon_core.plugin_system:Skipping extension 'colcon_notification.desktop_notification.terminal_notifier': Not used on non-Darwin systems
[12.675s] INFO:colcon.colcon_core.plugin_system:Skipping extension 'colcon_notification.desktop_notification.win32': Not used on non-Windows systems
[12.676s] INFO:colcon.colcon_notification.desktop_notification:Sending desktop notification using 'notify2'
[12.681s] DEBUG:colcon.colcon_notification.desktop_notification.notify2:Failed to initialize notify2: org.freedesktop.DBus.Error.Spawn.ExecFailed: /usr/bin/dbus-launch terminated abnormally without any error message
[12.682s] DEBUG:colcon.colcon_core.event_reactor:joined thread
[12.710s] INFO:colcon.colcon_core.shell:Creating prefix script '/home/umarv/ws/src/nav_stack/occupub/install/local_setup.ps1'
[12.712s] INFO:colcon.colcon_core.shell:Creating prefix util module '/home/umarv/ws/src/nav_stack/occupub/install/_local_setup_util_ps1.py'
[12.714s] INFO:colcon.colcon_core.shell:Creating prefix chain script '/home/umarv/ws/src/nav_stack/occupub/install/setup.ps1'
[12.737s] INFO:colcon.colcon_core.shell:Creating prefix script '/home/umarv/ws/src/nav_stack/occupub/install/local_setup.sh'
[12.739s] INFO:colcon.colcon_core.shell:Creating prefix util module '/home/umarv/ws/src/nav_stack/occupub/install/_local_setup_util_sh.py'
[12.741s] INFO:colcon.colcon_core.shell:Creating prefix chain script '/home/umarv/ws/src/nav_stack/occupub/install/setup.sh'
[12.756s] INFO:colcon.colcon_core.shell:Creating prefix script '/home/umarv/ws/src/nav_stack/occupub/install/local_setup.bash'
[12.757s] INFO:colcon.colcon_core.shell:Creating prefix chain script '/home/umarv/ws/src/nav_stack/occupub/install/setup.bash'
[12.770s] INFO:colcon.colcon_core.shell:Creating prefix script '/home/umarv/ws/src/nav_stack/occupub/install/local_setup.zsh'
[12.771s] INFO:colcon.colcon_core.shell:Creating prefix chain script '/home/umarv/ws/src/nav_stack/occupub/install/setup.zsh'
