[0.441s] Invoking command in '/home/umarv/ws/build/nav2_straightline_planner': CMAKE_PREFIX_PATH=${CMAKE_PREFIX_PATH}:/home/umarv/ws/install/nav2_gps_waypoint_follower_demo:/opt/ros/humble /usr/bin/cmake --build /home/umarv/ws/build/nav2_straightline_planner -- -j8 -l8
[0.469s] -- Found ament_cmake: 1.3.5 (/opt/ros/humble/share/ament_cmake/cmake)
[0.660s] -- Found rclcpp: 16.0.6 (/opt/ros/humble/share/rclcpp/cmake)
[0.745s] -- Found rosidl_generator_c: 3.1.5 (/opt/ros/humble/share/rosidl_generator_c/cmake)
[0.751s] -- Found rosidl_adapter: 3.1.5 (/opt/ros/humble/share/rosidl_adapter/cmake)
[0.767s] -- Found rosidl_generator_cpp: 3.1.5 (/opt/ros/humble/share/rosidl_generator_cpp/cmake)
[0.806s] -- Using all available rosidl_typesupport_c: rosidl_typesupport_fastrtps_c;rosidl_typesupport_introspection_c
[0.841s] -- Using all available rosidl_typesupport_cpp: rosidl_typesupport_fastrtps_cpp;rosidl_typesupport_introspection_cpp
[0.938s] -- Found rmw_implementation_cmake: 6.1.1 (/opt/ros/humble/share/rmw_implementation_cmake/cmake)
[0.945s] -- Found rmw_fastrtps_cpp: 6.2.4 (/opt/ros/humble/share/rmw_fastrtps_cpp/cmake)
[1.191s] -- Using RMW implementation 'rmw_fastrtps_cpp' as default
[1.391s] -- Found rclcpp_action: 16.0.6 (/opt/ros/humble/share/rclcpp_action/cmake)
[1.486s] -- Found rclcpp_lifecycle: 16.0.6 (/opt/ros/humble/share/rclcpp_lifecycle/cmake)
[1.537s] -- Found visualization_msgs: 4.2.3 (/opt/ros/humble/share/visualization_msgs/cmake)
[1.770s] -- Found nav2_util: 1.1.12 (/opt/ros/humble/share/nav2_util/cmake)
[2.335s] -- Found eigen3_cmake_module: 0.1.1 (/opt/ros/humble/share/eigen3_cmake_module/cmake)
[2.337s] -- Ensuring Eigen3 include directory is part of orocos-kdl CMake target
[2.493s] -- Found nav2_costmap_2d: 1.1.12 (/opt/ros/humble/share/nav2_costmap_2d/cmake)
[3.285s] -- Found nav2_core: 1.1.12 (/opt/ros/humble/share/nav2_core/cmake)
[8.096s] [31mCMake Error at /opt/ros/humble/share/ament_cmake_target_dependencies/cmake/ament_target_dependencies.cmake:77 (message):
[8.096s]   ament_target_dependencies() the passed package name 'rpastar_lib' was not
[8.096s]   found before
[8.097s] Call Stack (most recent call first):
[8.097s]   CMakeLists.txt:62 (ament_target_dependencies)
[8.097s] 
[8.097s] [0m
[8.097s] -- Configuring incomplete, errors occurred!
[8.097s] See also "/home/umarv/ws/build/nav2_straightline_planner/CMakeFiles/CMakeOutput.log".
[8.107s] gmake: *** [Makefile:267: cmake_check_build_system] Error 1
