[0.459s] Invoking command in '/home/umarv/ws/src/nav_stack/occupub/build/occupub': CMAKE_PREFIX_PATH=/opt/ros/humble /usr/bin/cmake /home/umarv/ws/src/nav_stack/occupub -DCMAKE_INSTALL_PREFIX=/home/umarv/ws/src/nav_stack/occupub/install/occupub
[3.171s] -- The C compiler identification is GNU 11.4.0
[3.355s] -- The CXX compiler identification is GNU 11.4.0
[3.382s] -- Detecting C compiler ABI info
[3.534s] -- Detecting C compiler ABI info - done
[3.548s] -- Check for working C compiler: /usr/bin/cc - skipped
[3.549s] -- Detecting C compile features
[3.550s] -- Detecting C compile features - done
[3.557s] -- Detecting CXX compiler ABI info
[3.718s] -- Detecting CXX compiler ABI info - done
[3.729s] -- Check for working CXX compiler: /usr/bin/c++ - skipped
[3.730s] -- Detecting CXX compile features
[3.731s] -- Detecting CXX compile features - done
[3.785s] -- Found ament_cmake: 1.3.5 (/opt/ros/humble/share/ament_cmake/cmake)
[4.148s] -- Found Python3: /usr/bin/python3.10 (found version "3.10.12") found components: Interpreter 
[4.409s] -- Found ament_lint_auto: 0.12.8 (/opt/ros/humble/share/ament_lint_auto/cmake)
[4.652s] -- Added test 'cppcheck' to perform static code analysis on C / C++ code
[4.652s] -- Configured cppcheck include dirs: 
[4.652s] -- Configured cppcheck exclude dirs and/or files: 
[4.658s] -- Added test 'lint_cmake' to check CMake code style
[4.667s] -- Added test 'uncrustify' to check C / C++ code style
[4.667s] -- Configured uncrustify additional arguments: 
[4.671s] -- Added test 'xmllint' to check XML markup files
[4.677s] [31mCMake Error at /opt/ros/humble/share/ament_cmake_target_dependencies/cmake/ament_target_dependencies.cmake:42 (message):
[4.678s]   ament_target_dependencies() the first argument must be a valid target name
[4.678s] Call Stack (most recent call first):
[4.678s]   CMakeLists.txt:29 (ament_target_dependencies)
[4.679s] 
[4.679s] [0m
[4.679s] -- Configuring incomplete, errors occurred!
[4.679s] See also "/home/umarv/ws/src/nav_stack/occupub/build/occupub/CMakeFiles/CMakeOutput.log".
[4.690s] Invoked command in '/home/umarv/ws/src/nav_stack/occupub/build/occupub' returned '1': CMAKE_PREFIX_PATH=/opt/ros/humble /usr/bin/cmake /home/umarv/ws/src/nav_stack/occupub -DCMAKE_INSTALL_PREFIX=/home/umarv/ws/src/nav_stack/occupub/install/occupub
