[0.220s] Invoking command in '/home/umarv/ws/src/nav_stack/cv_grid/build/cv_grid': CMAKE_PREFIX_PATH=${CMAKE_PREFIX_PATH}:/opt/ros/humble /usr/bin/cmake /home/umarv/ws/src/nav_stack/cv_grid -DCMAKE_INSTALL_PREFIX=/home/umarv/ws/src/nav_stack/cv_grid/install/cv_grid
[0.278s] -- Found ament_cmake: 1.3.5 (/opt/ros/humble/share/ament_cmake/cmake)
[0.661s] -- Found rclcpp: 16.0.6 (/opt/ros/humble/share/rclcpp/cmake)
[0.740s] -- Found rosidl_generator_c: 3.1.5 (/opt/ros/humble/share/rosidl_generator_c/cmake)
[0.751s] -- Found rosidl_adapter: 3.1.5 (/opt/ros/humble/share/rosidl_adapter/cmake)
[0.767s] -- Found rosidl_generator_cpp: 3.1.5 (/opt/ros/humble/share/rosidl_generator_cpp/cmake)
[0.796s] -- Using all available rosidl_typesupport_c: rosidl_typesupport_fastrtps_c;rosidl_typesupport_introspection_c
[0.842s] -- Using all available rosidl_typesupport_cpp: rosidl_typesupport_fastrtps_cpp;rosidl_typesupport_introspection_cpp
[0.968s] -- Found rmw_implementation_cmake: 6.1.1 (/opt/ros/humble/share/rmw_implementation_cmake/cmake)
[0.976s] -- Found rmw_fastrtps_cpp: 6.2.4 (/opt/ros/humble/share/rmw_fastrtps_cpp/cmake)
[1.166s] -- Found OpenSSL: /usr/lib/x86_64-linux-gnu/libcrypto.so (found version "3.0.2")  
[1.207s] -- Found FastRTPS: /opt/ros/humble/include  
[1.284s] -- Using RMW implementation 'rmw_fastrtps_cpp' as default
[1.312s] -- Looking for pthread.h
[1.420s] -- Looking for pthread.h - found
[1.422s] -- Performing Test CMAKE_HAVE_LIBC_PTHREAD
[1.520s] -- Performing Test CMAKE_HAVE_LIBC_PTHREAD - Success
[1.521s] -- Found Threads: TRUE  
[1.735s] -- Found nav_msgs: 4.2.3 (/opt/ros/humble/share/nav_msgs/cmake)
[1.894s] -- Found ament_lint_auto: 0.12.8 (/opt/ros/humble/share/ament_lint_auto/cmake)
[2.013s] -- Added test 'cppcheck' to perform static code analysis on C / C++ code
[2.014s] -- Configured cppcheck include dirs: 
[2.014s] -- Configured cppcheck exclude dirs and/or files: 
[2.015s] -- Added test 'flake8' to check Python code syntax and style conventions
[2.018s] -- Added test 'lint_cmake' to check CMake code style
[2.020s] -- Added test 'pep257' to check Python code against some of the docstring style conventions in PEP 257
[2.030s] -- Added test 'uncrustify' to check C / C++ code style
[2.030s] -- Configured uncrustify additional arguments: 
[2.032s] -- Added test 'xmllint' to check XML markup files
[2.037s] [31mCMake Error at /opt/ros/humble/share/ament_cmake_target_dependencies/cmake/ament_target_dependencies.cmake:77 (message):
[2.037s]   ament_target_dependencies() the passed package name 'tf2' was not found
[2.037s]   before
[2.037s] Call Stack (most recent call first):
[2.037s]   CMakeLists.txt:32 (ament_target_dependencies)
[2.038s] 
[2.038s] [0m
[2.038s] -- Configuring incomplete, errors occurred!
[2.038s] See also "/home/umarv/ws/src/nav_stack/cv_grid/build/cv_grid/CMakeFiles/CMakeOutput.log".
[2.054s] Invoked command in '/home/umarv/ws/src/nav_stack/cv_grid/build/cv_grid' returned '1': CMAKE_PREFIX_PATH=${CMAKE_PREFIX_PATH}:/opt/ros/humble /usr/bin/cmake /home/umarv/ws/src/nav_stack/cv_grid -DCMAKE_INSTALL_PREFIX=/home/umarv/ws/src/nav_stack/cv_grid/install/cv_grid
