[0.482s] Invoking command in '/home/umarv/ws/src/navigation2_tutorials/nav2_gps_waypoint_follower_demo': PYTHONPATH=/home/umarv/ws/build/nav2_gps_waypoint_follower_demo/prefix_override:/home/umarv/ws/install/nav2_gps_waypoint_follower_demo/lib/python3.10/site-packages: /usr/bin/python3 setup.py egg_info --egg-base ../../../build/nav2_gps_waypoint_follower_demo build --build-base /home/umarv/ws/build/nav2_gps_waypoint_follower_demo/build install --record /home/umarv/ws/build/nav2_gps_waypoint_follower_demo/install.log --single-version-externally-managed
[0.625s] running egg_info
[0.626s] writing ../../../build/nav2_gps_waypoint_follower_demo/nav2_gps_waypoint_follower_demo.egg-info/PKG-INFO
[0.627s] writing dependency_links to ../../../build/nav2_gps_waypoint_follower_demo/nav2_gps_waypoint_follower_demo.egg-info/dependency_links.txt
[0.627s] writing entry points to ../../../build/nav2_gps_waypoint_follower_demo/nav2_gps_waypoint_follower_demo.egg-info/entry_points.txt
[0.627s] writing requirements to ../../../build/nav2_gps_waypoint_follower_demo/nav2_gps_waypoint_follower_demo.egg-info/requires.txt
[0.627s] writing top-level names to ../../../build/nav2_gps_waypoint_follower_demo/nav2_gps_waypoint_follower_demo.egg-info/top_level.txt
[0.631s] reading manifest file '../../../build/nav2_gps_waypoint_follower_demo/nav2_gps_waypoint_follower_demo.egg-info/SOURCES.txt'
[0.632s] writing manifest file '../../../build/nav2_gps_waypoint_follower_demo/nav2_gps_waypoint_follower_demo.egg-info/SOURCES.txt'
[0.632s] running build
[0.632s] running build_py
[0.633s] running install
[0.633s] /usr/lib/python3/dist-packages/setuptools/command/install.py:34: SetuptoolsDeprecationWarning: setup.py install is deprecated. Use build and pip and other standards-based tools.
[0.633s]   warnings.warn(
[0.634s] running install_lib
[0.636s] running install_data
[0.638s] running install_egg_info
[0.641s] removing '/home/umarv/ws/install/nav2_gps_waypoint_follower_demo/lib/python3.10/site-packages/nav2_gps_waypoint_follower_demo-0.0.1-py3.10.egg-info' (and everything under it)
[0.643s] Copying ../../../build/nav2_gps_waypoint_follower_demo/nav2_gps_waypoint_follower_demo.egg-info to /home/umarv/ws/install/nav2_gps_waypoint_follower_demo/lib/python3.10/site-packages/nav2_gps_waypoint_follower_demo-0.0.1-py3.10.egg-info
[0.645s] running install_scripts
[0.675s] Installing gps_waypoint_logger script to /home/umarv/ws/install/nav2_gps_waypoint_follower_demo/lib/nav2_gps_waypoint_follower_demo
[0.675s] Installing interactive_waypoint_follower script to /home/umarv/ws/install/nav2_gps_waypoint_follower_demo/lib/nav2_gps_waypoint_follower_demo
[0.676s] Installing logged_waypoint_follower script to /home/umarv/ws/install/nav2_gps_waypoint_follower_demo/lib/nav2_gps_waypoint_follower_demo
[0.677s] writing list of installed files to '/home/umarv/ws/build/nav2_gps_waypoint_follower_demo/install.log'
[0.708s] Invoked command in '/home/umarv/ws/src/navigation2_tutorials/nav2_gps_waypoint_follower_demo' returned '0': PYTHONPATH=/home/umarv/ws/build/nav2_gps_waypoint_follower_demo/prefix_override:/home/umarv/ws/install/nav2_gps_waypoint_follower_demo/lib/python3.10/site-packages: /usr/bin/python3 setup.py egg_info --egg-base ../../../build/nav2_gps_waypoint_follower_demo build --build-base /home/umarv/ws/build/nav2_gps_waypoint_follower_demo/build install --record /home/umarv/ws/build/nav2_gps_waypoint_follower_demo/install.log --single-version-externally-managed
