[0.216s] Invoking command in '/home/umarv/ws/build/nav2_straightline_planner': /usr/bin/cmake --build /home/umarv/ws/build/nav2_straightline_planner -- -j8 -l8
[0.256s] [ 33%] [32mBuilding CXX object CMakeFiles/nav2_straightline_planner_plugin.dir/src/straight_line_planner.cpp.o[0m
[3.221s] In file included from [01m[K/home/umarv/ws/src/navigation2_tutorials/nav2_straightline_planner/src/straight_line_planner.cpp:49[m[K:
[3.221s] [01m[K/home/umarv/ws/src/navigation2_tutorials/nav2_straightline_planner/include/nav2_straightline_planner/rpastar.h:[m[K In member function ‘[01m[Kconst bool& nav2_straightline_planner::rpastar::Node::operator==(const nav2_straightline_planner::rpastar::Node&)[m[K’:
[3.221s] [01m[K/home/umarv/ws/src/navigation2_tutorials/nav2_straightline_planner/include/nav2_straightline_planner/rpastar.h:44:36:[m[K [01;35m[Kwarning: [m[Kreturning reference to temporary [[01;35m[K-Wreturn-local-addr[m[K]
[3.221s]    44 |                 return [01;35m[Kthis->state == rhs.state[m[K;
[3.221s]       |                        [01;35m[K~~~~~~~~~~~~^~~~~~~~~~~~[m[K
[4.799s] [ 66%] [32m[1mLinking CXX shared library libnav2_straightline_planner_plugin.so[0m
[5.030s] [100%] Built target nav2_straightline_planner_plugin
[5.042s] Invoked command in '/home/umarv/ws/build/nav2_straightline_planner' returned '0': /usr/bin/cmake --build /home/umarv/ws/build/nav2_straightline_planner -- -j8 -l8
[5.065s] Invoking command in '/home/umarv/ws/build/nav2_straightline_planner': /usr/bin/cmake --install /home/umarv/ws/build/nav2_straightline_planner
[5.070s] -- Install configuration: ""
[5.070s] -- Up-to-date: /home/umarv/ws/install/nav2_straightline_planner/share/nav2_straightline_planner/global_planner_plugin.xml
[5.070s] -- Installing: /home/umarv/ws/install/nav2_straightline_planner/lib/libnav2_straightline_planner_plugin.so
[5.071s] -- Set runtime path of "/home/umarv/ws/install/nav2_straightline_planner/lib/libnav2_straightline_planner_plugin.so" to ""
[5.071s] -- Up-to-date: /home/umarv/ws/install/nav2_straightline_planner/include/
[5.071s] -- Up-to-date: /home/umarv/ws/install/nav2_straightline_planner/include//nav2_straightline_planner
[5.072s] -- Up-to-date: /home/umarv/ws/install/nav2_straightline_planner/include//nav2_straightline_planner/rpastar.h
[5.072s] -- Up-to-date: /home/umarv/ws/install/nav2_straightline_planner/include//nav2_straightline_planner/straight_line_planner.hpp
[5.072s] -- Up-to-date: /home/umarv/ws/install/nav2_straightline_planner/share/nav2_straightline_planner/global_planner_plugin.xml
[5.072s] -- Up-to-date: /home/umarv/ws/install/nav2_straightline_planner/share/nav2_straightline_planner/environment/library_path.sh
[5.072s] -- Up-to-date: /home/umarv/ws/install/nav2_straightline_planner/share/nav2_straightline_planner/environment/library_path.dsv
[5.073s] -- Up-to-date: /home/umarv/ws/install/nav2_straightline_planner/share/ament_index/resource_index/package_run_dependencies/nav2_straightline_planner
[5.073s] -- Up-to-date: /home/umarv/ws/install/nav2_straightline_planner/share/ament_index/resource_index/parent_prefix_path/nav2_straightline_planner
[5.073s] -- Up-to-date: /home/umarv/ws/install/nav2_straightline_planner/share/nav2_straightline_planner/environment/ament_prefix_path.sh
[5.073s] -- Up-to-date: /home/umarv/ws/install/nav2_straightline_planner/share/nav2_straightline_planner/environment/ament_prefix_path.dsv
[5.073s] -- Up-to-date: /home/umarv/ws/install/nav2_straightline_planner/share/nav2_straightline_planner/environment/path.sh
[5.073s] -- Up-to-date: /home/umarv/ws/install/nav2_straightline_planner/share/nav2_straightline_planner/environment/path.dsv
[5.073s] -- Up-to-date: /home/umarv/ws/install/nav2_straightline_planner/share/nav2_straightline_planner/local_setup.bash
[5.073s] -- Up-to-date: /home/umarv/ws/install/nav2_straightline_planner/share/nav2_straightline_planner/local_setup.sh
[5.073s] -- Up-to-date: /home/umarv/ws/install/nav2_straightline_planner/share/nav2_straightline_planner/local_setup.zsh
[5.074s] -- Up-to-date: /home/umarv/ws/install/nav2_straightline_planner/share/nav2_straightline_planner/local_setup.dsv
[5.074s] -- Installing: /home/umarv/ws/install/nav2_straightline_planner/share/nav2_straightline_planner/package.dsv
[5.074s] -- Up-to-date: /home/umarv/ws/install/nav2_straightline_planner/share/ament_index/resource_index/packages/nav2_straightline_planner
[5.074s] -- Up-to-date: /home/umarv/ws/install/nav2_straightline_planner/share/ament_index/resource_index/nav2_core__pluginlib__plugin/nav2_straightline_planner
[5.074s] -- Up-to-date: /home/umarv/ws/install/nav2_straightline_planner/share/nav2_straightline_planner/cmake/ament_cmake_export_include_directories-extras.cmake
[5.074s] -- Up-to-date: /home/umarv/ws/install/nav2_straightline_planner/share/nav2_straightline_planner/cmake/ament_cmake_export_libraries-extras.cmake
[5.074s] -- Up-to-date: /home/umarv/ws/install/nav2_straightline_planner/share/nav2_straightline_planner/cmake/ament_cmake_export_dependencies-extras.cmake
[5.074s] -- Up-to-date: /home/umarv/ws/install/nav2_straightline_planner/share/nav2_straightline_planner/cmake/nav2_straightline_plannerConfig.cmake
[5.075s] -- Up-to-date: /home/umarv/ws/install/nav2_straightline_planner/share/nav2_straightline_planner/cmake/nav2_straightline_plannerConfig-version.cmake
[5.076s] -- Up-to-date: /home/umarv/ws/install/nav2_straightline_planner/share/nav2_straightline_planner/package.xml
[5.077s] Invoked command in '/home/umarv/ws/build/nav2_straightline_planner' returned '0': /usr/bin/cmake --install /home/umarv/ws/build/nav2_straightline_planner
