[0.169s] Invoking command in '/home/umarv/ws/build/nav2_straightline_planner': /usr/bin/cmake --build /home/umarv/ws/build/nav2_straightline_planner -- -j8 -l8
[0.210s] [100%] Built target nav2_straightline_planner_plugin
[0.225s] Invoked command in '/home/umarv/ws/build/nav2_straightline_planner' returned '0': /usr/bin/cmake --build /home/umarv/ws/build/nav2_straightline_planner -- -j8 -l8
[0.262s] Invoking command in '/home/umarv/ws/build/nav2_straightline_planner': /usr/bin/cmake --install /home/umarv/ws/build/nav2_straightline_planner
[0.278s] -- Install configuration: ""
[0.280s] -- Up-to-date: /home/umarv/ws/install/nav2_straightline_planner/share/nav2_straightline_planner/global_planner_plugin.xml
[0.280s] -- Up-to-date: /home/umarv/ws/install/nav2_straightline_planner/lib/libnav2_straightline_planner_plugin.so
[0.281s] -- Up-to-date: /home/umarv/ws/install/nav2_straightline_planner/include/
[0.281s] -- Up-to-date: /home/umarv/ws/install/nav2_straightline_planner/include//nav2_straightline_planner
[0.283s] -- Up-to-date: /home/umarv/ws/install/nav2_straightline_planner/include//nav2_straightline_planner/rpastar.h
[0.285s] -- Up-to-date: /home/umarv/ws/install/nav2_straightline_planner/include//nav2_straightline_planner/straight_line_planner.hpp
[0.286s] -- Up-to-date: /home/umarv/ws/install/nav2_straightline_planner/share/nav2_straightline_planner/global_planner_plugin.xml
[0.286s] -- Up-to-date: /home/umarv/ws/install/nav2_straightline_planner/share/nav2_straightline_planner/environment/library_path.sh
[0.289s] -- Up-to-date: /home/umarv/ws/install/nav2_straightline_planner/share/nav2_straightline_planner/environment/library_path.dsv
[0.289s] -- Up-to-date: /home/umarv/ws/install/nav2_straightline_planner/share/ament_index/resource_index/package_run_dependencies/nav2_straightline_planner
[0.290s] -- Up-to-date: /home/umarv/ws/install/nav2_straightline_planner/share/ament_index/resource_index/parent_prefix_path/nav2_straightline_planner
[0.290s] -- Up-to-date: /home/umarv/ws/install/nav2_straightline_planner/share/nav2_straightline_planner/environment/ament_prefix_path.sh
[0.290s] -- Up-to-date: /home/umarv/ws/install/nav2_straightline_planner/share/nav2_straightline_planner/environment/ament_prefix_path.dsv
[0.291s] -- Up-to-date: /home/umarv/ws/install/nav2_straightline_planner/share/nav2_straightline_planner/environment/path.sh
[0.291s] -- Up-to-date: /home/umarv/ws/install/nav2_straightline_planner/share/nav2_straightline_planner/environment/path.dsv
[0.291s] -- Up-to-date: /home/umarv/ws/install/nav2_straightline_planner/share/nav2_straightline_planner/local_setup.bash
[0.292s] -- Up-to-date: /home/umarv/ws/install/nav2_straightline_planner/share/nav2_straightline_planner/local_setup.sh
[0.292s] -- Up-to-date: /home/umarv/ws/install/nav2_straightline_planner/share/nav2_straightline_planner/local_setup.zsh
[0.293s] -- Up-to-date: /home/umarv/ws/install/nav2_straightline_planner/share/nav2_straightline_planner/local_setup.dsv
[0.294s] -- Installing: /home/umarv/ws/install/nav2_straightline_planner/share/nav2_straightline_planner/package.dsv
[0.295s] -- Up-to-date: /home/umarv/ws/install/nav2_straightline_planner/share/ament_index/resource_index/packages/nav2_straightline_planner
[0.296s] -- Up-to-date: /home/umarv/ws/install/nav2_straightline_planner/share/ament_index/resource_index/nav2_core__pluginlib__plugin/nav2_straightline_planner
[0.297s] -- Up-to-date: /home/umarv/ws/install/nav2_straightline_planner/share/nav2_straightline_planner/cmake/ament_cmake_export_include_directories-extras.cmake
[0.298s] -- Up-to-date: /home/umarv/ws/install/nav2_straightline_planner/share/nav2_straightline_planner/cmake/ament_cmake_export_libraries-extras.cmake
[0.300s] -- Up-to-date: /home/umarv/ws/install/nav2_straightline_planner/share/nav2_straightline_planner/cmake/ament_cmake_export_dependencies-extras.cmake
[0.301s] -- Up-to-date: /home/umarv/ws/install/nav2_straightline_planner/share/nav2_straightline_planner/cmake/nav2_straightline_plannerConfig.cmake
[0.302s] -- Up-to-date: /home/umarv/ws/install/nav2_straightline_planner/share/nav2_straightline_planner/cmake/nav2_straightline_plannerConfig-version.cmake
[0.304s] -- Up-to-date: /home/umarv/ws/install/nav2_straightline_planner/share/nav2_straightline_planner/package.xml
[0.313s] Invoked command in '/home/umarv/ws/build/nav2_straightline_planner' returned '0': /usr/bin/cmake --install /home/umarv/ws/build/nav2_straightline_planner
