[0.376s] DEBUG:colcon:Command line arguments: ['/usr/bin/colcon', 'build']
[0.376s] DEBUG:colcon:Parsed command line arguments: Namespace(log_base=None, log_level=None, verb_name='build', build_base='build', install_base='install', merge_install=False, symlink_install=False, test_result_base=None, continue_on_error=False, executor='parallel', parallel_workers=8, event_handlers=None, ignore_user_meta=False, metas=['./colcon.meta'], base_paths=['.'], packages_ignore=None, packages_ignore_regex=None, paths=None, packages_up_to=None, packages_up_to_regex=None, packages_above=None, packages_above_and_dependencies=None, packages_above_depth=None, packages_select_by_dep=None, packages_skip_by_dep=None, packages_skip_up_to=None, packages_select_build_failed=False, packages_skip_build_finished=False, packages_select_test_failures=False, packages_skip_test_passed=False, packages_select=None, packages_skip=None, packages_select_regex=None, packages_skip_regex=None, packages_start=None, packages_end=None, cmake_args=None, cmake_target=None, cmake_target_skip_unavailable=False, cmake_clean_cache=False, cmake_clean_first=False, cmake_force_configure=False, ament_cmake_args=None, catkin_cmake_args=None, catkin_skip_building_tests=False, mixin_files=None, mixin=None, verb_parser=<colcon_mixin.mixin.mixin_argument.MixinArgumentDecorator object at 0x7f6209118c10>, verb_extension=<colcon_core.verb.build.BuildVerb object at 0x7f62095f3850>, main=<bound method BuildVerb.main of <colcon_core.verb.build.BuildVerb object at 0x7f62095f3850>>, mixin_verb=('build',))
[0.394s] Level 1:colcon.colcon_core.package_discovery:discover_packages(colcon_meta) check parameters
[0.395s] INFO:colcon.colcon_metadata.package_discovery.colcon_meta:Using configuration from '/root/.colcon/metadata/default/Gazebo.meta'
[0.395s] INFO:colcon.colcon_metadata.package_discovery.colcon_meta:Using configuration from '/root/.colcon/metadata/default/fastrtps.meta'
[0.396s] Level 1:colcon.colcon_core.package_discovery:discover_packages(recursive) check parameters
[0.396s] Level 1:colcon.colcon_core.package_discovery:discover_packages(ignore) check parameters
[0.396s] Level 1:colcon.colcon_core.package_discovery:discover_packages(path) check parameters
[0.396s] Level 1:colcon.colcon_core.package_discovery:discover_packages(colcon_meta) discover
[0.396s] Level 1:colcon.colcon_core.package_discovery:discover_packages(recursive) discover
[0.396s] INFO:colcon.colcon_core.package_discovery:Crawling recursively for packages in '/home/umarv/ws'
[0.396s] Level 1:colcon.colcon_core.package_identification:_identify(.) by extensions ['ignore', 'ignore_ament_install']
[0.396s] Level 1:colcon.colcon_core.package_identification:_identify(.) by extension 'ignore'
[0.396s] Level 1:colcon.colcon_core.package_identification:_identify(.) by extension 'ignore_ament_install'
[0.396s] Level 1:colcon.colcon_core.package_identification:_identify(.) by extensions ['colcon_pkg']
[0.396s] Level 1:colcon.colcon_core.package_identification:_identify(.) by extension 'colcon_pkg'
[0.396s] Level 1:colcon.colcon_core.package_identification:_identify(.) by extensions ['colcon_meta']
[0.396s] Level 1:colcon.colcon_core.package_identification:_identify(.) by extension 'colcon_meta'
[0.396s] Level 1:colcon.colcon_core.package_identification:_identify(.) by extensions ['ros']
[0.396s] Level 1:colcon.colcon_core.package_identification:_identify(.) by extension 'ros'
[0.411s] Level 1:colcon.colcon_core.package_identification:_identify(.) by extensions ['cmake', 'python']
[0.411s] Level 1:colcon.colcon_core.package_identification:_identify(.) by extension 'cmake'
[0.411s] Level 1:colcon.colcon_core.package_identification:_identify(.) by extension 'python'
[0.411s] Level 1:colcon.colcon_core.package_identification:_identify(.) by extensions ['python_setup_py']
[0.411s] Level 1:colcon.colcon_core.package_identification:_identify(.) by extension 'python_setup_py'
[0.411s] Level 1:colcon.colcon_core.package_identification:_identify(build) by extensions ['ignore', 'ignore_ament_install']
[0.411s] Level 1:colcon.colcon_core.package_identification:_identify(build) by extension 'ignore'
[0.411s] Level 1:colcon.colcon_core.package_identification:_identify(build) ignored
[0.411s] Level 1:colcon.colcon_core.package_identification:_identify(install) by extensions ['ignore', 'ignore_ament_install']
[0.411s] Level 1:colcon.colcon_core.package_identification:_identify(install) by extension 'ignore'
[0.411s] Level 1:colcon.colcon_core.package_identification:_identify(install) ignored
[0.412s] Level 1:colcon.colcon_core.package_identification:_identify(log) by extensions ['ignore', 'ignore_ament_install']
[0.412s] Level 1:colcon.colcon_core.package_identification:_identify(log) by extension 'ignore'
[0.412s] Level 1:colcon.colcon_core.package_identification:_identify(log) ignored
[0.412s] Level 1:colcon.colcon_core.package_identification:_identify(src) by extensions ['ignore', 'ignore_ament_install']
[0.412s] Level 1:colcon.colcon_core.package_identification:_identify(src) by extension 'ignore'
[0.412s] Level 1:colcon.colcon_core.package_identification:_identify(src) by extension 'ignore_ament_install'
[0.412s] Level 1:colcon.colcon_core.package_identification:_identify(src) by extensions ['colcon_pkg']
[0.412s] Level 1:colcon.colcon_core.package_identification:_identify(src) by extension 'colcon_pkg'
[0.412s] Level 1:colcon.colcon_core.package_identification:_identify(src) by extensions ['colcon_meta']
[0.412s] Level 1:colcon.colcon_core.package_identification:_identify(src) by extension 'colcon_meta'
[0.412s] Level 1:colcon.colcon_core.package_identification:_identify(src) by extensions ['ros']
[0.412s] Level 1:colcon.colcon_core.package_identification:_identify(src) by extension 'ros'
[0.412s] Level 1:colcon.colcon_core.package_identification:_identify(src) by extensions ['cmake', 'python']
[0.412s] Level 1:colcon.colcon_core.package_identification:_identify(src) by extension 'cmake'
[0.412s] Level 1:colcon.colcon_core.package_identification:_identify(src) by extension 'python'
[0.412s] Level 1:colcon.colcon_core.package_identification:_identify(src) by extensions ['python_setup_py']
[0.412s] Level 1:colcon.colcon_core.package_identification:_identify(src) by extension 'python_setup_py'
[0.412s] Level 1:colcon.colcon_core.package_identification:_identify(src/build) by extensions ['ignore', 'ignore_ament_install']
[0.413s] Level 1:colcon.colcon_core.package_identification:_identify(src/build) by extension 'ignore'
[0.413s] Level 1:colcon.colcon_core.package_identification:_identify(src/build) ignored
[0.413s] Level 1:colcon.colcon_core.package_identification:_identify(src/install) by extensions ['ignore', 'ignore_ament_install']
[0.413s] Level 1:colcon.colcon_core.package_identification:_identify(src/install) by extension 'ignore'
[0.413s] Level 1:colcon.colcon_core.package_identification:_identify(src/install) ignored
[0.413s] Level 1:colcon.colcon_core.package_identification:_identify(src/log) by extensions ['ignore', 'ignore_ament_install']
[0.413s] Level 1:colcon.colcon_core.package_identification:_identify(src/log) by extension 'ignore'
[0.413s] Level 1:colcon.colcon_core.package_identification:_identify(src/log) ignored
[0.413s] Level 1:colcon.colcon_core.package_identification:_identify(src/navigation2_tutorials) by extensions ['ignore', 'ignore_ament_install']
[0.413s] Level 1:colcon.colcon_core.package_identification:_identify(src/navigation2_tutorials) by extension 'ignore'
[0.413s] Level 1:colcon.colcon_core.package_identification:_identify(src/navigation2_tutorials) by extension 'ignore_ament_install'
[0.413s] Level 1:colcon.colcon_core.package_identification:_identify(src/navigation2_tutorials) by extensions ['colcon_pkg']
[0.413s] Level 1:colcon.colcon_core.package_identification:_identify(src/navigation2_tutorials) by extension 'colcon_pkg'
[0.413s] Level 1:colcon.colcon_core.package_identification:_identify(src/navigation2_tutorials) by extensions ['colcon_meta']
[0.413s] Level 1:colcon.colcon_core.package_identification:_identify(src/navigation2_tutorials) by extension 'colcon_meta'
[0.413s] Level 1:colcon.colcon_core.package_identification:_identify(src/navigation2_tutorials) by extensions ['ros']
[0.413s] Level 1:colcon.colcon_core.package_identification:_identify(src/navigation2_tutorials) by extension 'ros'
[0.414s] Level 1:colcon.colcon_core.package_identification:_identify(src/navigation2_tutorials) by extensions ['cmake', 'python']
[0.414s] Level 1:colcon.colcon_core.package_identification:_identify(src/navigation2_tutorials) by extension 'cmake'
[0.414s] Level 1:colcon.colcon_core.package_identification:_identify(src/navigation2_tutorials) by extension 'python'
[0.414s] Level 1:colcon.colcon_core.package_identification:_identify(src/navigation2_tutorials) by extensions ['python_setup_py']
[0.414s] Level 1:colcon.colcon_core.package_identification:_identify(src/navigation2_tutorials) by extension 'python_setup_py'
[0.414s] Level 1:colcon.colcon_core.package_identification:_identify(src/navigation2_tutorials/build) by extensions ['ignore', 'ignore_ament_install']
[0.414s] Level 1:colcon.colcon_core.package_identification:_identify(src/navigation2_tutorials/build) by extension 'ignore'
[0.414s] Level 1:colcon.colcon_core.package_identification:_identify(src/navigation2_tutorials/build) ignored
[0.414s] Level 1:colcon.colcon_core.package_identification:_identify(src/navigation2_tutorials/install) by extensions ['ignore', 'ignore_ament_install']
[0.414s] Level 1:colcon.colcon_core.package_identification:_identify(src/navigation2_tutorials/install) by extension 'ignore'
[0.414s] Level 1:colcon.colcon_core.package_identification:_identify(src/navigation2_tutorials/install) ignored
[0.414s] Level 1:colcon.colcon_core.package_identification:_identify(src/navigation2_tutorials/log) by extensions ['ignore', 'ignore_ament_install']
[0.414s] Level 1:colcon.colcon_core.package_identification:_identify(src/navigation2_tutorials/log) by extension 'ignore'
[0.414s] Level 1:colcon.colcon_core.package_identification:_identify(src/navigation2_tutorials/log) ignored
[0.414s] Level 1:colcon.colcon_core.package_identification:_identify(src/navigation2_tutorials/nav2_gps_waypoint_follower_demo) by extensions ['ignore', 'ignore_ament_install']
[0.414s] Level 1:colcon.colcon_core.package_identification:_identify(src/navigation2_tutorials/nav2_gps_waypoint_follower_demo) by extension 'ignore'
[0.414s] Level 1:colcon.colcon_core.package_identification:_identify(src/navigation2_tutorials/nav2_gps_waypoint_follower_demo) by extension 'ignore_ament_install'
[0.414s] Level 1:colcon.colcon_core.package_identification:_identify(src/navigation2_tutorials/nav2_gps_waypoint_follower_demo) by extensions ['colcon_pkg']
[0.415s] Level 1:colcon.colcon_core.package_identification:_identify(src/navigation2_tutorials/nav2_gps_waypoint_follower_demo) by extension 'colcon_pkg'
[0.415s] Level 1:colcon.colcon_core.package_identification:_identify(src/navigation2_tutorials/nav2_gps_waypoint_follower_demo) by extensions ['colcon_meta']
[0.415s] Level 1:colcon.colcon_core.package_identification:_identify(src/navigation2_tutorials/nav2_gps_waypoint_follower_demo) by extension 'colcon_meta'
[0.415s] Level 1:colcon.colcon_core.package_identification:_identify(src/navigation2_tutorials/nav2_gps_waypoint_follower_demo) by extensions ['ros']
[0.415s] Level 1:colcon.colcon_core.package_identification:_identify(src/navigation2_tutorials/nav2_gps_waypoint_follower_demo) by extension 'ros'
[0.417s] DEBUG:colcon.colcon_core.package_identification:Package 'src/navigation2_tutorials/nav2_gps_waypoint_follower_demo' with type 'ros.ament_python' and name 'nav2_gps_waypoint_follower_demo'
[0.417s] Level 1:colcon.colcon_core.package_identification:_identify(src/navigation2_tutorials/nav2_gradient_costmap_plugin) by extensions ['ignore', 'ignore_ament_install']
[0.417s] Level 1:colcon.colcon_core.package_identification:_identify(src/navigation2_tutorials/nav2_gradient_costmap_plugin) by extension 'ignore'
[0.417s] Level 1:colcon.colcon_core.package_identification:_identify(src/navigation2_tutorials/nav2_gradient_costmap_plugin) by extension 'ignore_ament_install'
[0.417s] Level 1:colcon.colcon_core.package_identification:_identify(src/navigation2_tutorials/nav2_gradient_costmap_plugin) by extensions ['colcon_pkg']
[0.417s] Level 1:colcon.colcon_core.package_identification:_identify(src/navigation2_tutorials/nav2_gradient_costmap_plugin) by extension 'colcon_pkg'
[0.417s] Level 1:colcon.colcon_core.package_identification:_identify(src/navigation2_tutorials/nav2_gradient_costmap_plugin) by extensions ['colcon_meta']
[0.417s] Level 1:colcon.colcon_core.package_identification:_identify(src/navigation2_tutorials/nav2_gradient_costmap_plugin) by extension 'colcon_meta'
[0.417s] Level 1:colcon.colcon_core.package_identification:_identify(src/navigation2_tutorials/nav2_gradient_costmap_plugin) by extensions ['ros']
[0.417s] Level 1:colcon.colcon_core.package_identification:_identify(src/navigation2_tutorials/nav2_gradient_costmap_plugin) by extension 'ros'
[0.418s] DEBUG:colcon.colcon_core.package_identification:Package 'src/navigation2_tutorials/nav2_gradient_costmap_plugin' with type 'ros.ament_cmake' and name 'nav2_gradient_costmap_plugin'
[0.418s] Level 1:colcon.colcon_core.package_identification:_identify(src/navigation2_tutorials/nav2_straightline_planner) by extensions ['ignore', 'ignore_ament_install']
[0.418s] Level 1:colcon.colcon_core.package_identification:_identify(src/navigation2_tutorials/nav2_straightline_planner) by extension 'ignore'
[0.418s] Level 1:colcon.colcon_core.package_identification:_identify(src/navigation2_tutorials/nav2_straightline_planner) by extension 'ignore_ament_install'
[0.418s] Level 1:colcon.colcon_core.package_identification:_identify(src/navigation2_tutorials/nav2_straightline_planner) by extensions ['colcon_pkg']
[0.418s] Level 1:colcon.colcon_core.package_identification:_identify(src/navigation2_tutorials/nav2_straightline_planner) by extension 'colcon_pkg'
[0.418s] Level 1:colcon.colcon_core.package_identification:_identify(src/navigation2_tutorials/nav2_straightline_planner) by extensions ['colcon_meta']
[0.418s] Level 1:colcon.colcon_core.package_identification:_identify(src/navigation2_tutorials/nav2_straightline_planner) by extension 'colcon_meta'
[0.418s] Level 1:colcon.colcon_core.package_identification:_identify(src/navigation2_tutorials/nav2_straightline_planner) by extensions ['ros']
[0.418s] Level 1:colcon.colcon_core.package_identification:_identify(src/navigation2_tutorials/nav2_straightline_planner) by extension 'ros'
[0.419s] DEBUG:colcon.colcon_core.package_identification:Package 'src/navigation2_tutorials/nav2_straightline_planner' with type 'ros.ament_cmake' and name 'nav2_straightline_planner'
[0.420s] Level 1:colcon.colcon_core.package_identification:_identify(src/navigation2_tutorials/sam_bot_description) by extensions ['ignore', 'ignore_ament_install']
[0.420s] Level 1:colcon.colcon_core.package_identification:_identify(src/navigation2_tutorials/sam_bot_description) by extension 'ignore'
[0.420s] Level 1:colcon.colcon_core.package_identification:_identify(src/navigation2_tutorials/sam_bot_description) by extension 'ignore_ament_install'
[0.420s] Level 1:colcon.colcon_core.package_identification:_identify(src/navigation2_tutorials/sam_bot_description) by extensions ['colcon_pkg']
[0.420s] Level 1:colcon.colcon_core.package_identification:_identify(src/navigation2_tutorials/sam_bot_description) by extension 'colcon_pkg'
[0.420s] Level 1:colcon.colcon_core.package_identification:_identify(src/navigation2_tutorials/sam_bot_description) by extensions ['colcon_meta']
[0.420s] Level 1:colcon.colcon_core.package_identification:_identify(src/navigation2_tutorials/sam_bot_description) by extension 'colcon_meta'
[0.420s] Level 1:colcon.colcon_core.package_identification:_identify(src/navigation2_tutorials/sam_bot_description) by extensions ['ros']
[0.420s] Level 1:colcon.colcon_core.package_identification:_identify(src/navigation2_tutorials/sam_bot_description) by extension 'ros'
[0.420s] DEBUG:colcon.colcon_core.package_identification:Package 'src/navigation2_tutorials/sam_bot_description' with type 'ros.ament_cmake' and name 'sam_bot_description'
[0.420s] Level 1:colcon.colcon_core.package_discovery:discover_packages(recursive) using defaults
[0.420s] Level 1:colcon.colcon_core.package_discovery:discover_packages(ignore) discover
[0.420s] Level 1:colcon.colcon_core.package_discovery:discover_packages(ignore) using defaults
[0.420s] Level 1:colcon.colcon_core.package_discovery:discover_packages(path) discover
[0.420s] Level 1:colcon.colcon_core.package_discovery:discover_packages(path) using defaults
[0.450s] Level 5:colcon.colcon_core.verb:set package 'nav2_gps_waypoint_follower_demo' build argument 'cmake_args' from command line to 'None'
[0.450s] Level 5:colcon.colcon_core.verb:set package 'nav2_gps_waypoint_follower_demo' build argument 'cmake_target' from command line to 'None'
[0.450s] Level 5:colcon.colcon_core.verb:set package 'nav2_gps_waypoint_follower_demo' build argument 'cmake_target_skip_unavailable' from command line to 'False'
[0.450s] Level 5:colcon.colcon_core.verb:set package 'nav2_gps_waypoint_follower_demo' build argument 'cmake_clean_cache' from command line to 'False'
[0.450s] Level 5:colcon.colcon_core.verb:set package 'nav2_gps_waypoint_follower_demo' build argument 'cmake_clean_first' from command line to 'False'
[0.450s] Level 5:colcon.colcon_core.verb:set package 'nav2_gps_waypoint_follower_demo' build argument 'cmake_force_configure' from command line to 'False'
[0.450s] Level 5:colcon.colcon_core.verb:set package 'nav2_gps_waypoint_follower_demo' build argument 'ament_cmake_args' from command line to 'None'
[0.450s] Level 5:colcon.colcon_core.verb:set package 'nav2_gps_waypoint_follower_demo' build argument 'catkin_cmake_args' from command line to 'None'
[0.450s] Level 5:colcon.colcon_core.verb:set package 'nav2_gps_waypoint_follower_demo' build argument 'catkin_skip_building_tests' from command line to 'False'
[0.450s] DEBUG:colcon.colcon_core.verb:Building package 'nav2_gps_waypoint_follower_demo' with the following arguments: {'ament_cmake_args': None, 'build_base': '/home/umarv/ws/build/nav2_gps_waypoint_follower_demo', 'catkin_cmake_args': None, 'catkin_skip_building_tests': False, 'cmake_args': None, 'cmake_clean_cache': False, 'cmake_clean_first': False, 'cmake_force_configure': False, 'cmake_target': None, 'cmake_target_skip_unavailable': False, 'install_base': '/home/umarv/ws/install/nav2_gps_waypoint_follower_demo', 'merge_install': False, 'path': '/home/umarv/ws/src/navigation2_tutorials/nav2_gps_waypoint_follower_demo', 'symlink_install': False, 'test_result_base': None}
[0.454s] Level 5:colcon.colcon_core.verb:set package 'nav2_gradient_costmap_plugin' build argument 'cmake_args' from command line to 'None'
[0.454s] Level 5:colcon.colcon_core.verb:set package 'nav2_gradient_costmap_plugin' build argument 'cmake_target' from command line to 'None'
[0.454s] Level 5:colcon.colcon_core.verb:set package 'nav2_gradient_costmap_plugin' build argument 'cmake_target_skip_unavailable' from command line to 'False'
[0.454s] Level 5:colcon.colcon_core.verb:set package 'nav2_gradient_costmap_plugin' build argument 'cmake_clean_cache' from command line to 'False'
[0.454s] Level 5:colcon.colcon_core.verb:set package 'nav2_gradient_costmap_plugin' build argument 'cmake_clean_first' from command line to 'False'
[0.454s] Level 5:colcon.colcon_core.verb:set package 'nav2_gradient_costmap_plugin' build argument 'cmake_force_configure' from command line to 'False'
[0.454s] Level 5:colcon.colcon_core.verb:set package 'nav2_gradient_costmap_plugin' build argument 'ament_cmake_args' from command line to 'None'
[0.454s] Level 5:colcon.colcon_core.verb:set package 'nav2_gradient_costmap_plugin' build argument 'catkin_cmake_args' from command line to 'None'
[0.454s] Level 5:colcon.colcon_core.verb:set package 'nav2_gradient_costmap_plugin' build argument 'catkin_skip_building_tests' from command line to 'False'
[0.454s] DEBUG:colcon.colcon_core.verb:Building package 'nav2_gradient_costmap_plugin' with the following arguments: {'ament_cmake_args': None, 'build_base': '/home/umarv/ws/build/nav2_gradient_costmap_plugin', 'catkin_cmake_args': None, 'catkin_skip_building_tests': False, 'cmake_args': None, 'cmake_clean_cache': False, 'cmake_clean_first': False, 'cmake_force_configure': False, 'cmake_target': None, 'cmake_target_skip_unavailable': False, 'install_base': '/home/umarv/ws/install/nav2_gradient_costmap_plugin', 'merge_install': False, 'path': '/home/umarv/ws/src/navigation2_tutorials/nav2_gradient_costmap_plugin', 'symlink_install': False, 'test_result_base': None}
[0.458s] Level 5:colcon.colcon_core.verb:set package 'nav2_straightline_planner' build argument 'cmake_args' from command line to 'None'
[0.458s] Level 5:colcon.colcon_core.verb:set package 'nav2_straightline_planner' build argument 'cmake_target' from command line to 'None'
[0.458s] Level 5:colcon.colcon_core.verb:set package 'nav2_straightline_planner' build argument 'cmake_target_skip_unavailable' from command line to 'False'
[0.458s] Level 5:colcon.colcon_core.verb:set package 'nav2_straightline_planner' build argument 'cmake_clean_cache' from command line to 'False'
[0.458s] Level 5:colcon.colcon_core.verb:set package 'nav2_straightline_planner' build argument 'cmake_clean_first' from command line to 'False'
[0.458s] Level 5:colcon.colcon_core.verb:set package 'nav2_straightline_planner' build argument 'cmake_force_configure' from command line to 'False'
[0.458s] Level 5:colcon.colcon_core.verb:set package 'nav2_straightline_planner' build argument 'ament_cmake_args' from command line to 'None'
[0.458s] Level 5:colcon.colcon_core.verb:set package 'nav2_straightline_planner' build argument 'catkin_cmake_args' from command line to 'None'
[0.458s] Level 5:colcon.colcon_core.verb:set package 'nav2_straightline_planner' build argument 'catkin_skip_building_tests' from command line to 'False'
[0.458s] DEBUG:colcon.colcon_core.verb:Building package 'nav2_straightline_planner' with the following arguments: {'ament_cmake_args': None, 'build_base': '/home/umarv/ws/build/nav2_straightline_planner', 'catkin_cmake_args': None, 'catkin_skip_building_tests': False, 'cmake_args': None, 'cmake_clean_cache': False, 'cmake_clean_first': False, 'cmake_force_configure': False, 'cmake_target': None, 'cmake_target_skip_unavailable': False, 'install_base': '/home/umarv/ws/install/nav2_straightline_planner', 'merge_install': False, 'path': '/home/umarv/ws/src/navigation2_tutorials/nav2_straightline_planner', 'symlink_install': False, 'test_result_base': None}
[0.462s] Level 5:colcon.colcon_core.verb:set package 'sam_bot_description' build argument 'cmake_args' from command line to 'None'
[0.462s] Level 5:colcon.colcon_core.verb:set package 'sam_bot_description' build argument 'cmake_target' from command line to 'None'
[0.462s] Level 5:colcon.colcon_core.verb:set package 'sam_bot_description' build argument 'cmake_target_skip_unavailable' from command line to 'False'
[0.462s] Level 5:colcon.colcon_core.verb:set package 'sam_bot_description' build argument 'cmake_clean_cache' from command line to 'False'
[0.462s] Level 5:colcon.colcon_core.verb:set package 'sam_bot_description' build argument 'cmake_clean_first' from command line to 'False'
[0.462s] Level 5:colcon.colcon_core.verb:set package 'sam_bot_description' build argument 'cmake_force_configure' from command line to 'False'
[0.462s] Level 5:colcon.colcon_core.verb:set package 'sam_bot_description' build argument 'ament_cmake_args' from command line to 'None'
[0.462s] Level 5:colcon.colcon_core.verb:set package 'sam_bot_description' build argument 'catkin_cmake_args' from command line to 'None'
[0.462s] Level 5:colcon.colcon_core.verb:set package 'sam_bot_description' build argument 'catkin_skip_building_tests' from command line to 'False'
[0.462s] DEBUG:colcon.colcon_core.verb:Building package 'sam_bot_description' with the following arguments: {'ament_cmake_args': None, 'build_base': '/home/umarv/ws/build/sam_bot_description', 'catkin_cmake_args': None, 'catkin_skip_building_tests': False, 'cmake_args': None, 'cmake_clean_cache': False, 'cmake_clean_first': False, 'cmake_force_configure': False, 'cmake_target': None, 'cmake_target_skip_unavailable': False, 'install_base': '/home/umarv/ws/install/sam_bot_description', 'merge_install': False, 'path': '/home/umarv/ws/src/navigation2_tutorials/sam_bot_description', 'symlink_install': False, 'test_result_base': None}
[0.465s] INFO:colcon.colcon_core.executor:Executing jobs using 'parallel' executor
[0.470s] DEBUG:colcon.colcon_parallel_executor.executor.parallel:run_until_complete
[0.470s] INFO:colcon.colcon_ros.task.ament_python.build:Building ROS package in '/home/umarv/ws/src/navigation2_tutorials/nav2_gps_waypoint_follower_demo' with build type 'ament_python'
[0.470s] Level 1:colcon.colcon_core.shell:create_environment_hook('nav2_gps_waypoint_follower_demo', 'ament_prefix_path')
[0.477s] INFO:colcon.colcon_core.plugin_system:Skipping extension 'colcon_core.shell.bat': Not used on non-Windows systems
[0.477s] INFO:colcon.colcon_core.shell:Creating environment hook '/home/umarv/ws/install/nav2_gps_waypoint_follower_demo/share/nav2_gps_waypoint_follower_demo/hook/ament_prefix_path.ps1'
[0.477s] INFO:colcon.colcon_core.shell:Creating environment descriptor '/home/umarv/ws/install/nav2_gps_waypoint_follower_demo/share/nav2_gps_waypoint_follower_demo/hook/ament_prefix_path.dsv'
[0.478s] INFO:colcon.colcon_core.shell:Creating environment hook '/home/umarv/ws/install/nav2_gps_waypoint_follower_demo/share/nav2_gps_waypoint_follower_demo/hook/ament_prefix_path.sh'
[0.482s] INFO:colcon.colcon_core.shell:Skip shell extension 'powershell' for command environment: Not usable outside of PowerShell
[0.482s] DEBUG:colcon.colcon_core.shell:Skip shell extension 'dsv' for command environment
[0.489s] INFO:colcon.colcon_ros.task.ament_cmake.build:Building ROS package in '/home/umarv/ws/src/navigation2_tutorials/nav2_gradient_costmap_plugin' with build type 'ament_cmake'
[0.489s] INFO:colcon.colcon_cmake.task.cmake.build:Building CMake package in '/home/umarv/ws/src/navigation2_tutorials/nav2_gradient_costmap_plugin'
[0.494s] INFO:colcon.colcon_core.shell:Skip shell extension 'powershell' for command environment: Not usable outside of PowerShell
[0.495s] DEBUG:colcon.colcon_core.shell:Skip shell extension 'dsv' for command environment
[0.500s] INFO:colcon.colcon_ros.task.ament_cmake.build:Building ROS package in '/home/umarv/ws/src/navigation2_tutorials/nav2_straightline_planner' with build type 'ament_cmake'
[0.500s] INFO:colcon.colcon_cmake.task.cmake.build:Building CMake package in '/home/umarv/ws/src/navigation2_tutorials/nav2_straightline_planner'
[0.504s] INFO:colcon.colcon_core.shell:Skip shell extension 'powershell' for command environment: Not usable outside of PowerShell
[0.504s] DEBUG:colcon.colcon_core.shell:Skip shell extension 'dsv' for command environment
[0.510s] INFO:colcon.colcon_ros.task.ament_cmake.build:Building ROS package in '/home/umarv/ws/src/navigation2_tutorials/sam_bot_description' with build type 'ament_cmake'
[0.510s] INFO:colcon.colcon_cmake.task.cmake.build:Building CMake package in '/home/umarv/ws/src/navigation2_tutorials/sam_bot_description'
[0.515s] INFO:colcon.colcon_core.shell:Skip shell extension 'powershell' for command environment: Not usable outside of PowerShell
[0.515s] DEBUG:colcon.colcon_core.shell:Skip shell extension 'dsv' for command environment
[0.664s] INFO:colcon.colcon_core.task.python.build:Building Python package in '/home/umarv/ws/src/navigation2_tutorials/nav2_gps_waypoint_follower_demo'
[0.668s] INFO:colcon.colcon_core.shell:Skip shell extension 'powershell' for command environment: Not usable outside of PowerShell
[0.668s] DEBUG:colcon.colcon_core.shell:Skip shell extension 'dsv' for command environment
[0.681s] DEBUG:colcon.colcon_core.event_handler.log_command:Invoking command in '/home/umarv/ws/build/nav2_gradient_costmap_plugin': /usr/bin/cmake --build /home/umarv/ws/build/nav2_gradient_costmap_plugin -- -j8 -l8
[0.686s] DEBUG:colcon.colcon_core.event_handler.log_command:Invoking command in '/home/umarv/ws/build/nav2_straightline_planner': /usr/bin/cmake --build /home/umarv/ws/build/nav2_straightline_planner -- -j8 -l8
[0.692s] DEBUG:colcon.colcon_core.event_handler.log_command:Invoking command in '/home/umarv/ws/build/sam_bot_description': /usr/bin/cmake --build /home/umarv/ws/build/sam_bot_description -- -j8 -l8
[0.710s] DEBUG:colcon.colcon_core.event_handler.log_command:Invoked command in '/home/umarv/ws/build/sam_bot_description' returned '0': /usr/bin/cmake --build /home/umarv/ws/build/sam_bot_description -- -j8 -l8
[0.728s] DEBUG:colcon.colcon_core.event_handler.log_command:Invoking command in '/home/umarv/ws/build/sam_bot_description': /usr/bin/cmake --install /home/umarv/ws/build/sam_bot_description
[0.731s] DEBUG:colcon.colcon_core.event_handler.log_command:Invoked command in '/home/umarv/ws/build/nav2_gradient_costmap_plugin' returned '0': /usr/bin/cmake --build /home/umarv/ws/build/nav2_gradient_costmap_plugin -- -j8 -l8
[0.736s] Level 1:colcon.colcon_core.environment:create_environment_scripts_only(sam_bot_description)
[0.745s] DEBUG:colcon.colcon_core.event_handler.log_command:Invoked command in '/home/umarv/ws/build/sam_bot_description' returned '0': /usr/bin/cmake --install /home/umarv/ws/build/sam_bot_description
[0.750s] Level 1:colcon.colcon_core.environment:checking '/home/umarv/ws/install/sam_bot_description' for CMake module files
[0.751s] Level 1:colcon.colcon_core.environment:checking '/home/umarv/ws/install/sam_bot_description' for CMake config files
[0.751s] Level 1:colcon.colcon_core.shell:create_environment_hook('sam_bot_description', 'cmake_prefix_path')
[0.758s] INFO:colcon.colcon_core.shell:Creating environment hook '/home/umarv/ws/install/sam_bot_description/share/sam_bot_description/hook/cmake_prefix_path.ps1'
[0.758s] INFO:colcon.colcon_core.shell:Creating environment descriptor '/home/umarv/ws/install/sam_bot_description/share/sam_bot_description/hook/cmake_prefix_path.dsv'
[0.759s] INFO:colcon.colcon_core.shell:Creating environment hook '/home/umarv/ws/install/sam_bot_description/share/sam_bot_description/hook/cmake_prefix_path.sh'
[0.759s] Level 1:colcon.colcon_core.environment:checking '/home/umarv/ws/install/sam_bot_description/bin'
[0.759s] Level 1:colcon.colcon_core.environment:checking '/home/umarv/ws/install/sam_bot_description/lib/pkgconfig/sam_bot_description.pc'
[0.760s] Level 1:colcon.colcon_core.environment:checking '/home/umarv/ws/install/sam_bot_description/lib/python3.10/site-packages'
[0.760s] Level 1:colcon.colcon_core.environment:checking '/home/umarv/ws/install/sam_bot_description/bin'
[0.766s] INFO:colcon.colcon_core.shell:Creating package script '/home/umarv/ws/install/sam_bot_description/share/sam_bot_description/package.ps1'
[0.767s] INFO:colcon.colcon_core.shell:Creating package descriptor '/home/umarv/ws/install/sam_bot_description/share/sam_bot_description/package.dsv'
[0.768s] INFO:colcon.colcon_core.shell:Creating package script '/home/umarv/ws/install/sam_bot_description/share/sam_bot_description/package.sh'
[0.769s] INFO:colcon.colcon_core.shell:Creating package script '/home/umarv/ws/install/sam_bot_description/share/sam_bot_description/package.bash'
[0.769s] INFO:colcon.colcon_core.shell:Creating package script '/home/umarv/ws/install/sam_bot_description/share/sam_bot_description/package.zsh'
[0.770s] Level 1:colcon.colcon_core.environment:create_file_with_runtime_dependencies(/home/umarv/ws/install/sam_bot_description/share/colcon-core/packages/sam_bot_description)
[0.774s] DEBUG:colcon.colcon_core.event_handler.log_command:Invoking command in '/home/umarv/ws/build/nav2_gradient_costmap_plugin': /usr/bin/cmake --install /home/umarv/ws/build/nav2_gradient_costmap_plugin
[0.782s] Level 1:colcon.colcon_core.environment:create_environment_scripts_only(nav2_gradient_costmap_plugin)
[0.787s] DEBUG:colcon.colcon_core.event_handler.log_command:Invoked command in '/home/umarv/ws/build/nav2_gradient_costmap_plugin' returned '0': /usr/bin/cmake --install /home/umarv/ws/build/nav2_gradient_costmap_plugin
[0.790s] Level 1:colcon.colcon_core.environment:checking '/home/umarv/ws/install/nav2_gradient_costmap_plugin' for CMake module files
[0.790s] Level 1:colcon.colcon_core.environment:checking '/home/umarv/ws/install/nav2_gradient_costmap_plugin' for CMake config files
[0.791s] Level 1:colcon.colcon_core.shell:create_environment_hook('nav2_gradient_costmap_plugin', 'cmake_prefix_path')
[0.795s] INFO:colcon.colcon_core.shell:Creating environment hook '/home/umarv/ws/install/nav2_gradient_costmap_plugin/share/nav2_gradient_costmap_plugin/hook/cmake_prefix_path.ps1'
[0.795s] INFO:colcon.colcon_core.shell:Creating environment descriptor '/home/umarv/ws/install/nav2_gradient_costmap_plugin/share/nav2_gradient_costmap_plugin/hook/cmake_prefix_path.dsv'
[0.796s] INFO:colcon.colcon_core.shell:Creating environment hook '/home/umarv/ws/install/nav2_gradient_costmap_plugin/share/nav2_gradient_costmap_plugin/hook/cmake_prefix_path.sh'
[0.796s] Level 1:colcon.colcon_core.environment:checking '/home/umarv/ws/install/nav2_gradient_costmap_plugin/lib'
[0.797s] Level 1:colcon.colcon_core.shell:create_environment_hook('nav2_gradient_costmap_plugin', 'ld_library_path_lib')
[0.802s] INFO:colcon.colcon_core.shell:Creating environment hook '/home/umarv/ws/install/nav2_gradient_costmap_plugin/share/nav2_gradient_costmap_plugin/hook/ld_library_path_lib.ps1'
[0.802s] INFO:colcon.colcon_core.shell:Creating environment descriptor '/home/umarv/ws/install/nav2_gradient_costmap_plugin/share/nav2_gradient_costmap_plugin/hook/ld_library_path_lib.dsv'
[0.803s] INFO:colcon.colcon_core.shell:Creating environment hook '/home/umarv/ws/install/nav2_gradient_costmap_plugin/share/nav2_gradient_costmap_plugin/hook/ld_library_path_lib.sh'
[0.803s] Level 1:colcon.colcon_core.environment:checking '/home/umarv/ws/install/nav2_gradient_costmap_plugin/bin'
[0.803s] Level 1:colcon.colcon_core.environment:checking '/home/umarv/ws/install/nav2_gradient_costmap_plugin/lib/pkgconfig/nav2_gradient_costmap_plugin.pc'
[0.804s] Level 1:colcon.colcon_core.environment:checking '/home/umarv/ws/install/nav2_gradient_costmap_plugin/lib/python3.10/site-packages'
[0.804s] Level 1:colcon.colcon_core.environment:checking '/home/umarv/ws/install/nav2_gradient_costmap_plugin/bin'
[0.808s] INFO:colcon.colcon_core.shell:Creating package script '/home/umarv/ws/install/nav2_gradient_costmap_plugin/share/nav2_gradient_costmap_plugin/package.ps1'
[0.809s] INFO:colcon.colcon_core.shell:Creating package descriptor '/home/umarv/ws/install/nav2_gradient_costmap_plugin/share/nav2_gradient_costmap_plugin/package.dsv'
[0.809s] INFO:colcon.colcon_core.shell:Creating package script '/home/umarv/ws/install/nav2_gradient_costmap_plugin/share/nav2_gradient_costmap_plugin/package.sh'
[0.809s] INFO:colcon.colcon_core.shell:Creating package script '/home/umarv/ws/install/nav2_gradient_costmap_plugin/share/nav2_gradient_costmap_plugin/package.bash'
[0.809s] INFO:colcon.colcon_core.shell:Creating package script '/home/umarv/ws/install/nav2_gradient_costmap_plugin/share/nav2_gradient_costmap_plugin/package.zsh'
[0.810s] Level 1:colcon.colcon_core.environment:create_file_with_runtime_dependencies(/home/umarv/ws/install/nav2_gradient_costmap_plugin/share/colcon-core/packages/nav2_gradient_costmap_plugin)
[0.815s] Level 1:colcon.colcon_core.environment:create_environment_scripts_only(sam_bot_description)
[0.824s] Level 1:colcon.colcon_core.environment:checking '/home/umarv/ws/install/sam_bot_description' for CMake module files
[0.824s] Level 1:colcon.colcon_core.environment:checking '/home/umarv/ws/install/sam_bot_description' for CMake config files
[0.825s] Level 1:colcon.colcon_core.shell:create_environment_hook('sam_bot_description', 'cmake_prefix_path')
[0.829s] INFO:colcon.colcon_core.shell:Creating environment hook '/home/umarv/ws/install/sam_bot_description/share/sam_bot_description/hook/cmake_prefix_path.ps1'
[0.829s] INFO:colcon.colcon_core.shell:Creating environment descriptor '/home/umarv/ws/install/sam_bot_description/share/sam_bot_description/hook/cmake_prefix_path.dsv'
[0.829s] INFO:colcon.colcon_core.shell:Creating environment hook '/home/umarv/ws/install/sam_bot_description/share/sam_bot_description/hook/cmake_prefix_path.sh'
[0.830s] Level 1:colcon.colcon_core.environment:checking '/home/umarv/ws/install/sam_bot_description/bin'
[0.830s] Level 1:colcon.colcon_core.environment:checking '/home/umarv/ws/install/sam_bot_description/lib/pkgconfig/sam_bot_description.pc'
[0.830s] Level 1:colcon.colcon_core.environment:checking '/home/umarv/ws/install/sam_bot_description/lib/python3.10/site-packages'
[0.830s] Level 1:colcon.colcon_core.environment:checking '/home/umarv/ws/install/sam_bot_description/bin'
[0.836s] INFO:colcon.colcon_core.shell:Creating package script '/home/umarv/ws/install/sam_bot_description/share/sam_bot_description/package.ps1'
[0.837s] INFO:colcon.colcon_core.shell:Creating package descriptor '/home/umarv/ws/install/sam_bot_description/share/sam_bot_description/package.dsv'
[0.837s] INFO:colcon.colcon_core.shell:Creating package script '/home/umarv/ws/install/sam_bot_description/share/sam_bot_description/package.sh'
[0.838s] INFO:colcon.colcon_core.shell:Creating package script '/home/umarv/ws/install/sam_bot_description/share/sam_bot_description/package.bash'
[0.838s] INFO:colcon.colcon_core.shell:Creating package script '/home/umarv/ws/install/sam_bot_description/share/sam_bot_description/package.zsh'
[0.838s] Level 1:colcon.colcon_core.environment:create_file_with_runtime_dependencies(/home/umarv/ws/install/sam_bot_description/share/colcon-core/packages/sam_bot_description)
[0.845s] Level 1:colcon.colcon_core.environment:create_environment_scripts_only(nav2_gradient_costmap_plugin)
[0.851s] Level 1:colcon.colcon_core.environment:checking '/home/umarv/ws/install/nav2_gradient_costmap_plugin' for CMake module files
[0.852s] Level 1:colcon.colcon_core.environment:checking '/home/umarv/ws/install/nav2_gradient_costmap_plugin' for CMake config files
[0.852s] Level 1:colcon.colcon_core.shell:create_environment_hook('nav2_gradient_costmap_plugin', 'cmake_prefix_path')
[0.858s] INFO:colcon.colcon_core.shell:Creating environment hook '/home/umarv/ws/install/nav2_gradient_costmap_plugin/share/nav2_gradient_costmap_plugin/hook/cmake_prefix_path.ps1'
[0.859s] INFO:colcon.colcon_core.shell:Creating environment descriptor '/home/umarv/ws/install/nav2_gradient_costmap_plugin/share/nav2_gradient_costmap_plugin/hook/cmake_prefix_path.dsv'
[0.859s] INFO:colcon.colcon_core.shell:Creating environment hook '/home/umarv/ws/install/nav2_gradient_costmap_plugin/share/nav2_gradient_costmap_plugin/hook/cmake_prefix_path.sh'
[0.859s] Level 1:colcon.colcon_core.environment:checking '/home/umarv/ws/install/nav2_gradient_costmap_plugin/lib'
[0.859s] Level 1:colcon.colcon_core.shell:create_environment_hook('nav2_gradient_costmap_plugin', 'ld_library_path_lib')
[0.865s] INFO:colcon.colcon_core.shell:Creating environment hook '/home/umarv/ws/install/nav2_gradient_costmap_plugin/share/nav2_gradient_costmap_plugin/hook/ld_library_path_lib.ps1'
[0.865s] INFO:colcon.colcon_core.shell:Creating environment descriptor '/home/umarv/ws/install/nav2_gradient_costmap_plugin/share/nav2_gradient_costmap_plugin/hook/ld_library_path_lib.dsv'
[0.866s] INFO:colcon.colcon_core.shell:Creating environment hook '/home/umarv/ws/install/nav2_gradient_costmap_plugin/share/nav2_gradient_costmap_plugin/hook/ld_library_path_lib.sh'
[0.866s] Level 1:colcon.colcon_core.environment:checking '/home/umarv/ws/install/nav2_gradient_costmap_plugin/bin'
[0.866s] Level 1:colcon.colcon_core.environment:checking '/home/umarv/ws/install/nav2_gradient_costmap_plugin/lib/pkgconfig/nav2_gradient_costmap_plugin.pc'
[0.866s] Level 1:colcon.colcon_core.environment:checking '/home/umarv/ws/install/nav2_gradient_costmap_plugin/lib/python3.10/site-packages'
[0.866s] Level 1:colcon.colcon_core.environment:checking '/home/umarv/ws/install/nav2_gradient_costmap_plugin/bin'
[0.871s] INFO:colcon.colcon_core.shell:Creating package script '/home/umarv/ws/install/nav2_gradient_costmap_plugin/share/nav2_gradient_costmap_plugin/package.ps1'
[0.871s] INFO:colcon.colcon_core.shell:Creating package descriptor '/home/umarv/ws/install/nav2_gradient_costmap_plugin/share/nav2_gradient_costmap_plugin/package.dsv'
[0.872s] INFO:colcon.colcon_core.shell:Creating package script '/home/umarv/ws/install/nav2_gradient_costmap_plugin/share/nav2_gradient_costmap_plugin/package.sh'
[0.873s] INFO:colcon.colcon_core.shell:Creating package script '/home/umarv/ws/install/nav2_gradient_costmap_plugin/share/nav2_gradient_costmap_plugin/package.bash'
[0.873s] INFO:colcon.colcon_core.shell:Creating package script '/home/umarv/ws/install/nav2_gradient_costmap_plugin/share/nav2_gradient_costmap_plugin/package.zsh'
[0.873s] Level 1:colcon.colcon_core.environment:create_file_with_runtime_dependencies(/home/umarv/ws/install/nav2_gradient_costmap_plugin/share/colcon-core/packages/nav2_gradient_costmap_plugin)
[0.931s] DEBUG:colcon.colcon_core.event_handler.log_command:Invoking command in '/home/umarv/ws/src/navigation2_tutorials/nav2_gps_waypoint_follower_demo': PYTHONPATH=/home/umarv/ws/build/nav2_gps_waypoint_follower_demo/prefix_override:/home/umarv/ws/install/nav2_gps_waypoint_follower_demo/lib/python3.10/site-packages: /usr/bin/python3 setup.py egg_info --egg-base ../../../build/nav2_gps_waypoint_follower_demo build --build-base /home/umarv/ws/build/nav2_gps_waypoint_follower_demo/build install --record /home/umarv/ws/build/nav2_gps_waypoint_follower_demo/install.log --single-version-externally-managed
[1.158s] DEBUG:colcon.colcon_core.event_handler.log_command:Invoked command in '/home/umarv/ws/src/navigation2_tutorials/nav2_gps_waypoint_follower_demo' returned '0': PYTHONPATH=/home/umarv/ws/build/nav2_gps_waypoint_follower_demo/prefix_override:/home/umarv/ws/install/nav2_gps_waypoint_follower_demo/lib/python3.10/site-packages: /usr/bin/python3 setup.py egg_info --egg-base ../../../build/nav2_gps_waypoint_follower_demo build --build-base /home/umarv/ws/build/nav2_gps_waypoint_follower_demo/build install --record /home/umarv/ws/build/nav2_gps_waypoint_follower_demo/install.log --single-version-externally-managed
[1.164s] Level 1:colcon.colcon_core.environment:checking '/home/umarv/ws/install/nav2_gps_waypoint_follower_demo' for CMake module files
[1.164s] Level 1:colcon.colcon_core.environment:checking '/home/umarv/ws/install/nav2_gps_waypoint_follower_demo' for CMake config files
[1.165s] Level 1:colcon.colcon_core.environment:checking '/home/umarv/ws/install/nav2_gps_waypoint_follower_demo/lib'
[1.165s] Level 1:colcon.colcon_core.environment:checking '/home/umarv/ws/install/nav2_gps_waypoint_follower_demo/bin'
[1.165s] Level 1:colcon.colcon_core.environment:checking '/home/umarv/ws/install/nav2_gps_waypoint_follower_demo/lib/pkgconfig/nav2_gps_waypoint_follower_demo.pc'
[1.165s] Level 1:colcon.colcon_core.environment:checking '/home/umarv/ws/install/nav2_gps_waypoint_follower_demo/lib/python3.10/site-packages'
[1.165s] Level 1:colcon.colcon_core.shell:create_environment_hook('nav2_gps_waypoint_follower_demo', 'pythonpath')
[1.170s] INFO:colcon.colcon_core.shell:Creating environment hook '/home/umarv/ws/install/nav2_gps_waypoint_follower_demo/share/nav2_gps_waypoint_follower_demo/hook/pythonpath.ps1'
[1.171s] INFO:colcon.colcon_core.shell:Creating environment descriptor '/home/umarv/ws/install/nav2_gps_waypoint_follower_demo/share/nav2_gps_waypoint_follower_demo/hook/pythonpath.dsv'
[1.171s] INFO:colcon.colcon_core.shell:Creating environment hook '/home/umarv/ws/install/nav2_gps_waypoint_follower_demo/share/nav2_gps_waypoint_follower_demo/hook/pythonpath.sh'
[1.172s] Level 1:colcon.colcon_core.environment:checking '/home/umarv/ws/install/nav2_gps_waypoint_follower_demo/bin'
[1.172s] Level 1:colcon.colcon_core.environment:create_environment_scripts_only(nav2_gps_waypoint_follower_demo)
[1.178s] INFO:colcon.colcon_core.shell:Creating package script '/home/umarv/ws/install/nav2_gps_waypoint_follower_demo/share/nav2_gps_waypoint_follower_demo/package.ps1'
[1.179s] INFO:colcon.colcon_core.shell:Creating package descriptor '/home/umarv/ws/install/nav2_gps_waypoint_follower_demo/share/nav2_gps_waypoint_follower_demo/package.dsv'
[1.179s] INFO:colcon.colcon_core.shell:Creating package script '/home/umarv/ws/install/nav2_gps_waypoint_follower_demo/share/nav2_gps_waypoint_follower_demo/package.sh'
[1.180s] INFO:colcon.colcon_core.shell:Creating package script '/home/umarv/ws/install/nav2_gps_waypoint_follower_demo/share/nav2_gps_waypoint_follower_demo/package.bash'
[1.180s] INFO:colcon.colcon_core.shell:Creating package script '/home/umarv/ws/install/nav2_gps_waypoint_follower_demo/share/nav2_gps_waypoint_follower_demo/package.zsh'
[1.180s] Level 1:colcon.colcon_core.environment:create_file_with_runtime_dependencies(/home/umarv/ws/install/nav2_gps_waypoint_follower_demo/share/colcon-core/packages/nav2_gps_waypoint_follower_demo)
[4.650s] DEBUG:colcon.colcon_core.event_handler.log_command:Invoked command in '/home/umarv/ws/build/nav2_straightline_planner' returned '2': /usr/bin/cmake --build /home/umarv/ws/build/nav2_straightline_planner -- -j8 -l8
[4.674s] Level 1:colcon.colcon_core.environment:create_environment_scripts_only(nav2_straightline_planner)
[4.677s] Level 1:colcon.colcon_core.environment:checking '/home/umarv/ws/install/nav2_straightline_planner' for CMake module files
[4.678s] Level 1:colcon.colcon_core.environment:checking '/home/umarv/ws/install/nav2_straightline_planner' for CMake config files
[4.678s] Level 1:colcon.colcon_core.shell:create_environment_hook('nav2_straightline_planner', 'cmake_prefix_path')
[4.683s] INFO:colcon.colcon_core.shell:Creating environment hook '/home/umarv/ws/install/nav2_straightline_planner/share/nav2_straightline_planner/hook/cmake_prefix_path.ps1'
[4.683s] INFO:colcon.colcon_core.shell:Creating environment descriptor '/home/umarv/ws/install/nav2_straightline_planner/share/nav2_straightline_planner/hook/cmake_prefix_path.dsv'
[4.683s] INFO:colcon.colcon_core.shell:Creating environment hook '/home/umarv/ws/install/nav2_straightline_planner/share/nav2_straightline_planner/hook/cmake_prefix_path.sh'
[4.684s] Level 1:colcon.colcon_core.environment:checking '/home/umarv/ws/install/nav2_straightline_planner/lib'
[4.684s] Level 1:colcon.colcon_core.shell:create_environment_hook('nav2_straightline_planner', 'ld_library_path_lib')
[4.689s] INFO:colcon.colcon_core.shell:Creating environment hook '/home/umarv/ws/install/nav2_straightline_planner/share/nav2_straightline_planner/hook/ld_library_path_lib.ps1'
[4.689s] INFO:colcon.colcon_core.shell:Creating environment descriptor '/home/umarv/ws/install/nav2_straightline_planner/share/nav2_straightline_planner/hook/ld_library_path_lib.dsv'
[4.690s] INFO:colcon.colcon_core.shell:Creating environment hook '/home/umarv/ws/install/nav2_straightline_planner/share/nav2_straightline_planner/hook/ld_library_path_lib.sh'
[4.690s] Level 1:colcon.colcon_core.environment:checking '/home/umarv/ws/install/nav2_straightline_planner/bin'
[4.690s] Level 1:colcon.colcon_core.environment:checking '/home/umarv/ws/install/nav2_straightline_planner/lib/pkgconfig/nav2_straightline_planner.pc'
[4.690s] Level 1:colcon.colcon_core.environment:checking '/home/umarv/ws/install/nav2_straightline_planner/lib/python3.10/site-packages'
[4.691s] Level 1:colcon.colcon_core.environment:checking '/home/umarv/ws/install/nav2_straightline_planner/bin'
[4.695s] INFO:colcon.colcon_core.shell:Creating package script '/home/umarv/ws/install/nav2_straightline_planner/share/nav2_straightline_planner/package.ps1'
[4.696s] INFO:colcon.colcon_core.shell:Creating package descriptor '/home/umarv/ws/install/nav2_straightline_planner/share/nav2_straightline_planner/package.dsv'
[4.696s] INFO:colcon.colcon_core.shell:Creating package script '/home/umarv/ws/install/nav2_straightline_planner/share/nav2_straightline_planner/package.sh'
[4.697s] INFO:colcon.colcon_core.shell:Creating package script '/home/umarv/ws/install/nav2_straightline_planner/share/nav2_straightline_planner/package.bash'
[4.697s] INFO:colcon.colcon_core.shell:Creating package script '/home/umarv/ws/install/nav2_straightline_planner/share/nav2_straightline_planner/package.zsh'
[4.697s] Level 1:colcon.colcon_core.environment:create_file_with_runtime_dependencies(/home/umarv/ws/install/nav2_straightline_planner/share/colcon-core/packages/nav2_straightline_planner)
[4.708s] DEBUG:colcon.colcon_parallel_executor.executor.parallel:closing loop
[4.708s] DEBUG:colcon.colcon_parallel_executor.executor.parallel:loop closed
[4.708s] DEBUG:colcon.colcon_parallel_executor.executor.parallel:run_until_complete finished with '2'
[4.709s] DEBUG:colcon.colcon_core.event_reactor:joining thread
[4.719s] INFO:colcon.colcon_core.plugin_system:Skipping extension 'colcon_notification.desktop_notification.notify_send': Could not find 'notify-send'
[4.719s] INFO:colcon.colcon_core.plugin_system:Skipping extension 'colcon_notification.desktop_notification.terminal_notifier': Not used on non-Darwin systems
[4.719s] INFO:colcon.colcon_core.plugin_system:Skipping extension 'colcon_notification.desktop_notification.win32': Not used on non-Windows systems
[4.719s] INFO:colcon.colcon_notification.desktop_notification:Sending desktop notification using 'notify2'
[4.722s] DEBUG:colcon.colcon_notification.desktop_notification.notify2:Failed to initialize notify2: org.freedesktop.DBus.Error.Spawn.ExecFailed: /usr/bin/dbus-launch terminated abnormally without any error message
[4.723s] DEBUG:colcon.colcon_core.event_reactor:joined thread
[4.729s] INFO:colcon.colcon_core.shell:Creating prefix script '/home/umarv/ws/install/local_setup.ps1'
[4.731s] INFO:colcon.colcon_core.shell:Creating prefix util module '/home/umarv/ws/install/_local_setup_util_ps1.py'
[4.732s] INFO:colcon.colcon_core.shell:Creating prefix chain script '/home/umarv/ws/install/setup.ps1'
[4.738s] INFO:colcon.colcon_core.shell:Creating prefix script '/home/umarv/ws/install/local_setup.sh'
[4.739s] INFO:colcon.colcon_core.shell:Creating prefix util module '/home/umarv/ws/install/_local_setup_util_sh.py'
[4.739s] INFO:colcon.colcon_core.shell:Creating prefix chain script '/home/umarv/ws/install/setup.sh'
[4.745s] INFO:colcon.colcon_core.shell:Creating prefix script '/home/umarv/ws/install/local_setup.bash'
[4.745s] INFO:colcon.colcon_core.shell:Creating prefix chain script '/home/umarv/ws/install/setup.bash'
[4.751s] INFO:colcon.colcon_core.shell:Creating prefix script '/home/umarv/ws/install/local_setup.zsh'
[4.751s] INFO:colcon.colcon_core.shell:Creating prefix chain script '/home/umarv/ws/install/setup.zsh'
