[0.278s] Invoking command in '/home/umarv/ws/build/sam_bot_description': CMAKE_PREFIX_PATH=${CMAKE_PREFIX_PATH}:/home/umarv/ws/install/nav2_gps_waypoint_follower_demo:/opt/ros/humble /usr/bin/cmake --build /home/umarv/ws/build/sam_bot_description -- -j8 -l8
[0.309s] Invoked command in '/home/umarv/ws/build/sam_bot_description' returned '0': CMAKE_PREFIX_PATH=${CMAKE_PREFIX_PATH}:/home/umarv/ws/install/nav2_gps_waypoint_follower_demo:/opt/ros/humble /usr/bin/cmake --build /home/umarv/ws/build/sam_bot_description -- -j8 -l8
[0.334s] Invoking command in '/home/umarv/ws/build/sam_bot_description': CMAKE_PREFIX_PATH=${CMAKE_PREFIX_PATH}:/home/umarv/ws/install/nav2_gps_waypoint_follower_demo:/opt/ros/humble /usr/bin/cmake --install /home/umarv/ws/build/sam_bot_description
[0.340s] -- Install configuration: ""
[0.341s] -- Up-to-date: /home/umarv/ws/install/sam_bot_description/share/sam_bot_description/src
[0.341s] -- Up-to-date: /home/umarv/ws/install/sam_bot_description/share/sam_bot_description/src/description
[0.341s] -- Up-to-date: /home/umarv/ws/install/sam_bot_description/share/sam_bot_description/src/description/sam_bot_description.urdf
[0.342s] -- Up-to-date: /home/umarv/ws/install/sam_bot_description/share/sam_bot_description/launch
[0.342s] -- Up-to-date: /home/umarv/ws/install/sam_bot_description/share/sam_bot_description/launch/display.launch.py
[0.342s] -- Up-to-date: /home/umarv/ws/install/sam_bot_description/share/sam_bot_description/rviz
[0.342s] -- Up-to-date: /home/umarv/ws/install/sam_bot_description/share/sam_bot_description/rviz/urdf_config.rviz
[0.342s] -- Up-to-date: /home/umarv/ws/install/sam_bot_description/share/sam_bot_description/config
[0.342s] -- Up-to-date: /home/umarv/ws/install/sam_bot_description/share/sam_bot_description/config/nav2_params.yaml
[0.342s] -- Up-to-date: /home/umarv/ws/install/sam_bot_description/share/sam_bot_description/config/ekf.yaml
[0.342s] -- Up-to-date: /home/umarv/ws/install/sam_bot_description/share/sam_bot_description/world
[0.342s] -- Up-to-date: /home/umarv/ws/install/sam_bot_description/share/sam_bot_description/world/my_world.sdf
[0.343s] -- Up-to-date: /home/umarv/ws/install/sam_bot_description/share/ament_index/resource_index/package_run_dependencies/sam_bot_description
[0.344s] -- Up-to-date: /home/umarv/ws/install/sam_bot_description/share/ament_index/resource_index/parent_prefix_path/sam_bot_description
[0.344s] -- Up-to-date: /home/umarv/ws/install/sam_bot_description/share/sam_bot_description/environment/ament_prefix_path.sh
[0.346s] -- Up-to-date: /home/umarv/ws/install/sam_bot_description/share/sam_bot_description/environment/ament_prefix_path.dsv
[0.347s] -- Up-to-date: /home/umarv/ws/install/sam_bot_description/share/sam_bot_description/environment/path.sh
[0.347s] -- Up-to-date: /home/umarv/ws/install/sam_bot_description/share/sam_bot_description/environment/path.dsv
[0.347s] -- Up-to-date: /home/umarv/ws/install/sam_bot_description/share/sam_bot_description/local_setup.bash
[0.347s] -- Up-to-date: /home/umarv/ws/install/sam_bot_description/share/sam_bot_description/local_setup.sh
[0.347s] -- Up-to-date: /home/umarv/ws/install/sam_bot_description/share/sam_bot_description/local_setup.zsh
[0.347s] -- Up-to-date: /home/umarv/ws/install/sam_bot_description/share/sam_bot_description/local_setup.dsv
[0.347s] -- Installing: /home/umarv/ws/install/sam_bot_description/share/sam_bot_description/package.dsv
[0.348s] -- Up-to-date: /home/umarv/ws/install/sam_bot_description/share/ament_index/resource_index/packages/sam_bot_description
[0.348s] -- Up-to-date: /home/umarv/ws/install/sam_bot_description/share/sam_bot_description/cmake/sam_bot_descriptionConfig.cmake
[0.348s] -- Up-to-date: /home/umarv/ws/install/sam_bot_description/share/sam_bot_description/cmake/sam_bot_descriptionConfig-version.cmake
[0.348s] -- Up-to-date: /home/umarv/ws/install/sam_bot_description/share/sam_bot_description/package.xml
[0.348s] Invoked command in '/home/umarv/ws/build/sam_bot_description' returned '0': CMAKE_PREFIX_PATH=${CMAKE_PREFIX_PATH}:/home/umarv/ws/install/nav2_gps_waypoint_follower_demo:/opt/ros/humble /usr/bin/cmake --install /home/umarv/ws/build/sam_bot_description
