[0.182s] Invoking command in '/home/umarv/ws/build/nav2_straightline_planner': /usr/bin/cmake --build /home/umarv/ws/build/nav2_straightline_planner -- -j8 -l8
[0.213s] [35m[1mConsolidate compiler generated dependencies of target nav2_straightline_planner_plugin[0m
[0.242s] [ 33%] [32mBuilding CXX object CMakeFiles/nav2_straightline_planner_plugin.dir/src/rpastar.cpp.o[0m
[0.242s] [ 66%] [32mBuilding CXX object CMakeFiles/nav2_straightline_planner_plugin.dir/src/straight_line_planner.cpp.o[0m
[3.026s] In file included from [01m[K/home/umarv/ws/src/navigation2_tutorials/nav2_straightline_planner/src/rpastar.cpp:3[m[K:
[3.026s] [01m[K/home/umarv/ws/src/navigation2_tutorials/nav2_straightline_planner/include/nav2_straightline_planner/rpastar.h:[m[K In member function ‘[01m[Kconst bool& rpastar::Node::operator==(const rpastar::Node&)[m[K’:
[3.026s] [01m[K/home/umarv/ws/src/navigation2_tutorials/nav2_straightline_planner/include/nav2_straightline_planner/rpastar.h:42:36:[m[K [01;35m[Kwarning: [m[Kreturning reference to temporary [[01;35m[K-Wreturn-local-addr[m[K]
[3.026s]    42 |                 return [01;35m[Kthis->state == rhs.state[m[K;
[3.026s]       |                        [01;35m[K~~~~~~~~~~~~^~~~~~~~~~~~[m[K
[3.044s] In file included from [01m[K/opt/ros/humble/include/rclcpp/rclcpp/client.hpp:40[m[K,
[3.044s]                  from [01m[K/opt/ros/humble/include/rclcpp/rclcpp/callback_group.hpp:24[m[K,
[3.044s]                  from [01m[K/opt/ros/humble/include/rclcpp_lifecycle/rclcpp_lifecycle/lifecycle_node.hpp:55[m[K,
[3.044s]                  from [01m[K/opt/ros/humble/include/nav2_costmap_2d/costmap_2d_publisher.hpp:46[m[K,
[3.044s]                  from [01m[K/opt/ros/humble/include/nav2_costmap_2d/costmap_2d_ros.hpp:48[m[K,
[3.044s]                  from [01m[K/home/umarv/ws/src/navigation2_tutorials/nav2_straightline_planner/include/nav2_straightline_planner/rpastar.h:9[m[K,
[3.044s]                  from [01m[K/home/umarv/ws/src/navigation2_tutorials/nav2_straightline_planner/src/rpastar.cpp:3[m[K:
[3.045s] [01m[K/home/umarv/ws/src/navigation2_tutorials/nav2_straightline_planner/src/rpastar.cpp:[m[K In constructor ‘[01m[Krpastar::rpastar(std::pair<int, int>, std::pair<int, int>, nav2_costmap_2d::Costmap2D*)[m[K’:
[3.045s] [01m[K/home/umarv/ws/src/navigation2_tutorials/nav2_straightline_planner/src/rpastar.cpp:64:6:[m[K [01;31m[Kerror: [m[K‘[01m[Knode_[m[K’ was not declared in this scope; did you mean ‘[01m[Kmode_t[m[K’?
[3.045s]    64 |      [01;31m[Knode_[m[K->get_logger(), "ayo");
[3.045s]       |      [01;31m[K^~~~~[m[K
[3.045s] [01m[K/home/umarv/ws/src/navigation2_tutorials/nav2_straightline_planner/src/rpastar.cpp:63:5:[m[K [01;31m[Kerror: [m[Ktemplate argument 1 is invalid
[3.045s]    63 |     [01;31m[KRCLCPP_INFO[m[K(
[3.045s]       |     [01;31m[K^~~~~~~~~~~[m[K
[3.045s] [01m[K/home/umarv/ws/src/navigation2_tutorials/nav2_straightline_planner/src/rpastar.cpp:63:5:[m[K [01;31m[Kerror: [m[K‘[01m[K<declaration error>[m[K’ is not a template [[01;31m[K-fpermissive[m[K]
[3.045s]    63 |     [01;31m[KRCLCPP_INFO[m[K(
[3.045s]       |     [01;31m[K^~~~~~~~~~~[m[K
[3.045s] [01m[K/home/umarv/ws/src/navigation2_tutorials/nav2_straightline_planner/src/rpastar.cpp:63:5:[m[K [01;31m[Kerror: [m[Ktemplate argument 1 is invalid
[3.045s]    63 |     [01;31m[KRCLCPP_INFO[m[K(
[3.046s]       |     [01;31m[K^~~~~~~~~~~[m[K
[3.046s] [01m[K/home/umarv/ws/src/navigation2_tutorials/nav2_straightline_planner/src/rpastar.cpp:63:5:[m[K [01;31m[Kerror: [m[K‘[01m[K<declaration error>[m[K’ is not a template [[01;31m[K-fpermissive[m[K]
[3.046s]    63 |     [01;31m[KRCLCPP_INFO[m[K(
[3.046s]       |     [01;31m[K^~~~~~~~~~~[m[K
[3.046s] [01m[K/home/umarv/ws/src/navigation2_tutorials/nav2_straightline_planner/src/rpastar.cpp:63:5:[m[K [01;31m[Kerror: [m[Ktemplate argument 1 is invalid
[3.046s]    63 |     [01;31m[KRCLCPP_INFO[m[K(
[3.046s]       |     [01;31m[K^~~~~~~~~~~[m[K
[3.072s] In file included from [01m[K/home/umarv/ws/src/navigation2_tutorials/nav2_straightline_planner/src/straight_line_planner.cpp:49[m[K:
[3.072s] [01m[K/home/umarv/ws/src/navigation2_tutorials/nav2_straightline_planner/include/nav2_straightline_planner/rpastar.h:[m[K In member function ‘[01m[Kconst bool& rpastar::Node::operator==(const rpastar::Node&)[m[K’:
[3.073s] [01m[K/home/umarv/ws/src/navigation2_tutorials/nav2_straightline_planner/include/nav2_straightline_planner/rpastar.h:42:36:[m[K [01;35m[Kwarning: [m[Kreturning reference to temporary [[01;35m[K-Wreturn-local-addr[m[K]
[3.073s]    42 |                 return [01;35m[Kthis->state == rhs.state[m[K;
[3.073s]       |                        [01;35m[K~~~~~~~~~~~~^~~~~~~~~~~~[m[K
[3.073s] [01m[K/home/umarv/ws/src/navigation2_tutorials/nav2_straightline_planner/src/straight_line_planner.cpp:[m[K At global scope:
[3.073s] [01m[K/home/umarv/ws/src/navigation2_tutorials/nav2_straightline_planner/src/straight_line_planner.cpp:58:61:[m[K [01;31m[Kerror: [m[Kdefinition of ‘[01m[Kvoid StraightLine::configure(const WeakPtr&, std::string, std::shared_ptr<tf2_ros::Buffer>, std::shared_ptr<nav2_costmap_2d::Costmap2DROS>)[m[K’ is not in namespace enclosing ‘[01m[KStraightLine[m[K’ [[01;31m[K-fpermissive[m[K]
[3.073s]    58 |   std::shared_ptr<nav2_costmap_2d::Costmap2DROS> costmap_ros[01;31m[K)[m[K
[3.073s]       |                                                             [01;31m[K^[m[K
[3.078s] [01m[K/home/umarv/ws/src/navigation2_tutorials/nav2_straightline_planner/src/straight_line_planner.cpp:75:28:[m[K [01;31m[Kerror: [m[Kdefinition of ‘[01m[Kvoid StraightLine::cleanup()[m[K’ is not in namespace enclosing ‘[01m[KStraightLine[m[K’ [[01;31m[K-fpermissive[m[K]
[3.078s]    75 | void StraightLine::cleanup([01;31m[K)[m[K
[3.078s]       |                            [01;31m[K^[m[K
[3.078s] [01m[K/home/umarv/ws/src/navigation2_tutorials/nav2_straightline_planner/src/straight_line_planner.cpp:82:29:[m[K [01;31m[Kerror: [m[Kdefinition of ‘[01m[Kvoid StraightLine::activate()[m[K’ is not in namespace enclosing ‘[01m[KStraightLine[m[K’ [[01;31m[K-fpermissive[m[K]
[3.078s]    82 | void StraightLine::activate([01;31m[K)[m[K
[3.078s]       |                             [01;31m[K^[m[K
[3.079s] [01m[K/home/umarv/ws/src/navigation2_tutorials/nav2_straightline_planner/src/straight_line_planner.cpp:89:31:[m[K [01;31m[Kerror: [m[Kdefinition of ‘[01m[Kvoid StraightLine::deactivate()[m[K’ is not in namespace enclosing ‘[01m[KStraightLine[m[K’ [[01;31m[K-fpermissive[m[K]
[3.079s]    89 | void StraightLine::deactivate([01;31m[K)[m[K
[3.079s]       |                               [01;31m[K^[m[K
[3.079s] [01m[K/home/umarv/ws/src/navigation2_tutorials/nav2_straightline_planner/src/straight_line_planner.cpp:98:47:[m[K [01;31m[Kerror: [m[Kdefinition of ‘[01m[Knav_msgs::msg::Path StraightLine::createPlan(const PoseStamped&, const PoseStamped&)[m[K’ is not in namespace enclosing ‘[01m[KStraightLine[m[K’ [[01;31m[K-fpermissive[m[K]
[3.079s]    98 |   const geometry_msgs::msg::PoseStamped & goal[01;31m[K)[m[K
[3.079s]       |                                               [01;31m[K^[m[K
[3.083s] [01m[K/home/umarv/ws/src/navigation2_tutorials/nav2_straightline_planner/src/straight_line_planner.cpp:129:170:[m[K [01;31m[Kerror: [m[Kdefinition of ‘[01m[Kbool StraightLine::makePlan(const PoseStamped&, const PoseStamped&, std::vector<geometry_msgs::msg::PoseStamped_<std::allocator<void> >, std::allocator<geometry_msgs::msg::PoseStamped_<std::allocator<void> > > >&)[m[K’ is not in namespace enclosing ‘[01m[KStraightLine[m[K’ [[01;31m[K-fpermissive[m[K]
[3.083s]   129 | amped& start, const geometry_msgs::msg::PoseStamped& goal, std::vector<geometry_msgs::msg::PoseStamped>& plan[01;31m[K)[m[K{
[3.083s]       |                                                                                                              [01;31m[K^[m[K
[3.083s] 
[3.087s] [01m[K/home/umarv/ws/src/navigation2_tutorials/nav2_straightline_planner/src/straight_line_planner.cpp:173:162:[m[K [01;31m[Kerror: [m[Kdefinition of ‘[01m[Kvoid StraightLine::generate_path(const nav2_costmap_2d::Costmap2D*, std::vector<std::pair<int, int> >&, std::vector<geometry_msgs::msg::PoseStamped_<std::allocator<void> >, std::allocator<geometry_msgs::msg::PoseStamped_<std::allocator<void> > > >&)[m[K’ is not in namespace enclosing ‘[01m[KStraightLine[m[K’ [[01;31m[K-fpermissive[m[K]
[3.088s]   173 | _2d::Costmap2D* map, std::vector<std::pair<int,int>> &path, std::vector<geometry_msgs::msg::PoseStamped>& plan[01;31m[K)[m[K
[3.088s]       |                                                                                                               [01;31m[K^[m[K
[3.088s] 
[3.089s] In file included from [01m[K/opt/ros/humble/include/class_loader/class_loader/class_loader.hpp:56[m[K,
[3.089s]                  from [01m[K/opt/ros/humble/include/class_loader/class_loader/multi_library_class_loader.hpp:52[m[K,
[3.089s]                  from [01m[K/opt/ros/humble/include/pluginlib/pluginlib/class_loader.hpp:38[m[K,
[3.089s]                  from [01m[K/opt/ros/humble/include/nav2_costmap_2d/costmap_2d_ros.hpp:54[m[K,
[3.089s]                  from [01m[K/opt/ros/humble/include/nav2_core/global_planner.hpp:21[m[K,
[3.089s]                  from [01m[K/home/umarv/ws/src/navigation2_tutorials/nav2_straightline_planner/include/nav2_straightline_planner/straight_line_planner.hpp:51[m[K,
[3.089s]                  from [01m[K/home/umarv/ws/src/navigation2_tutorials/nav2_straightline_planner/src/straight_line_planner.cpp:48[m[K:
[3.089s] [01m[K/home/umarv/ws/src/navigation2_tutorials/nav2_straightline_planner/src/straight_line_planner.cpp:199:51:[m[K [01;31m[Kerror: [m[K‘[01m[KStraightLine[m[K’ in namespace ‘[01m[Knav2_straightline_planner[m[K’ does not name a type
[3.090s]   199 | PLUGINLIB_EXPORT_CLASS(nav2_straightline_planner::[01;31m[KStraightLine[m[K, nav2_core::GlobalPlanner)
[3.090s]       |                                                   [01;31m[K^~~~~~~~~~~~[m[K
[3.097s] [01m[K/home/umarv/ws/src/navigation2_tutorials/nav2_straightline_planner/src/straight_line_planner.cpp:[m[K In constructor ‘[01m[K{anonymous}::ProxyExec0::ProxyExec0()[m[K’:
[3.097s] [01m[K/home/umarv/ws/src/navigation2_tutorials/nav2_straightline_planner/src/straight_line_planner.cpp:199:1:[m[K [01;31m[Kerror: [m[K‘[01m[K_derived[m[K’ was not declared in this scope
[3.098s]   199 | [01;31m[KPLUGINLIB_EXPORT_CLASS[m[K(nav2_straightline_planner::StraightLine, nav2_core::GlobalPlanner)
[3.098s]       | [01;31m[K^~~~~~~~~~~~~~~~~~~~~~[m[K
[3.098s] [01m[K/home/umarv/ws/src/navigation2_tutorials/nav2_straightline_planner/src/straight_line_planner.cpp:199:1:[m[K [01;31m[Kerror: [m[Kno matching function for call to ‘[01m[KregisterPlugin<<expression error>, {anonymous}::ProxyExec0::_base>(const char [40], const char [25])[m[K’
[3.098s]   199 | [01;31m[KPLUGINLIB_EXPORT_CLASS[m[K(nav2_straightline_planner::StraightLine, nav2_core::GlobalPlanner)
[3.099s]       | [01;31m[K^~~~~~~~~~~~~~~~~~~~~~[m[K
[3.099s] In file included from [01m[K/opt/ros/humble/include/class_loader/class_loader/class_loader.hpp:55[m[K,
[3.099s]                  from [01m[K/opt/ros/humble/include/class_loader/class_loader/multi_library_class_loader.hpp:52[m[K,
[3.099s]                  from [01m[K/opt/ros/humble/include/pluginlib/pluginlib/class_loader.hpp:38[m[K,
[3.099s]                  from [01m[K/opt/ros/humble/include/nav2_costmap_2d/costmap_2d_ros.hpp:54[m[K,
[3.099s]                  from [01m[K/opt/ros/humble/include/nav2_core/global_planner.hpp:21[m[K,
[3.099s]                  from [01m[K/home/umarv/ws/src/navigation2_tutorials/nav2_straightline_planner/include/nav2_straightline_planner/straight_line_planner.hpp:51[m[K,
[3.099s]                  from [01m[K/home/umarv/ws/src/navigation2_tutorials/nav2_straightline_planner/src/straight_line_planner.cpp:48[m[K:
[3.099s] [01m[K/opt/ros/humble/include/class_loader/class_loader/class_loader_core.hpp:210:6:[m[K [01;36m[Knote: [m[Kcandidate: ‘[01m[Ktemplate<class Derived, class Base> void class_loader::impl::registerPlugin(const string&, const string&)[m[K’
[3.100s]   210 | void [01;36m[KregisterPlugin[m[K(const std::string & class_name, const std::string & base_class_name)
[3.100s]       |      [01;36m[K^~~~~~~~~~~~~~[m[K
[3.100s] [01m[K/opt/ros/humble/include/class_loader/class_loader/class_loader_core.hpp:210:6:[m[K [01;36m[Knote: [m[K  template argument deduction/substitution failed:
[3.100s] In file included from [01m[K/opt/ros/humble/include/class_loader/class_loader/class_loader.hpp:56[m[K,
[3.100s]                  from [01m[K/opt/ros/humble/include/class_loader/class_loader/multi_library_class_loader.hpp:52[m[K,
[3.100s]                  from [01m[K/opt/ros/humble/include/pluginlib/pluginlib/class_loader.hpp:38[m[K,
[3.100s]                  from [01m[K/opt/ros/humble/include/nav2_costmap_2d/costmap_2d_ros.hpp:54[m[K,
[3.100s]                  from [01m[K/opt/ros/humble/include/nav2_core/global_planner.hpp:21[m[K,
[3.100s]                  from [01m[K/home/umarv/ws/src/navigation2_tutorials/nav2_straightline_planner/include/nav2_straightline_planner/straight_line_planner.hpp:51[m[K,
[3.100s]                  from [01m[K/home/umarv/ws/src/navigation2_tutorials/nav2_straightline_planner/src/straight_line_planner.cpp:48[m[K:
[3.100s] [01m[K/home/umarv/ws/src/navigation2_tutorials/nav2_straightline_planner/src/straight_line_planner.cpp:199:1:[m[K [01;31m[Kerror: [m[Ktemplate argument 1 is invalid
[3.100s]   199 | [01;31m[KPLUGINLIB_EXPORT_CLASS[m[K(nav2_straightline_planner::StraightLine, nav2_core::GlobalPlanner)
[3.101s]       | [01;31m[K^~~~~~~~~~~~~~~~~~~~~~[m[K
[4.583s] gmake[2]: *** [CMakeFiles/nav2_straightline_planner_plugin.dir/build.make:76: CMakeFiles/nav2_straightline_planner_plugin.dir/src/straight_line_planner.cpp.o] Error 1
[4.583s] gmake[2]: *** Waiting for unfinished jobs....
[4.614s] gmake[2]: *** [CMakeFiles/nav2_straightline_planner_plugin.dir/build.make:90: CMakeFiles/nav2_straightline_planner_plugin.dir/src/rpastar.cpp.o] Error 1
[4.615s] gmake[1]: *** [CMakeFiles/Makefile2:137: CMakeFiles/nav2_straightline_planner_plugin.dir/all] Error 2
[4.615s] gmake: *** [Makefile:146: all] Error 2
[4.618s] Invoked command in '/home/umarv/ws/build/nav2_straightline_planner' returned '2': /usr/bin/cmake --build /home/umarv/ws/build/nav2_straightline_planner -- -j8 -l8
