[0.451s] Invoking command in '/home/umarv/ws/src/navigation2_tutorials/nav2_gps_waypoint_follower_demo': PYTHONPATH=/home/umarv/ws/build/nav2_gps_waypoint_follower_demo/prefix_override:/home/umarv/ws/install/nav2_gps_waypoint_follower_demo/lib/python3.10/site-packages: /usr/bin/python3 setup.py egg_info --egg-base ../../../build/nav2_gps_waypoint_follower_demo build --build-base /home/umarv/ws/build/nav2_gps_waypoint_follower_demo/build install --record /home/umarv/ws/build/nav2_gps_waypoint_follower_demo/install.log --single-version-externally-managed
[0.595s] running egg_info
[0.596s] writing ../../../build/nav2_gps_waypoint_follower_demo/nav2_gps_waypoint_follower_demo.egg-info/PKG-INFO
[0.596s] writing dependency_links to ../../../build/nav2_gps_waypoint_follower_demo/nav2_gps_waypoint_follower_demo.egg-info/dependency_links.txt
[0.596s] writing entry points to ../../../build/nav2_gps_waypoint_follower_demo/nav2_gps_waypoint_follower_demo.egg-info/entry_points.txt
[0.597s] writing requirements to ../../../build/nav2_gps_waypoint_follower_demo/nav2_gps_waypoint_follower_demo.egg-info/requires.txt
[0.597s] writing top-level names to ../../../build/nav2_gps_waypoint_follower_demo/nav2_gps_waypoint_follower_demo.egg-info/top_level.txt
[0.599s] reading manifest file '../../../build/nav2_gps_waypoint_follower_demo/nav2_gps_waypoint_follower_demo.egg-info/SOURCES.txt'
[0.600s] writing manifest file '../../../build/nav2_gps_waypoint_follower_demo/nav2_gps_waypoint_follower_demo.egg-info/SOURCES.txt'
[0.600s] running build
[0.600s] running build_py
[0.600s] running install
[0.601s] /usr/lib/python3/dist-packages/setuptools/command/install.py:34: SetuptoolsDeprecationWarning: setup.py install is deprecated. Use build and pip and other standards-based tools.
[0.601s]   warnings.warn(
[0.601s] running install_lib
[0.603s] running install_data
[0.604s] running install_egg_info
[0.606s] removing '/home/umarv/ws/install/nav2_gps_waypoint_follower_demo/lib/python3.10/site-packages/nav2_gps_waypoint_follower_demo-0.0.1-py3.10.egg-info' (and everything under it)
[0.606s] Copying ../../../build/nav2_gps_waypoint_follower_demo/nav2_gps_waypoint_follower_demo.egg-info to /home/umarv/ws/install/nav2_gps_waypoint_follower_demo/lib/python3.10/site-packages/nav2_gps_waypoint_follower_demo-0.0.1-py3.10.egg-info
[0.608s] running install_scripts
[0.639s] Installing gps_waypoint_logger script to /home/umarv/ws/install/nav2_gps_waypoint_follower_demo/lib/nav2_gps_waypoint_follower_demo
[0.640s] Installing interactive_waypoint_follower script to /home/umarv/ws/install/nav2_gps_waypoint_follower_demo/lib/nav2_gps_waypoint_follower_demo
[0.641s] Installing logged_waypoint_follower script to /home/umarv/ws/install/nav2_gps_waypoint_follower_demo/lib/nav2_gps_waypoint_follower_demo
[0.641s] writing list of installed files to '/home/umarv/ws/build/nav2_gps_waypoint_follower_demo/install.log'
[0.693s] Invoked command in '/home/umarv/ws/src/navigation2_tutorials/nav2_gps_waypoint_follower_demo' returned '0': PYTHONPATH=/home/umarv/ws/build/nav2_gps_waypoint_follower_demo/prefix_override:/home/umarv/ws/install/nav2_gps_waypoint_follower_demo/lib/python3.10/site-packages: /usr/bin/python3 setup.py egg_info --egg-base ../../../build/nav2_gps_waypoint_follower_demo build --build-base /home/umarv/ws/build/nav2_gps_waypoint_follower_demo/build install --record /home/umarv/ws/build/nav2_gps_waypoint_follower_demo/install.log --single-version-externally-managed
